#
# A fatal error has been detected by the Java Runtime Environment:
#
#  SIGSEGV (0xb) at pc=0x00007fffc42e7b5d, pid=3013, tid=0x0000000000000307
#
# JRE version: Java(TM) SE Runtime Environment (8.0_121-b13) (build 1.8.0_121-b13)
# Java VM: Java HotSpot(TM) 64-Bit Server VM (25.121-b13 mixed mode bsd-amd64 compressed oops)
# Problematic frame:
# C  [libobjc.A.dylib+0x6b5d]  objc_msgSend+0x1d
#
# Failed to write core dump. Core dumps have been disabled. To enable core dumping, try "ulimit -c unlimited" before starting Java again
#
# If you would like to submit a bug report, please visit:
#   http://bugreport.java.com/bugreport/crash.jsp
# The crash happened outside the Java Virtual Machine in native code.
# See problematic frame for where to report the bug.
#

---------------  T H R E A D  ---------------

Current thread (0x00007fe88690c800):  JavaThread "AWT-AppKit" daemon [_thread_in_native, id=775, stack(0x00007fff57c0a000,0x00007fff5840a000)]

siginfo: si_signo: 11 (SIGSEGV), si_code: 1 (SEGV_MAPERR), si_addr: 0x0000000000000018

Registers:
RAX=0x00007fe88c0ac870, RBX=0x000000012ac99450, RCX=0x00007fe888c00560, RDX=0x0000000000000000
RSP=0x00007fff58405478, RBP=0x00007fff58405530, RSI=0x00007fffaddd39af, RDI=0x00007fe88c11f160
R8 =0x0000000000000018, R9 =0x00007fe888c004e0, R10=0x0000000000000000, R11=0x00007fffaddd39af
R12=0x0000000000000000, R13=0x000000019a1264f0, R14=0x000000012ac99440, R15=0x00007fe88690c800
RIP=0x00007fffc42e7b5d, EFLAGS=0x0000000000010246, ERR=0x0000000000000004
  TRAPNO=0x000000000000000e

Top of Stack: (sp=0x00007fff58405478)
0x00007fff58405478:   000000012ac97157 00007fff584054d0
0x00007fff58405488:   0000000000000003 00007fff584054b0
0x00007fff58405498:   0000000107a65c62 000000019a1264f0
0x00007fff584054a8:   000000019a1264f0 00007fe88c0ac870
0x00007fff584054b8:   000000012ac996a0 000000012ac99710
0x00007fff584054c8:   00007fffca3486d0 00007fffcafb6030
0x00007fff584054d8:   000000012ac99450 000000012ac99690
0x00007fff584054e8:   00007fe88c0ac870 00007fe88c11f160
0x00007fff584054f8:   00007fe88654acb0 00007fe88c0ac870
0x00007fff58405508:   00007fe88c11f160 00007fff584055b8
0x00007fff58405518:   00007fe88690c9f8 000000019a1264f0
0x00007fff58405528:   00007fff584055e0 00007fff584055a8
0x00007fff58405538:   0000000111e639f4 000000019a1264f0
0x00007fff58405548:   00007fff584055e0 00007fff584055a8
0x00007fff58405558:   0000000111e63787 0000000111e63742
0x00007fff58405568:   00007fff58405568 000000019a1264f0
0x00007fff58405578:   00007fff584055e0 000000019a129128
0x00007fff58405588:   0000000000000000 000000019a1264f0
0x00007fff58405598:   0000000000000000 00007fff584055c8
0x00007fff584055a8:   00007fff58405628 0000000111e542bd
0x00007fff584055b8:   00000006c07e2e58 0000000111e5d538
0x00007fff584055c8:   00007fe88c0ac870 00007fff58405628
0x00007fff584055d8:   00007fe88c11f160 0000000111e5ee02
0x00007fff584055e8:   00007fff584055e8 000000019a1266ba
0x00007fff584055f8:   00007fff58405650 000000019a129128
0x00007fff58405608:   0000000000000000 000000019a1266c8
0x00007fff58405618:   00007fff584055c8 00007fff58405638
0x00007fff58405628:   00007fff58405698 0000000111e542bd
0x00007fff58405638:   00007fe88c0ac870 00000006c06e9e08
0x00007fff58405648:   00007fe88c11f160 00000006c06e9e08
0x00007fff58405658:   00007fff58405658 000000019f1026d6
0x00007fff58405668:   00007fff584056a8 000000019f102790 

Instructions: (pc=0x00007fffc42e7b5d)
0x00007fffc42e7b3d:   0f 1f 00 48 85 ff 2e 74 62 40 f6 c7 01 2e 75 66
0x00007fffc42e7b4d:   49 ba f8 ff ff ff ff 7f 00 00 4c 23 17 49 89 f3
0x00007fffc42e7b5d:   45 23 5a 18 49 c1 e3 04 4d 03 5a 10 49 3b 33 75
0x00007fffc42e7b6d:   04 41 ff 63 08 49 83 3b 01 76 0d 49 83 c3 10 49 

Register to memory mapping:

RAX=0x00007fe88c0ac870 is an unknown value
RBX=0x000000012ac99450: Java_jogamp_nativewindow_macosx_OSXUtil_GetScreenRefreshRate0+0x1cf0 in /private/var/folders/4_/yrvtrwb51qjbq8pt86jb9j9m0000gn/T/jogamp_0000/file_cache/jln5022633518576341671/jln3931405782636188345/libnativewindow_macosx.jnilib at 0x000000012ac92000
RCX=0x00007fe888c00560 is an unknown value
RDX=0x0000000000000000 is an unknown value
RSP=0x00007fff58405478 is pointing into the stack for thread: 0x00007fe88690c800
RBP=0x00007fff58405530 is pointing into the stack for thread: 0x00007fe88690c800
RSI=0x00007fffaddd39af: __NSStyleNameIndexTable+0x7f720 in /System/Library/Frameworks/AppKit.framework/Versions/C/AppKit at 0x00007fffad16c000
RDI=0x00007fe88c11f160 is an unknown value
R8 =0x0000000000000018 is an unknown value
R9 =0x00007fe888c004e0 is an unknown value
R10=0x0000000000000000 is an unknown value
R11=0x00007fffaddd39af: __NSStyleNameIndexTable+0x7f720 in /System/Library/Frameworks/AppKit.framework/Versions/C/AppKit at 0x00007fffad16c000
R12=0x0000000000000000 is an unknown value
R13={method} {0x000000019a1264f0} 'UnsetJAWTRootSurfaceLayer0' '(JJ)V' in 'jogamp/nativewindow/jawt/macosx/MacOSXJAWTWindow'
R14=0x000000012ac99440: Java_jogamp_nativewindow_macosx_OSXUtil_GetScreenRefreshRate0+0x1ce0 in /private/var/folders/4_/yrvtrwb51qjbq8pt86jb9j9m0000gn/T/jogamp_0000/file_cache/jln5022633518576341671/jln3931405782636188345/libnativewindow_macosx.jnilib at 0x000000012ac92000
R15=0x00007fe88690c800 is a thread


Stack: [0x00007fff57c0a000,0x00007fff5840a000],  sp=0x00007fff58405478,  free space=8173k
Native frames: (J=compiled Java code, j=interpreted, Vv=VM code, C=native code)
C  [libobjc.A.dylib+0x6b5d]  objc_msgSend+0x1d
j  jogamp.nativewindow.jawt.macosx.MacOSXJAWTWindow.UnsetJAWTRootSurfaceLayer0(JJ)V+0
j  jogamp.nativewindow.jawt.macosx.MacOSXJAWTWindow.access$200(JJ)V+2
j  jogamp.nativewindow.jawt.macosx.MacOSXJAWTWindow$1.run()V+38
j  com.jogamp.common.util.RunnableTask.run()V+24
v  ~StubRoutines::call_stub
V  [libjvm.dylib+0x2ed9d6]  JavaCalls::call_helper(JavaValue*, methodHandle*, JavaCallArguments*, Thread*)+0x6ae
V  [libjvm.dylib+0x324b65]  jni_invoke_nonstatic(JNIEnv_*, JavaValue*, _jobject*, JNICallType, _jmethodID*, JNI_ArgumentPusher*, Thread*)+0x2ec
V  [libjvm.dylib+0x317333]  jni_CallVoidMethod+0x16b
C  [libnativewindow_macosx.jnilib+0x5326]  Java_jogamp_nativewindow_jawt_macosx_MacOSXJAWTWindow_UnsetJAWTRootSurfaceLayer0+0x2b6
C  [Foundation+0x7188a]  __NSThreadPerformPerform+0x146
C  [CoreFoundation+0xa7981]  __CFRUNLOOP_IS_CALLING_OUT_TO_A_SOURCE0_PERFORM_FUNCTION__+0x11
C  [CoreFoundation+0x889f7]  __CFRunLoopDoSources0+0x1a7
C  [CoreFoundation+0x87f76]  __CFRunLoopRun+0x3a6
C  [CoreFoundation+0x87974]  CFRunLoopRunSpecific+0x1a4
C  [HIToolbox+0x30a5c]  RunCurrentEventLoopInMode+0xf0
C  [HIToolbox+0x30799]  ReceiveNextEventCommon+0xb8
C  [HIToolbox+0x306c6]  _BlockUntilNextEventMatchingListInModeWithFilter+0x47
C  [AppKit+0x475b4]  _DPSNextEvent+0x460
C  [AppKit+0x7c1d6b]  -[NSApplication(NSEvent) _nextEventMatchingEventMask:untilDate:inMode:dequeue:]+0xae5
C  [libosxapp.dylib+0x23aa]  -[NSApplicationAWT nextEventMatchingMask:untilDate:inMode:dequeue:]+0x7c
C  [AppKit+0x3bf35]  -[NSApplication run]+0x39e
C  [libosxapp.dylib+0x214d]  +[NSApplicationAWT runAWTLoopWithApp:]+0x9c
C  [libawt_lwawt.dylib+0x45ff7]  -[AWTStarter starter:]+0x389
C  [Foundation+0x7188a]  __NSThreadPerformPerform+0x146
C  [CoreFoundation+0xa7981]  __CFRUNLOOP_IS_CALLING_OUT_TO_A_SOURCE0_PERFORM_FUNCTION__+0x11
C  [CoreFoundation+0x88a7d]  __CFRunLoopDoSources0+0x22d
C  [CoreFoundation+0x87f76]  __CFRunLoopRun+0x3a6
C  [CoreFoundation+0x87974]  CFRunLoopRunSpecific+0x1a4
C  [java+0x6465]  CreateExecutionEnvironment+0x367
C  [java+0x218c]  JLI_Launch+0x7a0
C  [java+0x84c2]  main+0x65
C  [java+0x19e4]  start+0x34
C  0x0000000000000007

Java frames: (J=compiled Java code, j=interpreted, Vv=VM code)
j  jogamp.nativewindow.jawt.macosx.MacOSXJAWTWindow.UnsetJAWTRootSurfaceLayer0(JJ)V+0
j  jogamp.nativewindow.jawt.macosx.MacOSXJAWTWindow.access$200(JJ)V+2
j  jogamp.nativewindow.jawt.macosx.MacOSXJAWTWindow$1.run()V+38
j  com.jogamp.common.util.RunnableTask.run()V+24
v  ~StubRoutines::call_stub

---------------  P R O C E S S  ---------------

Java Threads: ( => current thread )
  0x00007fe88c9ac000 JavaThread "Thread-97" [_thread_blocked, id=83455, stack(0x00007000112d4000,0x00007000113d4000)]
  0x00007fe88692b000 JavaThread "AWT-EventQueue-1" [_thread_in_native, id=72791, stack(0x000070001114e000,0x000070001124e000)]
  0x00007fe887aa9000 JavaThread "DestroyJavaVM" [_thread_blocked, id=3587, stack(0x000070000f97d000,0x000070000fa7d000)]
  0x00007fe8869c8800 JavaThread "AWT-EventQueue-0" [_thread_blocked, id=59167, stack(0x0000700010f48000,0x0000700011048000)]
  0x00007fe888193800 JavaThread "Java2D Disposer" daemon [_thread_blocked, id=58635, stack(0x0000700010cbf000,0x0000700010dbf000)]
  0x00007fe8870c8000 JavaThread "Java2D Queue Flusher" daemon [_thread_blocked, id=58383, stack(0x0000700010bbc000,0x0000700010cbc000)]
  0x00007fe8880c5800 JavaThread "AWT-Shutdown" [_thread_blocked, id=30239, stack(0x00007000109b3000,0x0000700010ab3000)]
=>0x00007fe88690c800 JavaThread "AWT-AppKit" daemon [_thread_in_native, id=775, stack(0x00007fff57c0a000,0x00007fff5840a000)]
  0x00007fe88684f000 JavaThread "Service Thread" daemon [_thread_blocked, id=18691, stack(0x000070001072a000,0x000070001082a000)]
  0x00007fe887814800 JavaThread "C1 CompilerThread2" daemon [_thread_blocked, id=18179, stack(0x0000700010627000,0x0000700010727000)]
  0x00007fe887033800 JavaThread "C2 CompilerThread1" daemon [_thread_blocked, id=17667, stack(0x0000700010524000,0x0000700010624000)]
  0x00007fe888036800 JavaThread "C2 CompilerThread0" daemon [_thread_blocked, id=17155, stack(0x0000700010421000,0x0000700010521000)]
  0x00007fe888035000 JavaThread "Signal Dispatcher" daemon [_thread_blocked, id=16643, stack(0x000070001031e000,0x000070001041e000)]
  0x00007fe887015000 JavaThread "Finalizer" daemon [_thread_blocked, id=12547, stack(0x000070001021b000,0x000070001031b000)]
  0x00007fe887012800 JavaThread "Reference Handler" daemon [_thread_blocked, id=12035, stack(0x0000700010118000,0x0000700010218000)]

Other Threads:
  0x00007fe887010000 VMThread [stack: 0x0000700010015000,0x0000700010115000] [id=11523]
  0x00007fe887802800 WatcherThread [stack: 0x000070001082d000,0x000070001092d000] [id=19203]

VM state:not at safepoint (normal execution)

VM Mutex/Monitor currently owned by a thread: None

Heap:
 PSYoungGen      total 37376K, used 26965K [0x000000076ab00000, 0x000000076d080000, 0x00000007c0000000)
  eden space 36864K, 73% used [0x000000076ab00000,0x000000076c54d6d0,0x000000076cf00000)
  from space 512K, 6% used [0x000000076cf80000,0x000000076cf88000,0x000000076d000000)
  to   space 512K, 0% used [0x000000076d000000,0x000000076d000000,0x000000076d080000)
 ParOldGen       total 122368K, used 37767K [0x00000006c0000000, 0x00000006c7780000, 0x000000076ab00000)
  object space 122368K, 30% used [0x00000006c0000000,0x00000006c24e1c78,0x00000006c7780000)
 Metaspace       used 21599K, capacity 21835K, committed 22064K, reserved 1069056K
  class space    used 2090K, capacity 2170K, committed 2176K, reserved 1048576K

Card table byte_map: [0x00000001095c0000,0x0000000109dc1000] byte_map_base: 0x0000000105fc0000

Marking Bits: (ParMarkBitMap*) 0x0000000108163d30
 Begin Bits: [0x0000000120e4c000, 0x0000000124e4c000)
 End Bits:   [0x0000000124e4c000, 0x0000000128e4c000)

Polling page: 0x0000000108858000

CodeCache: size=245760Kb used=9391Kb max_used=10351Kb free=236368Kb
 bounds [0x0000000111e4c000, 0x000000011289c000, 0x0000000120e4c000]
 total_blobs=3590 nmethods=2687 adapters=816
 compilation: enabled

Compilation events (10 events):
Event: 21275.239 Thread 0x00007fe887814800 3381       3       sun.java2d.pipe.RenderBuffer::putFloat (26 bytes)
Event: 21275.239 Thread 0x00007fe887814800 nmethod 3381 0x00000001120f9e90 code [0x00000001120fa000, 0x00000001120fa190]
Event: 21275.265 Thread 0x00007fe887814800 3384       3       sun.net.www.protocol.jar.Handler::indexOfBangSlash (52 bytes)
Event: 21275.266 Thread 0x00007fe887814800 nmethod 3384 0x00000001120949d0 code [0x0000000112094b80, 0x00000001120952b8]
Event: 21275.266 Thread 0x00007fe887814800 3383       3       sun.net.www.protocol.jar.Handler::parseContextSpec (154 bytes)
Event: 21275.271 Thread 0x00007fe887814800 nmethod 3383 0x000000011276b490 code [0x000000011276b880, 0x000000011276df68]
Event: 21275.271 Thread 0x00007fe887814800 3385       3       sun.net.www.ParseUtil::canonizeString (195 bytes)
Event: 21275.273 Thread 0x00007fe887814800 nmethod 3385 0x0000000112377bd0 code [0x0000000112377fa0, 0x000000011237a3e8]
Event: 21275.273 Thread 0x00007fe887814800 3386       3       java.net.URLStreamHandler::setURL (159 bytes)
Event: 21275.278 Thread 0x00007fe887814800 nmethod 3386 0x00000001125d4c90 code [0x00000001125d4f20, 0x00000001125d6288]

GC Heap History (10 events):
Event: 21253.675 GC heap before
{Heap before GC invocations=4732 (full 1):
 PSYoungGen      total 37376K, used 36928K [0x000000076ab00000, 0x000000076d080000, 0x00000007c0000000)
  eden space 36864K, 100% used [0x000000076ab00000,0x000000076cf00000,0x000000076cf00000)
  from space 512K, 12% used [0x000000076d000000,0x000000076d010000,0x000000076d080000)
  to   space 512K, 0% used [0x000000076cf80000,0x000000076cf80000,0x000000076d000000)
 ParOldGen       total 122368K, used 37767K [0x00000006c0000000, 0x00000006c7780000, 0x000000076ab00000)
  object space 122368K, 30% used [0x00000006c0000000,0x00000006c24e1c78,0x00000006c7780000)
 Metaspace       used 21570K, capacity 21835K, committed 22064K, reserved 1069056K
  class space    used 2084K, capacity 2170K, committed 2176K, reserved 1048576K
Event: 21253.677 GC heap after
Heap after GC invocations=4732 (full 1):
 PSYoungGen      total 37376K, used 64K [0x000000076ab00000, 0x000000076d080000, 0x00000007c0000000)
  eden space 36864K, 0% used [0x000000076ab00000,0x000000076ab00000,0x000000076cf00000)
  from space 512K, 12% used [0x000000076cf80000,0x000000076cf90000,0x000000076d000000)
  to   space 512K, 0% used [0x000000076d000000,0x000000076d000000,0x000000076d080000)
 ParOldGen       total 122368K, used 37767K [0x00000006c0000000, 0x00000006c7780000, 0x000000076ab00000)
  object space 122368K, 30% used [0x00000006c0000000,0x00000006c24e1c78,0x00000006c7780000)
 Metaspace       used 21570K, capacity 21835K, committed 22064K, reserved 1069056K
  class space    used 2084K, capacity 2170K, committed 2176K, reserved 1048576K
}
Event: 21258.041 GC heap before
{Heap before GC invocations=4733 (full 1):
 PSYoungGen      total 37376K, used 36928K [0x000000076ab00000, 0x000000076d080000, 0x00000007c0000000)
  eden space 36864K, 100% used [0x000000076ab00000,0x000000076cf00000,0x000000076cf00000)
  from space 512K, 12% used [0x000000076cf80000,0x000000076cf90000,0x000000076d000000)
  to   space 512K, 0% used [0x000000076d000000,0x000000076d000000,0x000000076d080000)
 ParOldGen       total 122368K, used 37767K [0x00000006c0000000, 0x00000006c7780000, 0x000000076ab00000)
  object space 122368K, 30% used [0x00000006c0000000,0x00000006c24e1c78,0x00000006c7780000)
 Metaspace       used 21570K, capacity 21835K, committed 22064K, reserved 1069056K
  class space    used 2084K, capacity 2170K, committed 2176K, reserved 1048576K
Event: 21258.044 GC heap after
Heap after GC invocations=4733 (full 1):
 PSYoungGen      total 37376K, used 96K [0x000000076ab00000, 0x000000076d080000, 0x00000007c0000000)
  eden space 36864K, 0% used [0x000000076ab00000,0x000000076ab00000,0x000000076cf00000)
  from space 512K, 18% used [0x000000076d000000,0x000000076d018000,0x000000076d080000)
  to   space 512K, 0% used [0x000000076cf80000,0x000000076cf80000,0x000000076d000000)
 ParOldGen       total 122368K, used 37767K [0x00000006c0000000, 0x00000006c7780000, 0x000000076ab00000)
  object space 122368K, 30% used [0x00000006c0000000,0x00000006c24e1c78,0x00000006c7780000)
 Metaspace       used 21570K, capacity 21835K, committed 22064K, reserved 1069056K
  class space    used 2084K, capacity 2170K, committed 2176K, reserved 1048576K
}
Event: 21262.395 GC heap before
{Heap before GC invocations=4734 (full 1):
 PSYoungGen      total 37376K, used 36960K [0x000000076ab00000, 0x000000076d080000, 0x00000007c0000000)
  eden space 36864K, 100% used [0x000000076ab00000,0x000000076cf00000,0x000000076cf00000)
  from space 512K, 18% used [0x000000076d000000,0x000000076d018000,0x000000076d080000)
  to   space 512K, 0% used [0x000000076cf80000,0x000000076cf80000,0x000000076d000000)
 ParOldGen       total 122368K, used 37767K [0x00000006c0000000, 0x00000006c7780000, 0x000000076ab00000)
  object space 122368K, 30% used [0x00000006c0000000,0x00000006c24e1c78,0x00000006c7780000)
 Metaspace       used 21570K, capacity 21835K, committed 22064K, reserved 1069056K
  class space    used 2084K, capacity 2170K, committed 2176K, reserved 1048576K
Event: 21262.399 GC heap after
Heap after GC invocations=4734 (full 1):
 PSYoungGen      total 37376K, used 32K [0x000000076ab00000, 0x000000076d080000, 0x00000007c0000000)
  eden space 36864K, 0% used [0x000000076ab00000,0x000000076ab00000,0x000000076cf00000)
  from space 512K, 6% used [0x000000076cf80000,0x000000076cf88000,0x000000076d000000)
  to   space 512K, 0% used [0x000000076d000000,0x000000076d000000,0x000000076d080000)
 ParOldGen       total 122368K, used 37767K [0x00000006c0000000, 0x00000006c7780000, 0x000000076ab00000)
  object space 122368K, 30% used [0x00000006c0000000,0x00000006c24e1c78,0x00000006c7780000)
 Metaspace       used 21570K, capacity 21835K, committed 22064K, reserved 1069056K
  class space    used 2084K, capacity 2170K, committed 2176K, reserved 1048576K
}
Event: 21266.762 GC heap before
{Heap before GC invocations=4735 (full 1):
 PSYoungGen      total 37376K, used 36896K [0x000000076ab00000, 0x000000076d080000, 0x00000007c0000000)
  eden space 36864K, 100% used [0x000000076ab00000,0x000000076cf00000,0x000000076cf00000)
  from space 512K, 6% used [0x000000076cf80000,0x000000076cf88000,0x000000076d000000)
  to   space 512K, 0% used [0x000000076d000000,0x000000076d000000,0x000000076d080000)
 ParOldGen       total 122368K, used 37767K [0x00000006c0000000, 0x00000006c7780000, 0x000000076ab00000)
  object space 122368K, 30% used [0x00000006c0000000,0x00000006c24e1c78,0x00000006c7780000)
 Metaspace       used 21570K, capacity 21835K, committed 22064K, reserved 1069056K
  class space    used 2084K, capacity 2170K, committed 2176K, reserved 1048576K
Event: 21266.764 GC heap after
Heap after GC invocations=4735 (full 1):
 PSYoungGen      total 37376K, used 64K [0x000000076ab00000, 0x000000076d080000, 0x00000007c0000000)
  eden space 36864K, 0% used [0x000000076ab00000,0x000000076ab00000,0x000000076cf00000)
  from space 512K, 12% used [0x000000076d000000,0x000000076d010000,0x000000076d080000)
  to   space 512K, 0% used [0x000000076cf80000,0x000000076cf80000,0x000000076d000000)
 ParOldGen       total 122368K, used 37767K [0x00000006c0000000, 0x00000006c7780000, 0x000000076ab00000)
  object space 122368K, 30% used [0x00000006c0000000,0x00000006c24e1c78,0x00000006c7780000)
 Metaspace       used 21570K, capacity 21835K, committed 22064K, reserved 1069056K
  class space    used 2084K, capacity 2170K, committed 2176K, reserved 1048576K
}
Event: 21271.705 GC heap before
{Heap before GC invocations=4736 (full 1):
 PSYoungGen      total 37376K, used 36928K [0x000000076ab00000, 0x000000076d080000, 0x00000007c0000000)
  eden space 36864K, 100% used [0x000000076ab00000,0x000000076cf00000,0x000000076cf00000)
  from space 512K, 12% used [0x000000076d000000,0x000000076d010000,0x000000076d080000)
  to   space 512K, 0% used [0x000000076cf80000,0x000000076cf80000,0x000000076d000000)
 ParOldGen       total 122368K, used 37767K [0x00000006c0000000, 0x00000006c7780000, 0x000000076ab00000)
  object space 122368K, 30% used [0x00000006c0000000,0x00000006c24e1c78,0x00000006c7780000)
 Metaspace       used 21570K, capacity 21835K, committed 22064K, reserved 1069056K
  class space    used 2084K, capacity 2170K, committed 2176K, reserved 1048576K
Event: 21271.717 GC heap after
Heap after GC invocations=4736 (full 1):
 PSYoungGen      total 37376K, used 32K [0x000000076ab00000, 0x000000076d080000, 0x00000007c0000000)
  eden space 36864K, 0% used [0x000000076ab00000,0x000000076ab00000,0x000000076cf00000)
  from space 512K, 6% used [0x000000076cf80000,0x000000076cf88000,0x000000076d000000)
  to   space 512K, 0% used [0x000000076d000000,0x000000076d000000,0x000000076d080000)
 ParOldGen       total 122368K, used 37767K [0x00000006c0000000, 0x00000006c7780000, 0x000000076ab00000)
  object space 122368K, 30% used [0x00000006c0000000,0x00000006c24e1c78,0x00000006c7780000)
 Metaspace       used 21570K, capacity 21835K, committed 22064K, reserved 1069056K
  class space    used 2084K, capacity 2170K, committed 2176K, reserved 1048576K
}

Deoptimization events (10 events):
Event: 21275.238 Thread 0x00007fe8869c8800 Uncommon trap: reason=class_check action=maybe_recompile pc=0x000000011279b90c method=java.awt.Component.getGraphics()Ljava/awt/Graphics; @ 114
Event: 21275.239 Thread 0x00007fe8869c8800 Uncommon trap: reason=unstable_if action=reinterpret pc=0x0000000111f9f5b8 method=java.awt.font.FontRenderContext.equals(Ljava/awt/font/FontRenderContext;)Z @ 2
Event: 21275.245 Thread 0x00007fe88690c800 Uncommon trap: reason=class_check action=maybe_recompile pc=0x000000011279d340 method=com.jogamp.common.util.RunnableTask.run()V @ 24
Event: 21275.246 Thread 0x00007fe88690c800 Uncommon trap: reason=unstable_if action=reinterpret pc=0x000000011277827c method=jogamp.nativewindow.macosx.OSXUtil.RunOnMainThread(ZZLjava/lang/Runnable;)V @ 3
Event: 21275.262 Thread 0x00007fe88692b000 Uncommon trap: reason=unstable_if action=reinterpret pc=0x00000001127ad630 method=jogamp.opengl.GLContextImpl.release(Z)V @ 161
Event: 21275.271 Thread 0x00007fe88692b000 Uncommon trap: reason=unstable_if action=reinterpret pc=0x0000000112717858 method=java.util.LinkedList$ListItr.<init>(Ljava/util/LinkedList;I)V @ 26
Event: 21275.273 Thread 0x00007fe88692b000 Uncommon trap: reason=unstable_if action=reinterpret pc=0x000000011269cf8c method=java.security.AccessControlContext.optimize()Ljava/security/AccessControlContext; @ 233
Event: 21275.279 Thread 0x00007fe88692b000 Uncommon trap: reason=unstable_if action=reinterpret pc=0x00000001124b3144 method=java.util.LinkedList$ListItr.<init>(Ljava/util/LinkedList;I)V @ 26
Event: 21275.280 Thread 0x00007fe8869c8800 Uncommon trap: reason=class_check action=maybe_recompile pc=0x000000011279b90c method=java.awt.Component.getGraphics()Ljava/awt/Graphics; @ 114
Event: 21275.286 Thread 0x00007fe88690c800 Uncommon trap: reason=class_check action=maybe_recompile pc=0x000000011279d340 method=com.jogamp.common.util.RunnableTask.run()V @ 24

Internal exceptions (10 events):
Event: 0.213 Thread 0x00007fe887004800 Exception <a 'java/lang/NoSuchFieldError': method resolution failed> (0x000000076ada69c8) thrown at [/Users/java_re/workspace/8-2-build-macosx-x86_64/jdk8u121/8372/hotspot/src/share/vm/prims/methodHandles.cpp, line 1146]
Event: 0.215 Thread 0x00007fe887004800 Exception <a 'java/lang/NoSuchFieldError': method resolution failed> (0x000000076adb4198) thrown at [/Users/java_re/workspace/8-2-build-macosx-x86_64/jdk8u121/8372/hotspot/src/share/vm/prims/methodHandles.cpp, line 1146]
Event: 0.424 Thread 0x00007fe887004800 Exception <a 'java/io/FileNotFoundException'> (0x000000076ae2f8c8) thrown at [/Users/java_re/workspace/8-2-build-macosx-x86_64/jdk8u121/8372/hotspot/src/share/vm/prims/jni.cpp, line 709]
Event: 0.424 Thread 0x00007fe887004800 Exception <a 'java/io/FileNotFoundException'> (0x000000076ae30430) thrown at [/Users/java_re/workspace/8-2-build-macosx-x86_64/jdk8u121/8372/hotspot/src/share/vm/prims/jni.cpp, line 709]
Event: 0.584 Thread 0x00007fe887004800 Exception <a 'java/io/FileNotFoundException'> (0x000000076aec4748) thrown at [/Users/java_re/workspace/8-2-build-macosx-x86_64/jdk8u121/8372/hotspot/src/share/vm/prims/jni.cpp, line 709]
Event: 2.355 Thread 0x00007fe8871be800 Exception <a 'java/lang/UnsatisfiedLinkError': com.jogamp.common.util.JarUtil.fixNativeLibAttribs(Ljava/lang/String;)Z> (0x000000076c632a60) thrown at [/Users/java_re/workspace/8-2-build-macosx-x86_64/jdk8u121/8372/hotspot/src/share/vm/prims/nativeLookup.
Event: 3.241 Thread 0x00007fe88692b000 Exception <a 'java/io/FileNotFoundException'> (0x000000076d82dce8) thrown at [/Users/java_re/workspace/8-2-build-macosx-x86_64/jdk8u121/8372/hotspot/src/share/vm/prims/jni.cpp, line 709]
Event: 3.241 Thread 0x00007fe88692b000 Exception <a 'java/io/FileNotFoundException'> (0x000000076d833b98) thrown at [/Users/java_re/workspace/8-2-build-macosx-x86_64/jdk8u121/8372/hotspot/src/share/vm/prims/jni.cpp, line 709]
Event: 3.241 Thread 0x00007fe88692b000 Implicit null exception at 0x0000000112010976 to 0x0000000112010d45
Event: 3.583 Thread 0x00007fe887015000 Exception <a 'java/lang/NullPointerException'> (0x000000076aeaef48) thrown at [/Users/java_re/workspace/8-2-build-macosx-x86_64/jdk8u121/8372/hotspot/src/share/vm/interpreter/linkResolver.cpp, line 1178]

Events (10 events):
Event: 21275.279 Thread 0x00007fe88692b000 DEOPT UNPACKING pc=0x0000000111e51229 sp=0x000070001124bad8 mode 2
Event: 21275.279 Thread 0x00007fe8869a8800 Thread exited: 0x00007fe8869a8800
Event: 21275.280 Thread 0x00007fe8869c8800 Uncommon trap: trap_request=0xffffffde fr.pc=0x000000011279b90c
Event: 21275.280 Thread 0x00007fe8869c8800 DEOPT PACKING pc=0x000000011279b90c sp=0x0000700011045d00
Event: 21275.280 Thread 0x00007fe8869c8800 DEOPT UNPACKING pc=0x0000000111e51229 sp=0x0000700011045d00 mode 2
Event: 21275.280 loading class java/awt/Window$1DisposeAction
Event: 21275.280 loading class java/awt/Window$1DisposeAction done
Event: 21275.286 Thread 0x00007fe88690c800 Uncommon trap: trap_request=0xffffffde fr.pc=0x000000011279d340
Event: 21275.286 Thread 0x00007fe88690c800 DEOPT PACKING pc=0x000000011279d340 sp=0x00007fff584056f0
Event: 21275.286 Thread 0x00007fe88690c800 DEOPT UNPACKING pc=0x0000000111e51229 sp=0x00007fff58405698 mode 2


Dynamic libraries:
0x000000003a2d0000 	/System/Library/Frameworks/Cocoa.framework/Versions/A/Cocoa
0x000000003a2d0000 	/System/Library/Frameworks/Security.framework/Versions/A/Security
0x000000003a2d0000 	/System/Library/Frameworks/ApplicationServices.framework/Versions/A/ApplicationServices
0x000000003a2d0000 	/usr/lib/libz.1.dylib
0x000000003a2d0000 	/usr/lib/libSystem.B.dylib
0x000000003a2d0000 	/usr/lib/libobjc.A.dylib
0x000000003a2d0000 	/System/Library/Frameworks/CoreFoundation.framework/Versions/A/CoreFoundation
0x000000003a2d0000 	/System/Library/Frameworks/Foundation.framework/Versions/C/Foundation
0x000000003a2d0000 	/System/Library/Frameworks/AppKit.framework/Versions/C/AppKit
0x000000003a2d0000 	/System/Library/Frameworks/CoreData.framework/Versions/A/CoreData
0x000000003a2d0000 	/System/Library/PrivateFrameworks/RemoteViewServices.framework/Versions/A/RemoteViewServices
0x000000003a2d0000 	/System/Library/PrivateFrameworks/UIFoundation.framework/Versions/A/UIFoundation
0x000000003a2d0000 	/System/Library/PrivateFrameworks/DFRFoundation.framework/Versions/A/DFRFoundation
0x000000003a2d0000 	/usr/lib/libenergytrace.dylib
0x000000003a2d0000 	/System/Library/PrivateFrameworks/SkyLight.framework/Versions/A/SkyLight
0x000000003a2d0000 	/System/Library/Frameworks/CoreGraphics.framework/Versions/A/CoreGraphics
0x000000003a2d0000 	/usr/lib/libScreenReader.dylib
0x000000003a2d0000 	/System/Library/Frameworks/Accelerate.framework/Versions/A/Accelerate
0x000000003a2d0000 	/System/Library/Frameworks/IOSurface.framework/Versions/A/IOSurface
0x000000003a2d0000 	/System/Library/Frameworks/AudioToolbox.framework/Versions/A/AudioToolbox
0x000000003a2d0000 	/System/Library/Frameworks/AudioUnit.framework/Versions/A/AudioUnit
0x000000003a2d0000 	/System/Library/PrivateFrameworks/DataDetectorsCore.framework/Versions/A/DataDetectorsCore
0x000000003a2d0000 	/System/Library/PrivateFrameworks/DesktopServicesPriv.framework/Versions/A/DesktopServicesPriv
0x000000003a2d0000 	/System/Library/Frameworks/Carbon.framework/Versions/A/Frameworks/HIToolbox.framework/Versions/A/HIToolbox
0x000000003a2d0000 	/usr/lib/libicucore.A.dylib
0x000000003a2d0000 	/System/Library/Frameworks/QuartzCore.framework/Versions/A/QuartzCore
0x000000003a2d0000 	/System/Library/Frameworks/Carbon.framework/Versions/A/Frameworks/SpeechRecognition.framework/Versions/A/SpeechRecognition
0x000000003a2d0000 	/usr/lib/libauto.dylib
0x000000003a2d0000 	/usr/lib/libxml2.2.dylib
0x000000003a2d0000 	/System/Library/PrivateFrameworks/CoreUI.framework/Versions/A/CoreUI
0x000000003a2d0000 	/System/Library/Frameworks/CoreAudio.framework/Versions/A/CoreAudio
0x000000003a2d0000 	/System/Library/Frameworks/DiskArbitration.framework/Versions/A/DiskArbitration
0x000000003a2d0000 	/usr/lib/liblangid.dylib
0x000000003a2d0000 	/System/Library/PrivateFrameworks/MultitouchSupport.framework/Versions/A/MultitouchSupport
0x000000003a2d0000 	/System/Library/Frameworks/IOKit.framework/Versions/A/IOKit
0x000000003a2d0000 	/usr/lib/libDiagnosticMessagesClient.dylib
0x000000003a2d0000 	/System/Library/Frameworks/CoreServices.framework/Versions/A/CoreServices
0x000000003a2d0000 	/System/Library/PrivateFrameworks/PerformanceAnalysis.framework/Versions/A/PerformanceAnalysis
0x000000003a2d0000 	/System/Library/PrivateFrameworks/GenerationalStorage.framework/Versions/A/GenerationalStorage
0x000000003a2d0000 	/System/Library/Frameworks/OpenGL.framework/Versions/A/OpenGL
0x000000003a2d0000 	/System/Library/Frameworks/CoreImage.framework/Versions/A/CoreImage
0x000000003a2d0000 	/System/Library/Frameworks/CoreText.framework/Versions/A/CoreText
0x000000003a2d0000 	/System/Library/Frameworks/ImageIO.framework/Versions/A/ImageIO
0x000000003a2d0000 	/System/Library/PrivateFrameworks/Backup.framework/Versions/A/Backup
0x000000003a2d0000 	/usr/lib/libarchive.2.dylib
0x000000003a2d0000 	/System/Library/Frameworks/CFNetwork.framework/Versions/A/CFNetwork
0x000000003a2d0000 	/System/Library/Frameworks/SystemConfiguration.framework/Versions/A/SystemConfiguration
0x000000003a2d0000 	/usr/lib/libCRFSuite.dylib
0x000000003a2d0000 	/usr/lib/libc++.1.dylib
0x000000003a2d0000 	/usr/lib/libc++abi.dylib
0x000000003a2d0000 	/usr/lib/system/libcache.dylib
0x000000003a2d0000 	/usr/lib/system/libcommonCrypto.dylib
0x000000003a2d0000 	/usr/lib/system/libcompiler_rt.dylib
0x000000003a2d0000 	/usr/lib/system/libcopyfile.dylib
0x000000003a2d0000 	/usr/lib/system/libcorecrypto.dylib
0x000000003a2d0000 	/usr/lib/system/libdispatch.dylib
0x000000003a2d0000 	/usr/lib/system/libdyld.dylib
0x000000003a2d0000 	/usr/lib/system/libkeymgr.dylib
0x000000003a2d0000 	/usr/lib/system/liblaunch.dylib
0x000000003a2d0000 	/usr/lib/system/libmacho.dylib
0x000000003a2d0000 	/usr/lib/system/libquarantine.dylib
0x000000003a2d0000 	/usr/lib/system/libremovefile.dylib
0x000000003a2d0000 	/usr/lib/system/libsystem_asl.dylib
0x000000003a2d0000 	/usr/lib/system/libsystem_blocks.dylib
0x000000003a2d0000 	/usr/lib/system/libsystem_c.dylib
0x000000003a2d0000 	/usr/lib/system/libsystem_configuration.dylib
0x000000003a2d0000 	/usr/lib/system/libsystem_coreservices.dylib
0x000000003a2d0000 	/usr/lib/system/libsystem_coretls.dylib
0x000000003a2d0000 	/usr/lib/system/libsystem_dnssd.dylib
0x000000003a2d0000 	/usr/lib/system/libsystem_info.dylib
0x000000003a2d0000 	/usr/lib/system/libsystem_kernel.dylib
0x000000003a2d0000 	/usr/lib/system/libsystem_m.dylib
0x000000003a2d0000 	/usr/lib/system/libsystem_malloc.dylib
0x000000003a2d0000 	/usr/lib/system/libsystem_network.dylib
0x000000003a2d0000 	/usr/lib/system/libsystem_networkextension.dylib
0x000000003a2d0000 	/usr/lib/system/libsystem_notify.dylib
0x000000003a2d0000 	/usr/lib/system/libsystem_platform.dylib
0x000000003a2d0000 	/usr/lib/system/libsystem_pthread.dylib
0x000000003a2d0000 	/usr/lib/system/libsystem_sandbox.dylib
0x000000003a2d0000 	/usr/lib/system/libsystem_secinit.dylib
0x000000003a2d0000 	/usr/lib/system/libsystem_symptoms.dylib
0x000000003a2d0000 	/usr/lib/system/libsystem_trace.dylib
0x000000003a2d0000 	/usr/lib/system/libunwind.dylib
0x000000003a2d0000 	/usr/lib/system/libxpc.dylib
0x000000003a2d0000 	/usr/lib/libbsm.0.dylib
0x000000003a2d0000 	/usr/lib/system/libkxld.dylib
0x000000003a2d0000 	/usr/lib/libcoretls.dylib
0x000000003a2d0000 	/usr/lib/libcoretls_cfhelpers.dylib
0x000000003a2d0000 	/usr/lib/libxar.1.dylib
0x000000003a2d0000 	/usr/lib/libsqlite3.dylib
0x000000003a2d0000 	/usr/lib/libpam.2.dylib
0x000000003a2d0000 	/usr/lib/libOpenScriptingUtil.dylib
0x000000003a2d0000 	/usr/lib/libbz2.1.0.dylib
0x000000003a2d0000 	/usr/lib/liblzma.5.dylib
0x000000003a2d0000 	/usr/lib/libnetwork.dylib
0x000000003a2d0000 	/usr/lib/libpcap.A.dylib
0x000000003a2d0000 	/System/Library/Frameworks/CoreServices.framework/Versions/A/Frameworks/FSEvents.framework/Versions/A/FSEvents
0x000000003a2d0000 	/System/Library/Frameworks/CoreServices.framework/Versions/A/Frameworks/CarbonCore.framework/Versions/A/CarbonCore
0x000000003a2d0000 	/System/Library/Frameworks/CoreServices.framework/Versions/A/Frameworks/Metadata.framework/Versions/A/Metadata
0x000000003a2d0000 	/System/Library/Frameworks/CoreServices.framework/Versions/A/Frameworks/OSServices.framework/Versions/A/OSServices
0x000000003a2d0000 	/System/Library/Frameworks/CoreServices.framework/Versions/A/Frameworks/SearchKit.framework/Versions/A/SearchKit
0x000000003a2d0000 	/System/Library/Frameworks/CoreServices.framework/Versions/A/Frameworks/AE.framework/Versions/A/AE
0x000000003a2d0000 	/System/Library/Frameworks/CoreServices.framework/Versions/A/Frameworks/LaunchServices.framework/Versions/A/LaunchServices
0x000000003a2d0000 	/System/Library/Frameworks/CoreServices.framework/Versions/A/Frameworks/DictionaryServices.framework/Versions/A/DictionaryServices
0x000000003a2d0000 	/System/Library/Frameworks/CoreServices.framework/Versions/A/Frameworks/SharedFileList.framework/Versions/A/SharedFileList
0x000000003a2d0000 	/System/Library/Frameworks/NetFS.framework/Versions/A/NetFS
0x000000003a2d0000 	/System/Library/PrivateFrameworks/NetAuth.framework/Versions/A/NetAuth
0x000000003a2d0000 	/System/Library/PrivateFrameworks/login.framework/Versions/A/Frameworks/loginsupport.framework/Versions/A/loginsupport
0x000000003a2d0000 	/System/Library/PrivateFrameworks/TCC.framework/Versions/A/TCC
0x000000003a2d0000 	/usr/lib/libmecabra.dylib
0x000000003a2d0000 	/System/Library/Frameworks/ApplicationServices.framework/Versions/A/Frameworks/ATS.framework/Versions/A/ATS
0x000000003a2d0000 	/System/Library/Frameworks/ApplicationServices.framework/Versions/A/Frameworks/ColorSync.framework/Versions/A/ColorSync
0x000000003a2d0000 	/System/Library/Frameworks/ApplicationServices.framework/Versions/A/Frameworks/HIServices.framework/Versions/A/HIServices
0x000000003a2d0000 	/System/Library/Frameworks/ApplicationServices.framework/Versions/A/Frameworks/LangAnalysis.framework/Versions/A/LangAnalysis
0x000000003a2d0000 	/System/Library/Frameworks/ApplicationServices.framework/Versions/A/Frameworks/PrintCore.framework/Versions/A/PrintCore
0x000000003a2d0000 	/System/Library/Frameworks/ApplicationServices.framework/Versions/A/Frameworks/QD.framework/Versions/A/QD
0x000000003a2d0000 	/System/Library/Frameworks/ApplicationServices.framework/Versions/A/Frameworks/SpeechSynthesis.framework/Versions/A/SpeechSynthesis
0x000000003a2d0000 	/System/Library/Frameworks/Accelerate.framework/Versions/A/Frameworks/vImage.framework/Versions/A/vImage
0x000000003a2d0000 	/System/Library/Frameworks/Accelerate.framework/Versions/A/Frameworks/vecLib.framework/Versions/A/vecLib
0x000000003a2d0000 	/System/Library/Frameworks/Accelerate.framework/Versions/A/Frameworks/vecLib.framework/Versions/A/libvDSP.dylib
0x000000003a2d0000 	/System/Library/Frameworks/Accelerate.framework/Versions/A/Frameworks/vecLib.framework/Versions/A/libBNNS.dylib
0x000000003a2d0000 	/System/Library/Frameworks/Accelerate.framework/Versions/A/Frameworks/vecLib.framework/Versions/A/libQuadrature.dylib
0x000000003a2d0000 	/System/Library/Frameworks/Accelerate.framework/Versions/A/Frameworks/vecLib.framework/Versions/A/libvMisc.dylib
0x000000003a2d0000 	/System/Library/Frameworks/Accelerate.framework/Versions/A/Frameworks/vecLib.framework/Versions/A/libLAPACK.dylib
0x000000003a2d0000 	/System/Library/Frameworks/Accelerate.framework/Versions/A/Frameworks/vecLib.framework/Versions/A/libBLAS.dylib
0x000000003a2d0000 	/System/Library/Frameworks/Accelerate.framework/Versions/A/Frameworks/vecLib.framework/Versions/A/libLinearAlgebra.dylib
0x000000003a2d0000 	/System/Library/Frameworks/Accelerate.framework/Versions/A/Frameworks/vecLib.framework/Versions/A/libSparseBLAS.dylib
0x000000003a2d0000 	/System/Library/Frameworks/ApplicationServices.framework/Versions/A/Frameworks/ATS.framework/Versions/A/Resources/libFontParser.dylib
0x000000003a2d0000 	/System/Library/Frameworks/ApplicationServices.framework/Versions/A/Frameworks/ATS.framework/Versions/A/Resources/libFontRegistry.dylib
0x000000003a2d0000 	/System/Library/Frameworks/ImageIO.framework/Versions/A/Resources/libJPEG.dylib
0x000000003a2d0000 	/System/Library/Frameworks/ImageIO.framework/Versions/A/Resources/libTIFF.dylib
0x000000003a2d0000 	/System/Library/Frameworks/ImageIO.framework/Versions/A/Resources/libPng.dylib
0x000000003a2d0000 	/System/Library/Frameworks/ImageIO.framework/Versions/A/Resources/libGIF.dylib
0x000000003a2d0000 	/System/Library/Frameworks/ImageIO.framework/Versions/A/Resources/libJP2.dylib
0x000000003a2d0000 	/System/Library/Frameworks/ImageIO.framework/Versions/A/Resources/libRadiance.dylib
0x000000003a2d0000 	/usr/lib/libcompression.dylib
0x000000003a2d0000 	/System/Library/PrivateFrameworks/AppleJPEG.framework/Versions/A/AppleJPEG
0x000000003a2d0000 	/usr/lib/libcups.2.dylib
0x000000003a2d0000 	/System/Library/Frameworks/Kerberos.framework/Versions/A/Kerberos
0x000000003a2d0000 	/System/Library/Frameworks/GSS.framework/Versions/A/GSS
0x000000003a2d0000 	/usr/lib/libresolv.9.dylib
0x000000003a2d0000 	/usr/lib/libiconv.2.dylib
0x000000003a2d0000 	/System/Library/PrivateFrameworks/Heimdal.framework/Versions/A/Heimdal
0x000000003a2d0000 	/usr/lib/libheimdal-asn1.dylib
0x000000003a2d0000 	/System/Library/Frameworks/OpenDirectory.framework/Versions/A/OpenDirectory
0x000000003a2d0000 	/System/Library/PrivateFrameworks/CommonAuth.framework/Versions/A/CommonAuth
0x000000003a2d0000 	/System/Library/Frameworks/OpenDirectory.framework/Versions/A/Frameworks/CFOpenDirectory.framework/Versions/A/CFOpenDirectory
0x000000003a2d0000 	/System/Library/Frameworks/SecurityFoundation.framework/Versions/A/SecurityFoundation
0x000000003a2d0000 	/System/Library/PrivateFrameworks/LanguageModeling.framework/Versions/A/LanguageModeling
0x000000003a2d0000 	/usr/lib/libmarisa.dylib
0x000000003a2d0000 	/usr/lib/libChineseTokenizer.dylib
0x000000003a2d0000 	/usr/lib/libcmph.dylib
0x000000003a2d0000 	/System/Library/PrivateFrameworks/CoreEmoji.framework/Versions/A/CoreEmoji
0x000000003a2d0000 	/System/Library/Frameworks/ServiceManagement.framework/Versions/A/ServiceManagement
0x000000003a2d0000 	/usr/lib/libxslt.1.dylib
0x000000003a2d0000 	/System/Library/Frameworks/Carbon.framework/Versions/A/Frameworks/Ink.framework/Versions/A/Ink
0x000000003a2d0000 	/System/Library/PrivateFrameworks/TextureIO.framework/Versions/A/TextureIO
0x000000003a2d0000 	/System/Library/Frameworks/Metal.framework/Versions/A/Metal
0x000000003a2d0000 	/usr/lib/libate.dylib
0x000000003a2d0000 	/System/Library/PrivateFrameworks/GPUCompiler.framework/libmetal_timestamp.dylib
0x000000003a2d0000 	/System/Library/Frameworks/OpenGL.framework/Versions/A/Libraries/libCoreFSCache.dylib
0x000000003a2d0000 	/System/Library/PrivateFrameworks/IOAccelerator.framework/Versions/A/IOAccelerator
0x000000003a2d0000 	/System/Library/Frameworks/CoreVideo.framework/Versions/A/CoreVideo
0x000000003a2d0000 	/usr/lib/libFosl_dynamic.dylib
0x000000003a2d0000 	/System/Library/PrivateFrameworks/MetalPerformanceShaders.framework/Versions/A/MetalPerformanceShaders
0x000000003a2d0000 	/System/Library/PrivateFrameworks/FaceCore.framework/Versions/A/FaceCore
0x000000003a2d0000 	/System/Library/Frameworks/OpenCL.framework/Versions/A/OpenCL
0x000000003a2d0000 	/System/Library/Frameworks/OpenGL.framework/Versions/A/Libraries/libGLU.dylib
0x000000003a2d0000 	/System/Library/Frameworks/OpenGL.framework/Versions/A/Libraries/libGFXShared.dylib
0x000000003a2d0000 	/System/Library/Frameworks/OpenGL.framework/Versions/A/Libraries/libGL.dylib
0x000000003a2d0000 	/System/Library/Frameworks/OpenGL.framework/Versions/A/Libraries/libGLImage.dylib
0x000000003a2d0000 	/System/Library/Frameworks/OpenGL.framework/Versions/A/Libraries/libCVMSPluginSupport.dylib
0x000000003a2d0000 	/System/Library/Frameworks/OpenGL.framework/Versions/A/Libraries/libCoreVMClient.dylib
0x000000003a2d0000 	/System/Library/PrivateFrameworks/CrashReporterSupport.framework/Versions/A/CrashReporterSupport
0x000000003a2d0000 	/System/Library/PrivateFrameworks/Sharing.framework/Versions/A/Sharing
0x000000003a2d0000 	/System/Library/PrivateFrameworks/IconServices.framework/Versions/A/IconServices
0x000000003a2d0000 	/System/Library/PrivateFrameworks/ProtocolBuffer.framework/Versions/A/ProtocolBuffer
0x000000003a2d0000 	/System/Library/PrivateFrameworks/Apple80211.framework/Versions/A/Apple80211
0x000000003a2d0000 	/System/Library/Frameworks/CoreWLAN.framework/Versions/A/CoreWLAN
0x000000003a2d0000 	/System/Library/PrivateFrameworks/CoreUtils.framework/Versions/A/CoreUtils
0x000000003a2d0000 	/System/Library/Frameworks/IOBluetooth.framework/Versions/A/IOBluetooth
0x000000003a2d0000 	/System/Library/PrivateFrameworks/CoreWiFi.framework/Versions/A/CoreWiFi
0x000000003a2d0000 	/System/Library/Frameworks/CoreBluetooth.framework/Versions/A/CoreBluetooth
0x000000003a2d0000 	/System/Library/Frameworks/CoreDisplay.framework/Versions/A/CoreDisplay
0x000000003a2d0000 	/System/Library/PrivateFrameworks/IOPresentment.framework/Versions/A/IOPresentment
0x000000003a2d0000 	/System/Library/PrivateFrameworks/DebugSymbols.framework/Versions/A/DebugSymbols
0x000000003a2d0000 	/System/Library/PrivateFrameworks/CoreSymbolication.framework/Versions/A/CoreSymbolication
0x000000003a2d0000 	/System/Library/PrivateFrameworks/Symbolication.framework/Versions/A/Symbolication
0x000000003a2d0000 	/System/Library/PrivateFrameworks/AppleFSCompression.framework/Versions/A/AppleFSCompression
0x000000003a2d0000 	/System/Library/PrivateFrameworks/SpeechRecognitionCore.framework/Versions/A/SpeechRecognitionCore
0x000000003a2d0000 	/System/Library/PrivateFrameworks/ChunkingLibrary.framework/Versions/A/ChunkingLibrary
0x0000000107873000 	/Library/Java/JavaVirtualMachines/jdk1.8.0_121.jdk/Contents/Home/jre/lib/server/libjvm.dylib
0x000000003a2d0000 	/usr/lib/libstdc++.6.dylib
0x0000000108815000 	/Library/Java/JavaVirtualMachines/jdk1.8.0_121.jdk/Contents/Home/jre/lib/libverify.dylib
0x0000000108823000 	/Library/Java/JavaVirtualMachines/jdk1.8.0_121.jdk/Contents/Home/jre/lib/libjava.dylib
0x0000000108862000 	/Library/Java/JavaVirtualMachines/jdk1.8.0_121.jdk/Contents/Home/jre/lib/libzip.dylib
0x000000010c4ad000 	/System/Library/Frameworks/JavaVM.framework/Frameworks/JavaRuntimeSupport.framework/JavaRuntimeSupport
0x000000010c4c7000 	/System/Library/Frameworks/JavaVM.framework/Versions/A/Frameworks/JavaNativeFoundation.framework/Versions/A/JavaNativeFoundation
0x000000010c4dc000 	/System/Library/Frameworks/JavaVM.framework/Versions/A/JavaVM
0x000000003a2d0000 	/System/Library/Frameworks/Carbon.framework/Versions/A/Carbon
0x000000010c4e9000 	/System/Library/PrivateFrameworks/JavaLaunching.framework/Versions/A/JavaLaunching
0x000000003a2d0000 	/System/Library/Frameworks/Carbon.framework/Versions/A/Frameworks/CommonPanels.framework/Versions/A/CommonPanels
0x000000003a2d0000 	/System/Library/Frameworks/Carbon.framework/Versions/A/Frameworks/Help.framework/Versions/A/Help
0x000000003a2d0000 	/System/Library/Frameworks/Carbon.framework/Versions/A/Frameworks/ImageCapture.framework/Versions/A/ImageCapture
0x000000003a2d0000 	/System/Library/Frameworks/Carbon.framework/Versions/A/Frameworks/OpenScripting.framework/Versions/A/OpenScripting
0x000000003a2d0000 	/System/Library/Frameworks/Carbon.framework/Versions/A/Frameworks/Print.framework/Versions/A/Print
0x000000003a2d0000 	/System/Library/Frameworks/Carbon.framework/Versions/A/Frameworks/SecurityHI.framework/Versions/A/SecurityHI
0x000000010dded000 	/Library/Java/JavaVirtualMachines/jdk1.8.0_121.jdk/Contents/Home/jre/lib/libawt.dylib
0x000000010de95000 	/Library/Java/JavaVirtualMachines/jdk1.8.0_121.jdk/Contents/Home/jre/lib/./libmlib_image.dylib
0x000000010df61000 	/Library/Java/JavaVirtualMachines/jdk1.8.0_121.jdk/Contents/Home/jre/lib/libawt_lwawt.dylib
0x000000010e018000 	/Library/Java/JavaVirtualMachines/jdk1.8.0_121.jdk/Contents/Home/jre/lib/./libosxapp.dylib
0x000000003a2d0000 	/System/Library/Frameworks/ExceptionHandling.framework/Versions/A/ExceptionHandling
0x000000003a2d0000 	/System/Library/PrivateFrameworks/CoreServicesInternal.framework/Versions/A/CoreServicesInternal
0x000000003a2d0000 	/System/Library/CoreServices/RawCamera.bundle/Contents/MacOS/RawCamera
0x000000003a2d0000 	/System/Library/Frameworks/Accelerate.framework/Versions/A/Frameworks/vImage.framework/Versions/A/Libraries/libCGInterfaces.dylib
0x000000003a2d0000 	/System/Library/Frameworks/ApplicationServices.framework/Versions/A/Frameworks/ATS.framework/Versions/A/Resources/libTrueTypeScaler.dylib
0x000000003a2d0000 	/System/Library/Frameworks/OpenGL.framework/Versions/A/Resources/GLEngine.bundle/GLEngine
0x000000003a2d0000 	/System/Library/Frameworks/OpenGL.framework/Versions/A/Libraries/libGLProgrammability.dylib
0x000000010fd89000 	/System/Library/Extensions/AppleIntelSKLGraphicsGLDriver.bundle/Contents/MacOS/AppleIntelSKLGraphicsGLDriver
0x000000003a2d0000 	/System/Library/PrivateFrameworks/GPUSupport.framework/Versions/A/Libraries/libGPUSupportMercury.dylib
0x000000003a2d0000 	/System/Library/Frameworks/OpenGL.framework/Versions/A/Resources/GLRendererFloat.bundle/GLRendererFloat
0x000000003a2d0000 	/System/Library/Frameworks/OpenCL.framework/Versions/A/Libraries/libcldcpuengine.dylib
0x000000003a2d0000 	/usr/lib/libcrypto.0.9.8.dylib
0x000000003a2d0000 	/System/Library/PrivateFrameworks/TrustEvaluationAgent.framework/Versions/A/TrustEvaluationAgent
0x0000000110b37000 	/System/Library/Extensions/AppleIntelSKLGraphicsMTLDriver.bundle/Contents/MacOS/AppleIntelSKLGraphicsMTLDriver
0x000000003a2d0000 	/System/Library/PrivateFrameworks/FamilyControls.framework/Versions/A/FamilyControls
0x000000003a2d0000 	/System/Library/PrivateFrameworks/CommerceKit.framework/Versions/A/Frameworks/CommerceCore.framework/Versions/A/CommerceCore
0x000000003a2d0000 	/System/Library/PrivateFrameworks/SystemAdministration.framework/Versions/A/SystemAdministration
0x000000003a2d0000 	/System/Library/PrivateFrameworks/AppContainer.framework/Versions/A/AppContainer
0x000000003a2d0000 	/System/Library/PrivateFrameworks/SecCodeWrapper.framework/Versions/A/SecCodeWrapper
0x000000003a2d0000 	/System/Library/Frameworks/DirectoryService.framework/Versions/A/DirectoryService
0x000000003a2d0000 	/System/Library/PrivateFrameworks/DiskImages.framework/Versions/A/DiskImages
0x000000003a2d0000 	/System/Library/PrivateFrameworks/LoginUIKit.framework/Versions/A/Frameworks/LoginUICore.framework/Versions/A/LoginUICore
0x000000003a2d0000 	/usr/lib/libCoreStorage.dylib
0x000000003a2d0000 	/usr/lib/libcsfde.dylib
0x000000003a2d0000 	/usr/lib/libodfde.dylib
0x000000003a2d0000 	/System/Library/Frameworks/DiscRecording.framework/Versions/A/DiscRecording
0x000000003a2d0000 	/usr/lib/libcurl.4.dylib
0x000000003a2d0000 	/System/Library/PrivateFrameworks/MediaKit.framework/Versions/A/MediaKit
0x000000003a2d0000 	/System/Library/PrivateFrameworks/ProtectedCloudStorage.framework/Versions/A/ProtectedCloudStorage
0x000000003a2d0000 	/System/Library/PrivateFrameworks/EFILogin.framework/Versions/A/EFILogin
0x000000003a2d0000 	/usr/lib/libutil.dylib
0x000000003a2d0000 	/System/Library/Frameworks/LDAP.framework/Versions/A/LDAP
0x000000003a2d0000 	/usr/lib/libsasl2.2.dylib
0x000000003a2d0000 	/System/Library/PrivateFrameworks/CoreDaemon.framework/Versions/B/CoreDaemon
0x000000003a2d0000 	/System/Library/PrivateFrameworks/AppleSRP.framework/Versions/A/AppleSRP
0x000000003a2d0000 	/System/Library/PrivateFrameworks/APFS.framework/Versions/A/APFS
0x0000000111a80000 	/Library/Java/JavaVirtualMachines/jdk1.8.0_121.jdk/Contents/Home/jre/lib/libfontmanager.dylib
0x000000003a2d0000 	/System/Library/PrivateFrameworks/ViewBridge.framework/Versions/A/ViewBridge
0x000000003a2d0000 	/System/Library/PrivateFrameworks/XPCService.framework/Versions/A/XPCService
0x000000003a2d0000 	/System/Library/PrivateFrameworks/AppSandbox.framework/Versions/A/AppSandbox
0x000000003a2d0000 	/usr/lib/libsandbox.1.dylib
0x000000003a2d0000 	/usr/lib/libMatch.1.dylib
0x000000012abd4000 	/Library/Java/JavaVirtualMachines/jdk1.8.0_121.jdk/Contents/Home/jre/lib/libosxui.dylib
0x000000012bc38000 	/Library/Java/JavaVirtualMachines/jdk1.8.0_121.jdk/Contents/Home/jre/lib/libnet.dylib
0x000000012bc4f000 	/Library/Java/JavaVirtualMachines/jdk1.8.0_121.jdk/Contents/Home/jre/lib/libnio.dylib
0x000000012ac60000 	/private/var/folders/4_/yrvtrwb51qjbq8pt86jb9j9m0000gn/T/jogamp_0000/file_cache/jln5022633518576341671/jln3931405782636188345/libgluegen-rt.jnilib
0x000000012abd1000 	/private/var/folders/4_/yrvtrwb51qjbq8pt86jb9j9m0000gn/T/jogamp_0000/file_cache/jln5022633518576341671/jln3931405782636188345/libnativewindow_awt.jnilib
0x000000012ac64000 	/Library/Java/JavaVirtualMachines/jdk1.8.0_121.jdk/Contents/Home/jre/lib/libjawt.dylib
0x000000012ac92000 	/private/var/folders/4_/yrvtrwb51qjbq8pt86jb9j9m0000gn/T/jogamp_0000/file_cache/jln5022633518576341671/jln3931405782636188345/libnativewindow_macosx.jnilib
0x000000019a25d000 	/private/var/folders/4_/yrvtrwb51qjbq8pt86jb9j9m0000gn/T/jogamp_0000/file_cache/jln5022633518576341671/jln3931405782636188345/libjogl_desktop.jnilib
0x000000019e4ae000 	/Library/Java/JavaVirtualMachines/jdk1.8.0_121.jdk/Contents/Home/jre/lib/libt2k.dylib

VM Arguments:
jvm_args: -Djava.security.policy=java.policy.applet -Dfile.encoding=UTF-8 
java_command: sun.applet.AppletViewer module4.EarthquakeCityMap1489547023294.html
java_class_path (initial): /Users/evelyn/Downloads/UCSDUnfoldingMaps/build:/Users/evelyn/Downloads/UCSDUnfoldingMaps/lib/core.jar:/Users/evelyn/Downloads/UCSDUnfoldingMaps/lib/gluegen-rt.jar:/Users/evelyn/Downloads/UCSDUnfoldingMaps/lib/jogl-all.jar:/Users/evelyn/Downloads/UCSDUnfoldingMaps/lib/log4j-1.2.15.jar:/Users/evelyn/Downloads/UCSDUnfoldingMaps/lib/sqlite-jdbc-3.7.2.jar:/Users/evelyn/Downloads/UCSDUnfoldingMaps/lib/json4processing.jar:/Users/evelyn/Downloads/UCSDUnfoldingMaps/lib/libTUIO.jar:/Users/evelyn/Downloads/UCSDUnfoldingMaps/lib/unfolding.0.9.7-uscd.jar
Launcher Type: SUN_STANDARD

Environment Variables:
PATH=/usr/bin:/bin:/usr/sbin:/sbin
SHELL=/bin/bash

Signal Handlers:
SIGSEGV: [libjvm.dylib+0x5b1141], sa_mask[0]=11111111011111110111111111111111, sa_flags=SA_ONSTACK|SA_RESTART|SA_SIGINFO
SIGBUS: [libjvm.dylib+0x5b1141], sa_mask[0]=11111111011111110111111111111111, sa_flags=SA_RESTART|SA_SIGINFO
SIGFPE: [libjvm.dylib+0x487bc4], sa_mask[0]=11111111011111110111111111111111, sa_flags=SA_RESTART|SA_SIGINFO
SIGPIPE: [libjvm.dylib+0x487bc4], sa_mask[0]=11111111011111110111111111111111, sa_flags=SA_RESTART|SA_SIGINFO
SIGXFSZ: [libjvm.dylib+0x487bc4], sa_mask[0]=11111111011111110111111111111111, sa_flags=SA_RESTART|SA_SIGINFO
SIGILL: [libjvm.dylib+0x487bc4], sa_mask[0]=11111111011111110111111111111111, sa_flags=SA_RESTART|SA_SIGINFO
SIGUSR1: SIG_DFL, sa_mask[0]=00000000000000000000000000000000, sa_flags=none
SIGUSR2: [libjvm.dylib+0x4876e2], sa_mask[0]=00100000000000000000000000000000, sa_flags=SA_RESTART|SA_SIGINFO
SIGHUP: [libjvm.dylib+0x485cb9], sa_mask[0]=11111111011111110111111111111111, sa_flags=SA_RESTART|SA_SIGINFO
SIGINT: [libjvm.dylib+0x485cb9], sa_mask[0]=11111111011111110111111111111111, sa_flags=SA_RESTART|SA_SIGINFO
SIGTERM: [libjvm.dylib+0x485cb9], sa_mask[0]=11111111011111110111111111111111, sa_flags=SA_RESTART|SA_SIGINFO
SIGQUIT: [libjvm.dylib+0x485cb9], sa_mask[0]=11111111011111110111111111111111, sa_flags=SA_RESTART|SA_SIGINFO


---------------  S Y S T E M  ---------------

OS:Bsduname:Darwin 16.4.0 Darwin Kernel Version 16.4.0: Thu Dec 22 22:53:21 PST 2016; root:xnu-3789.41.3~3/RELEASE_X86_64 x86_64
rlimit: STACK 8192k, CORE 0k, NPROC 709, NOFILE 10240, AS infinity
load average:3.14 2.94 2.71

CPU:total 4 (2 cores per cpu, 2 threads per core) family 6 model 78 stepping 3, cmov, cx8, fxsr, mmx, sse, sse2, sse3, ssse3, sse4.1, sse4.2, popcnt, avx, avx2, aes, clmul, erms, 3dnowpref, lzcnt, ht, tsc, tscinvbit, bmi1, bmi2, adx

Memory: 4k page, physical 16777216k(1416564k free)

/proc/meminfo:


vm_info: Java HotSpot(TM) 64-Bit Server VM (25.121-b13) for bsd-amd64 JRE (1.8.0_121-b13), built on Dec 12 2016 20:39:32 by "java_re" with gcc 4.2.1 (Based on Apple Inc. build 5658) (LLVM build 2336.11.00)

time: Thu Mar 16 20:30:21 2017
elapsed time: 21275 seconds (0d 5h 54m 35s)

