#
# A fatal error has been detected by the Java Runtime Environment:
#
#  SIGSEGV (0xb) at pc=0x00007fffc76ebb5d, pid=43908, tid=0x0000000000000307
#
# JRE version: Java(TM) SE Runtime Environment (8.0_121-b13) (build 1.8.0_121-b13)
# Java VM: Java HotSpot(TM) 64-Bit Server VM (25.121-b13 mixed mode bsd-amd64 compressed oops)
# Problematic frame:
# C  [libobjc.A.dylib+0x6b5d]  objc_msgSend+0x1d
#
# Failed to write core dump. Core dumps have been disabled. To enable core dumping, try "ulimit -c unlimited" before starting Java again
#
# If you would like to submit a bug report, please visit:
#   http://bugreport.java.com/bugreport/crash.jsp
# The crash happened outside the Java Virtual Machine in native code.
# See problematic frame for where to report the bug.
#

---------------  T H R E A D  ---------------

Current thread (0x00007f86ff123000):  JavaThread "AWT-AppKit" daemon [_thread_in_native, id=775, stack(0x00007fff5e4d3000,0x00007fff5ecd3000)]

siginfo: si_signo: 11 (SIGSEGV), si_code: 1 (SEGV_MAPERR), si_addr: 0x0000000000000018

Registers:
RAX=0x00007f87039a6e00, RBX=0x000000011f772450, RCX=0x00007f8700c00240, RDX=0x0000000000000000
RSP=0x00007fff5ecce4d8, RBP=0x00007fff5ecce590, RSI=0x00007fffb11d79af, RDI=0x00007f8703a219e0
R8 =0x0000000000000018, R9 =0x00007f8700c00510, R10=0x0000000000000000, R11=0x00007fffb11d79af
R12=0x0000000000000000, R13=0x00000001942eeb90, R14=0x000000011f772440, R15=0x00007f86ff123000
RIP=0x00007fffc76ebb5d, EFLAGS=0x0000000000010246, ERR=0x0000000000000004
  TRAPNO=0x000000000000000e

Top of Stack: (sp=0x00007fff5ecce4d8)
0x00007fff5ecce4d8:   000000011f770157 00007fff5ecce530
0x00007fff5ecce4e8:   0000000000000003 00007fff5ecce510
0x00007fff5ecce4f8:   00000001019f2c62 00000001942eeb90
0x00007fff5ecce508:   00000001942eeb90 00007f87039a6e00
0x00007fff5ecce518:   000000011f7726a0 000000011f772710
0x00007fff5ecce528:   00007fffcd74c6d0 00007fffce3ba030
0x00007fff5ecce538:   000000011f772450 000000011f772690
0x00007fff5ecce548:   00007f87039a6e00 00007f8703a219e0
0x00007fff5ecce558:   00007f86fe7b0750 00007f87039a6e00
0x00007fff5ecce568:   00007f8703a219e0 00007fff5ecce610
0x00007fff5ecce578:   00007f86ff1231f8 00000001942eeb90
0x00007fff5ecce588:   00007fff5ecce638 00007fff5ecce600
0x00007fff5ecce598:   000000010454c9f4 00007fff5ecce600
0x00007fff5ecce5a8:   000000010454c779 00000001045589a3
0x00007fff5ecce5b8:   000000010454c742 00007fff5ecce5c0
0x00007fff5ecce5c8:   00000001942eeb90 00007fff5ecce638
0x00007fff5ecce5d8:   00000001942f0340 0000000000000000
0x00007fff5ecce5e8:   00000001942eeb90 0000000000000000
0x00007fff5ecce5f8:   00007fff5ecce620 00007fff5ecce680
0x00007fff5ecce608:   000000010453d2bd 000000076ee9f7b8
0x00007fff5ecce618:   0000000104546538 00007f87039a6e00
0x00007fff5ecce628:   0000000104547e39 00007f8703a219e0
0x00007fff5ecce638:   0000000104547e02 00007fff5ecce640
0x00007fff5ecce648:   00000001942eed5a 00007fff5ecce6a8
0x00007fff5ecce658:   00000001942f0340 0000000000000000
0x00007fff5ecce668:   00000001942eed68 00007fff5ecce620
0x00007fff5ecce678:   00007fff5ecce690 00007fff5ecce6f0
0x00007fff5ecce688:   000000010453d2bd 00007f87039a6e00
0x00007fff5ecce698:   000000076eed7720 00007f8703a219e0
0x00007fff5ecce6a8:   000000076eed7720 00007fff5ecce6b0
0x00007fff5ecce6b8:   00000001997b96b6 00007fff5ecce700
0x00007fff5ecce6c8:   00000001997b9770 0000000000000000 

Instructions: (pc=0x00007fffc76ebb5d)
0x00007fffc76ebb3d:   0f 1f 00 48 85 ff 2e 74 62 40 f6 c7 01 2e 75 66
0x00007fffc76ebb4d:   49 ba f8 ff ff ff ff 7f 00 00 4c 23 17 49 89 f3
0x00007fffc76ebb5d:   45 23 5a 18 49 c1 e3 04 4d 03 5a 10 49 3b 33 75
0x00007fffc76ebb6d:   04 41 ff 63 08 49 83 3b 01 76 0d 49 83 c3 10 49 

Register to memory mapping:

RAX=0x00007f87039a6e00 is an unknown value
RBX=0x000000011f772450: Java_jogamp_nativewindow_macosx_OSXUtil_GetScreenRefreshRate0+0x1cf0 in /private/var/folders/4_/yrvtrwb51qjbq8pt86jb9j9m0000gn/T/jogamp_0000/file_cache/jln8623033303316298868/jln7519345555557905709/libnativewindow_macosx.jnilib at 0x000000011f76b000
RCX=0x00007f8700c00240 is an unknown value
RDX=0x0000000000000000 is an unknown value
RSP=0x00007fff5ecce4d8 is pointing into the stack for thread: 0x00007f86ff123000
RBP=0x00007fff5ecce590 is pointing into the stack for thread: 0x00007f86ff123000
RSI=0x00007fffb11d79af: __NSStyleNameIndexTable+0x7f720 in /System/Library/Frameworks/AppKit.framework/Versions/C/AppKit at 0x00007fffb0570000
RDI=0x00007f8703a219e0 is an unknown value
R8 =0x0000000000000018 is an unknown value
R9 =0x00007f8700c00510 is an unknown value
R10=0x0000000000000000 is an unknown value
R11=0x00007fffb11d79af: __NSStyleNameIndexTable+0x7f720 in /System/Library/Frameworks/AppKit.framework/Versions/C/AppKit at 0x00007fffb0570000
R12=0x0000000000000000 is an unknown value
R13={method} {0x00000001942eeb90} 'UnsetJAWTRootSurfaceLayer0' '(JJ)V' in 'jogamp/nativewindow/jawt/macosx/MacOSXJAWTWindow'
R14=0x000000011f772440: Java_jogamp_nativewindow_macosx_OSXUtil_GetScreenRefreshRate0+0x1ce0 in /private/var/folders/4_/yrvtrwb51qjbq8pt86jb9j9m0000gn/T/jogamp_0000/file_cache/jln8623033303316298868/jln7519345555557905709/libnativewindow_macosx.jnilib at 0x000000011f76b000
R15=0x00007f86ff123000 is a thread


Stack: [0x00007fff5e4d3000,0x00007fff5ecd3000],  sp=0x00007fff5ecce4d8,  free space=8173k
Native frames: (J=compiled Java code, j=interpreted, Vv=VM code, C=native code)
C  [libobjc.A.dylib+0x6b5d]  objc_msgSend+0x1d
j  jogamp.nativewindow.jawt.macosx.MacOSXJAWTWindow.UnsetJAWTRootSurfaceLayer0(JJ)V+0
j  jogamp.nativewindow.jawt.macosx.MacOSXJAWTWindow.access$200(JJ)V+2
j  jogamp.nativewindow.jawt.macosx.MacOSXJAWTWindow$1.run()V+38
j  com.jogamp.common.util.RunnableTask.run()V+24
v  ~StubRoutines::call_stub
V  [libjvm.dylib+0x2ed9d6]
V  [libjvm.dylib+0x324b65]
V  [libjvm.dylib+0x317333]
C  [libnativewindow_macosx.jnilib+0x5326]  Java_jogamp_nativewindow_jawt_macosx_MacOSXJAWTWindow_UnsetJAWTRootSurfaceLayer0+0x2b6
C  [Foundation+0x7188a]  __NSThreadPerformPerform+0x146
C  [CoreFoundation+0xa7981]  __CFRUNLOOP_IS_CALLING_OUT_TO_A_SOURCE0_PERFORM_FUNCTION__+0x11
C  [CoreFoundation+0x889f7]  __CFRunLoopDoSources0+0x1a7
C  [CoreFoundation+0x87f76]  __CFRunLoopRun+0x3a6
C  [CoreFoundation+0x87974]  CFRunLoopRunSpecific+0x1a4
C  [HIToolbox+0x30a5c]  RunCurrentEventLoopInMode+0xf0
C  [HIToolbox+0x30799]  ReceiveNextEventCommon+0xb8
C  [HIToolbox+0x306c6]  _BlockUntilNextEventMatchingListInModeWithFilter+0x47
C  [AppKit+0x475b4]  _DPSNextEvent+0x460
C  [AppKit+0x7c1d6b]  -[NSApplication(NSEvent) _nextEventMatchingEventMask:untilDate:inMode:dequeue:]+0xae5
C  [libosxapp.dylib+0x23aa]  -[NSApplicationAWT nextEventMatchingMask:untilDate:inMode:dequeue:]+0x7c
C  [AppKit+0x3bf35]  -[NSApplication run]+0x39e
C  [libosxapp.dylib+0x214d]  +[NSApplicationAWT runAWTLoopWithApp:]+0x9c
C  [libawt_lwawt.dylib+0x45ff7]  -[AWTStarter starter:]+0x389
C  [Foundation+0x7188a]  __NSThreadPerformPerform+0x146
C  [CoreFoundation+0xa7981]  __CFRUNLOOP_IS_CALLING_OUT_TO_A_SOURCE0_PERFORM_FUNCTION__+0x11
C  [CoreFoundation+0x88a7d]  __CFRunLoopDoSources0+0x22d
C  [CoreFoundation+0x87f76]  __CFRunLoopRun+0x3a6
C  [CoreFoundation+0x87974]  CFRunLoopRunSpecific+0x1a4
C  [java+0x6465]  CreateExecutionEnvironment+0x367
C  [java+0x218c]  JLI_Launch+0x7a0
C  [java+0x84c2]  main+0x65
C  [java+0x19e4]  start+0x34
C  0x0000000000000007

Java frames: (J=compiled Java code, j=interpreted, Vv=VM code)
j  jogamp.nativewindow.jawt.macosx.MacOSXJAWTWindow.UnsetJAWTRootSurfaceLayer0(JJ)V+0
j  jogamp.nativewindow.jawt.macosx.MacOSXJAWTWindow.access$200(JJ)V+2
j  jogamp.nativewindow.jawt.macosx.MacOSXJAWTWindow$1.run()V+38
j  com.jogamp.common.util.RunnableTask.run()V+24
v  ~StubRoutines::call_stub

---------------  P R O C E S S  ---------------

Java Threads: ( => current thread )
  0x00007f87058b3800 JavaThread "Thread-11" [_thread_in_native, id=81415, stack(0x0000700003d65000,0x0000700003e65000)]
  0x00007f8706035000 JavaThread "Thread-9" [_thread_in_native, id=77943, stack(0x0000700003f6b000,0x000070000406b000)]
  0x00007f87000b5000 JavaThread "Thread-8" [_thread_blocked, id=81927, stack(0x0000700003c62000,0x0000700003d62000)]
  0x00007f86ff0b6000 JavaThread "Thread-7" [_thread_blocked, id=85763, stack(0x000070000457d000,0x000070000467d000)]
  0x00007f8706088000 JavaThread "Image Fetcher 3" daemon [_thread_in_Java, id=85251, stack(0x000070000447a000,0x000070000457a000)]
  0x00007f86ff0b5800 JavaThread "Image Fetcher 2" daemon [_thread_blocked, id=84739, stack(0x0000700004377000,0x0000700004477000)]
  0x00007f87060dd000 JavaThread "Image Fetcher 1" daemon [_thread_blocked, id=84227, stack(0x0000700004274000,0x0000700004374000)]
  0x00007f86ff7a7000 JavaThread "Image Fetcher 0" daemon [_thread_blocked, id=83715, stack(0x0000700004171000,0x0000700004271000)]
  0x00007f86ff7a6800 JavaThread "Keep-Alive-Timer" daemon [_thread_blocked, id=82439, stack(0x000070000406e000,0x000070000416e000)]
  0x00007f8700435000 JavaThread "AWT-EventQueue-1" [_thread_in_native, id=71719, stack(0x0000700003adc000,0x0000700003bdc000)]
  0x00007f86fe88a000 JavaThread "DestroyJavaVM" [_thread_blocked, id=7171, stack(0x0000700002411000,0x0000700002511000)]
  0x00007f8700317000 JavaThread "AWT-EventQueue-0" [_thread_blocked, id=62467, stack(0x00007000038d6000,0x00007000039d6000)]
  0x00007f86ff924000 JavaThread "Java2D Disposer" daemon [_thread_blocked, id=58651, stack(0x000070000364d000,0x000070000374d000)]
  0x00007f86ff192800 JavaThread "Java2D Queue Flusher" daemon [_thread_blocked, id=51731, stack(0x000070000354a000,0x000070000364a000)]
  0x00007f8700050000 JavaThread "AWT-Shutdown" [_thread_blocked, id=30751, stack(0x0000700003341000,0x0000700003441000)]
=>0x00007f86ff123000 JavaThread "AWT-AppKit" daemon [_thread_in_native, id=775, stack(0x00007fff5e4d3000,0x00007fff5ecd3000)]
  0x00007f86ff816000 JavaThread "Service Thread" daemon [_thread_blocked, id=18691, stack(0x0000700003035000,0x0000700003135000)]
  0x00007f8700030000 JavaThread "C1 CompilerThread2" daemon [_thread_blocked, id=18179, stack(0x0000700002f32000,0x0000700003032000)]
  0x00007f86ff02e800 JavaThread "C2 CompilerThread1" daemon [_thread_in_native, id=17667, stack(0x0000700002e2f000,0x0000700002f2f000)]
  0x00007f8700046000 JavaThread "C2 CompilerThread0" daemon [_thread_in_native, id=17155, stack(0x0000700002d2c000,0x0000700002e2c000)]
  0x00007f86ff02a800 JavaThread "Signal Dispatcher" daemon [_thread_blocked, id=16643, stack(0x0000700002c29000,0x0000700002d29000)]
  0x00007f86ff804000 JavaThread "Finalizer" daemon [_thread_blocked, id=12547, stack(0x0000700002b26000,0x0000700002c26000)]
  0x00007f8700011800 JavaThread "Reference Handler" daemon [_thread_blocked, id=12035, stack(0x0000700002a23000,0x0000700002b23000)]

Other Threads:
  0x00007f86ff041800 VMThread [stack: 0x0000700002920000,0x0000700002a20000] [id=11523]
  0x00007f86ff029000 WatcherThread [stack: 0x0000700003138000,0x0000700003238000] [id=19203]

VM state:not at safepoint (normal execution)

VM Mutex/Monitor currently owned by a thread: None

Heap:
 PSYoungGen      total 76288K, used 33625K [0x000000076ab00000, 0x0000000774000000, 0x00000007c0000000)
  eden space 65536K, 34% used [0x000000076ab00000,0x000000076c15a348,0x000000076eb00000)
  from space 10752K, 99% used [0x000000076eb00000,0x000000076f57c3c0,0x000000076f580000)
  to   space 10752K, 0% used [0x0000000773580000,0x0000000773580000,0x0000000774000000)
 ParOldGen       total 175104K, used 13923K [0x00000006c0000000, 0x00000006cab00000, 0x000000076ab00000)
  object space 175104K, 7% used [0x00000006c0000000,0x00000006c0d98e30,0x00000006cab00000)
 Metaspace       used 20699K, capacity 20909K, committed 21120K, reserved 1069056K
  class space    used 2071K, capacity 2137K, committed 2176K, reserved 1048576K

Card table byte_map: [0x0000000102b62000,0x0000000103363000] byte_map_base: 0x00000000ff562000

Marking Bits: (ParMarkBitMap*) 0x00000001020f0d30
 Begin Bits: [0x0000000113535000, 0x0000000117535000)
 End Bits:   [0x0000000117535000, 0x000000011b535000)

Polling page: 0x0000000100fed000

CodeCache: size=245760Kb used=8158Kb max_used=8163Kb free=237601Kb
 bounds [0x0000000104535000, 0x0000000104d45000, 0x0000000113535000]
 total_blobs=3042 nmethods=2146 adapters=809
 compilation: enabled

Compilation events (10 events):
Event: 5.869 Thread 0x00007f8700030000 2164       3       sun.net.www.ParseUtil::canonizeString (195 bytes)
Event: 5.871 Thread 0x00007f8700030000 nmethod 2164 0x0000000104d2e810 code [0x0000000104d2ebe0, 0x0000000104d31028]
Event: 5.871 Thread 0x00007f8700030000 2168       1       sun.java2d.SurfaceData::isValid (5 bytes)
Event: 5.871 Thread 0x00007f8700030000 nmethod 2168 0x0000000104cfe290 code [0x0000000104cfe3e0, 0x0000000104cfe4f0]
Event: 5.871 Thread 0x00007f8700030000 2169       3       java.lang.String::valueOf (14 bytes)
Event: 5.872 Thread 0x00007f8700030000 nmethod 2169 0x0000000104d22810 code [0x0000000104d22980, 0x0000000104d22bc8]
Event: 5.872 Thread 0x00007f8700046000 nmethod 2166 0x0000000104d1df90 code [0x0000000104d1e100, 0x0000000104d1e878]
Event: 5.874 Thread 0x00007f8700030000 2170 %     3       sun.awt.image.PNGImageDecoder::update_crc @ 3 (41 bytes)
Event: 5.874 Thread 0x00007f8700030000 nmethod 2170% 0x0000000104d34d90 code [0x0000000104d34f00, 0x0000000104d35190]
Event: 5.874 Thread 0x00007f86ff02e800 2171   !   4       sun.awt.image.PNGImageDecoder::produceImage (1916 bytes)

GC Heap History (6 events):
Event: 3.978 GC heap before
{Heap before GC invocations=1 (full 0):
 PSYoungGen      total 76288K, used 65536K [0x000000076ab00000, 0x0000000770000000, 0x00000007c0000000)
  eden space 65536K, 100% used [0x000000076ab00000,0x000000076eb00000,0x000000076eb00000)
  from space 10752K, 0% used [0x000000076f580000,0x000000076f580000,0x0000000770000000)
  to   space 10752K, 0% used [0x000000076eb00000,0x000000076eb00000,0x000000076f580000)
 ParOldGen       total 175104K, used 0K [0x00000006c0000000, 0x00000006cab00000, 0x000000076ab00000)
  object space 175104K, 0% used [0x00000006c0000000,0x00000006c0000000,0x00000006cab00000)
 Metaspace       used 19004K, capacity 19259K, committed 19456K, reserved 1067008K
  class space    used 1936K, capacity 2038K, committed 2048K, reserved 1048576K
Event: 3.992 GC heap after
Heap after GC invocations=1 (full 0):
 PSYoungGen      total 76288K, used 10736K [0x000000076ab00000, 0x0000000770000000, 0x00000007c0000000)
  eden space 65536K, 0% used [0x000000076ab00000,0x000000076ab00000,0x000000076eb00000)
  from space 10752K, 99% used [0x000000076eb00000,0x000000076f57c070,0x000000076f580000)
  to   space 10752K, 0% used [0x000000076f580000,0x000000076f580000,0x0000000770000000)
 ParOldGen       total 175104K, used 3413K [0x00000006c0000000, 0x00000006cab00000, 0x000000076ab00000)
  object space 175104K, 1% used [0x00000006c0000000,0x00000006c03556a0,0x00000006cab00000)
 Metaspace       used 19004K, capacity 19259K, committed 19456K, reserved 1067008K
  class space    used 1936K, capacity 2038K, committed 2048K, reserved 1048576K
}
Event: 4.890 GC heap before
{Heap before GC invocations=2 (full 0):
 PSYoungGen      total 76288K, used 76272K [0x000000076ab00000, 0x0000000770000000, 0x00000007c0000000)
  eden space 65536K, 100% used [0x000000076ab00000,0x000000076eb00000,0x000000076eb00000)
  from space 10752K, 99% used [0x000000076eb00000,0x000000076f57c070,0x000000076f580000)
  to   space 10752K, 0% used [0x000000076f580000,0x000000076f580000,0x0000000770000000)
 ParOldGen       total 175104K, used 3413K [0x00000006c0000000, 0x00000006cab00000, 0x000000076ab00000)
  object space 175104K, 1% used [0x00000006c0000000,0x00000006c03556a0,0x00000006cab00000)
 Metaspace       used 19261K, capacity 19519K, committed 19712K, reserved 1067008K
  class space    used 1955K, capacity 2038K, committed 2048K, reserved 1048576K
Event: 4.902 GC heap after
Heap after GC invocations=2 (full 0):
 PSYoungGen      total 76288K, used 10749K [0x000000076ab00000, 0x0000000770000000, 0x00000007c0000000)
  eden space 65536K, 0% used [0x000000076ab00000,0x000000076ab00000,0x000000076eb00000)
  from space 10752K, 99% used [0x000000076f580000,0x000000076ffff480,0x0000000770000000)
  to   space 10752K, 0% used [0x000000076eb00000,0x000000076eb00000,0x000000076f580000)
 ParOldGen       total 175104K, used 4322K [0x00000006c0000000, 0x00000006cab00000, 0x000000076ab00000)
  object space 175104K, 2% used [0x00000006c0000000,0x00000006c0438958,0x00000006cab00000)
 Metaspace       used 19261K, capacity 19519K, committed 19712K, reserved 1067008K
  class space    used 1955K, capacity 2038K, committed 2048K, reserved 1048576K
}
Event: 5.381 GC heap before
{Heap before GC invocations=3 (full 0):
 PSYoungGen      total 76288K, used 76285K [0x000000076ab00000, 0x0000000770000000, 0x00000007c0000000)
  eden space 65536K, 100% used [0x000000076ab00000,0x000000076eb00000,0x000000076eb00000)
  from space 10752K, 99% used [0x000000076f580000,0x000000076ffff480,0x0000000770000000)
  to   space 10752K, 0% used [0x000000076eb00000,0x000000076eb00000,0x000000076f580000)
 ParOldGen       total 175104K, used 4322K [0x00000006c0000000, 0x00000006cab00000, 0x000000076ab00000)
  object space 175104K, 2% used [0x00000006c0000000,0x00000006c0438958,0x00000006cab00000)
 Metaspace       used 20346K, capacity 20557K, committed 20864K, reserved 1069056K
  class space    used 2040K, capacity 2105K, committed 2176K, reserved 1048576K
Event: 5.393 GC heap after
Heap after GC invocations=3 (full 0):
 PSYoungGen      total 76288K, used 10736K [0x000000076ab00000, 0x0000000774000000, 0x00000007c0000000)
  eden space 65536K, 0% used [0x000000076ab00000,0x000000076ab00000,0x000000076eb00000)
  from space 10752K, 99% used [0x000000076eb00000,0x000000076f57c3c0,0x000000076f580000)
  to   space 10752K, 0% used [0x0000000773580000,0x0000000773580000,0x0000000774000000)
 ParOldGen       total 175104K, used 13923K [0x00000006c0000000, 0x00000006cab00000, 0x000000076ab00000)
  object space 175104K, 7% used [0x00000006c0000000,0x00000006c0d98e30,0x00000006cab00000)
 Metaspace       used 20346K, capacity 20557K, committed 20864K, reserved 1069056K
  class space    used 2040K, capacity 2105K, committed 2176K, reserved 1048576K
}

Deoptimization events (10 events):
Event: 5.375 Thread 0x00007f8700435000 Uncommon trap: reason=unstable_if action=reinterpret pc=0x0000000104c52d14 method=de.fhpotsdam.unfolding.mapdisplay.Java2DMapDisplay.getTransformedPosition(FFZ)[F @ 1
Event: 5.435 Thread 0x00007f8700435000 Uncommon trap: reason=unstable_if action=reinterpret pc=0x0000000104c1f0a4 method=processing.core.PGraphics.colorCalc(FFFF)V @ 565
Event: 5.435 Thread 0x00007f8700435000 Uncommon trap: reason=unstable_if action=reinterpret pc=0x0000000104c282e0 method=de.fhpotsdam.unfolding.mapdisplay.Java2DMapDisplay.getInnerTransformedPosition(FFZ)[F @ 1
Event: 5.500 Thread 0x00007f8700435000 Uncommon trap: reason=unstable_if action=reinterpret pc=0x0000000104c6ff54 method=processing.core.PGraphics.style(Lprocessing/core/PStyle;)V @ 220
Event: 5.500 Thread 0x00007f8700435000 Uncommon trap: reason=unstable_if action=reinterpret pc=0x0000000104c0cb0c method=processing.opengl.PGraphicsOpenGL$Tessellator.tessellateEdges3D()V @ 4
Event: 5.500 Thread 0x00007f8700435000 Uncommon trap: reason=unstable_if action=reinterpret pc=0x0000000104c151cc method=processing.opengl.PGraphicsOpenGL$Tessellator.addLineSegment3D(III[SZ)I @ 20
Event: 5.501 Thread 0x00007f8700435000 Uncommon trap: reason=unstable_if action=reinterpret pc=0x0000000104c76d20 method=processing.opengl.PGraphicsOpenGL$Tessellator.noCapsJoins()Z @ 23
Event: 5.642 Thread 0x00007f86fec07800 Uncommon trap: reason=unstable_if action=reinterpret pc=0x0000000104ab8714 method=java.lang.String.regionMatches(ZILjava/lang/String;II)Z @ 123
Event: 5.854 Thread 0x00007f86ff164000 Uncommon trap: reason=unstable_if action=reinterpret pc=0x0000000104ba1c68 method=java.util.HashMap.putVal(ILjava/lang/Object;Ljava/lang/Object;ZZ)Ljava/lang/Object; @ 81
Event: 5.854 Thread 0x00007f86ff164000 Uncommon trap: reason=unstable_if action=reinterpret pc=0x0000000104a714d8 method=java.util.HashMap.putVal(ILjava/lang/Object;Ljava/lang/Object;ZZ)Ljava/lang/Object; @ 81

Internal exceptions (10 events):
Event: 0.180 Thread 0x00007f8700005000 Exception <a 'java/lang/NoSuchFieldError': method resolution failed> (0x000000076adb4198) thrown at [/Users/java_re/workspace/8-2-build-macosx-x86_64/jdk8u121/8372/hotspot/src/share/vm/prims/methodHandles.cpp, line 1146]
Event: 0.394 Thread 0x00007f8700005000 Exception <a 'java/io/FileNotFoundException'> (0x000000076ae2f690) thrown at [/Users/java_re/workspace/8-2-build-macosx-x86_64/jdk8u121/8372/hotspot/src/share/vm/prims/jni.cpp, line 709]
Event: 0.394 Thread 0x00007f8700005000 Exception <a 'java/io/FileNotFoundException'> (0x000000076ae301f8) thrown at [/Users/java_re/workspace/8-2-build-macosx-x86_64/jdk8u121/8372/hotspot/src/share/vm/prims/jni.cpp, line 709]
Event: 0.532 Thread 0x00007f8700005000 Exception <a 'java/io/FileNotFoundException'> (0x000000076aec45a0) thrown at [/Users/java_re/workspace/8-2-build-macosx-x86_64/jdk8u121/8372/hotspot/src/share/vm/prims/jni.cpp, line 709]
Event: 2.737 Thread 0x00007f86ff17b800 Exception <a 'java/lang/UnsatisfiedLinkError': com.jogamp.common.util.JarUtil.fixNativeLibAttribs(Ljava/lang/String;)Z> (0x000000076c757b50) thrown at [/Users/java_re/workspace/8-2-build-macosx-x86_64/jdk8u121/8372/hotspot/src/share/vm/prims/nativeLookup.
Event: 3.588 Thread 0x00007f8700435000 Exception <a 'java/io/FileNotFoundException'> (0x000000076d7e2830) thrown at [/Users/java_re/workspace/8-2-build-macosx-x86_64/jdk8u121/8372/hotspot/src/share/vm/prims/jni.cpp, line 709]
Event: 3.588 Thread 0x00007f8700435000 Exception <a 'java/io/FileNotFoundException'> (0x000000076d7e86e8) thrown at [/Users/java_re/workspace/8-2-build-macosx-x86_64/jdk8u121/8372/hotspot/src/share/vm/prims/jni.cpp, line 709]
Event: 3.588 Thread 0x00007f8700435000 Implicit null exception at 0x00000001046fa9b6 to 0x00000001046fad85
Event: 3.993 Thread 0x00007f86ff804000 Exception <a 'java/lang/NullPointerException'> (0x000000076adc5cd8) thrown at [/Users/java_re/workspace/8-2-build-macosx-x86_64/jdk8u121/8372/hotspot/src/share/vm/interpreter/linkResolver.cpp, line 1178]
Event: 5.026 Thread 0x00007f8700435000 Implicit null exception at 0x00000001048e4006 to 0x00000001048e424d

Events (10 events):
Event: 5.869 loading class java/awt/Window$1DisposeAction
Event: 5.869 loading class java/awt/Window$1DisposeAction done
Event: 5.873 Executing VM operation: RevokeBias
Event: 5.873 Executing VM operation: RevokeBias done
Event: 5.874 Executing VM operation: RevokeBias
Event: 5.874 Executing VM operation: RevokeBias done
Event: 5.874 Executing VM operation: RevokeBias
Event: 5.874 Executing VM operation: RevokeBias done
Event: 5.874 Thread 0x00007f86ff0b5800 DEOPT PACKING pc=0x0000000104cdd531 sp=0x0000700004476560
Event: 5.874 Thread 0x00007f86ff0b5800 DEOPT UNPACKING pc=0x000000010457c633 sp=0x00007000044763b8 mode 0


Dynamic libraries:
0x000000003d6d4000 	/System/Library/Frameworks/Cocoa.framework/Versions/A/Cocoa
0x000000003d6d4000 	/System/Library/Frameworks/Security.framework/Versions/A/Security
0x000000003d6d4000 	/System/Library/Frameworks/ApplicationServices.framework/Versions/A/ApplicationServices
0x000000003d6d4000 	/usr/lib/libz.1.dylib
0x000000003d6d4000 	/usr/lib/libSystem.B.dylib
0x000000003d6d4000 	/usr/lib/libobjc.A.dylib
0x000000003d6d4000 	/System/Library/Frameworks/CoreFoundation.framework/Versions/A/CoreFoundation
0x000000003d6d4000 	/System/Library/Frameworks/Foundation.framework/Versions/C/Foundation
0x000000003d6d4000 	/System/Library/Frameworks/AppKit.framework/Versions/C/AppKit
0x000000003d6d4000 	/System/Library/Frameworks/CoreData.framework/Versions/A/CoreData
0x000000003d6d4000 	/System/Library/PrivateFrameworks/RemoteViewServices.framework/Versions/A/RemoteViewServices
0x000000003d6d4000 	/System/Library/PrivateFrameworks/UIFoundation.framework/Versions/A/UIFoundation
0x000000003d6d4000 	/System/Library/PrivateFrameworks/DFRFoundation.framework/Versions/A/DFRFoundation
0x000000003d6d4000 	/usr/lib/libenergytrace.dylib
0x000000003d6d4000 	/System/Library/PrivateFrameworks/SkyLight.framework/Versions/A/SkyLight
0x000000003d6d4000 	/System/Library/Frameworks/CoreGraphics.framework/Versions/A/CoreGraphics
0x000000003d6d4000 	/usr/lib/libScreenReader.dylib
0x000000003d6d4000 	/System/Library/Frameworks/Accelerate.framework/Versions/A/Accelerate
0x000000003d6d4000 	/System/Library/Frameworks/IOSurface.framework/Versions/A/IOSurface
0x000000003d6d4000 	/System/Library/Frameworks/AudioToolbox.framework/Versions/A/AudioToolbox
0x000000003d6d4000 	/System/Library/Frameworks/AudioUnit.framework/Versions/A/AudioUnit
0x000000003d6d4000 	/System/Library/PrivateFrameworks/DataDetectorsCore.framework/Versions/A/DataDetectorsCore
0x000000003d6d4000 	/System/Library/PrivateFrameworks/DesktopServicesPriv.framework/Versions/A/DesktopServicesPriv
0x000000003d6d4000 	/System/Library/Frameworks/Carbon.framework/Versions/A/Frameworks/HIToolbox.framework/Versions/A/HIToolbox
0x000000003d6d4000 	/usr/lib/libicucore.A.dylib
0x000000003d6d4000 	/System/Library/Frameworks/QuartzCore.framework/Versions/A/QuartzCore
0x000000003d6d4000 	/System/Library/Frameworks/Carbon.framework/Versions/A/Frameworks/SpeechRecognition.framework/Versions/A/SpeechRecognition
0x000000003d6d4000 	/usr/lib/libauto.dylib
0x000000003d6d4000 	/usr/lib/libxml2.2.dylib
0x000000003d6d4000 	/System/Library/PrivateFrameworks/CoreUI.framework/Versions/A/CoreUI
0x000000003d6d4000 	/System/Library/Frameworks/CoreAudio.framework/Versions/A/CoreAudio
0x000000003d6d4000 	/System/Library/Frameworks/DiskArbitration.framework/Versions/A/DiskArbitration
0x000000003d6d4000 	/usr/lib/liblangid.dylib
0x000000003d6d4000 	/System/Library/PrivateFrameworks/MultitouchSupport.framework/Versions/A/MultitouchSupport
0x000000003d6d4000 	/System/Library/Frameworks/IOKit.framework/Versions/A/IOKit
0x000000003d6d4000 	/usr/lib/libDiagnosticMessagesClient.dylib
0x000000003d6d4000 	/System/Library/Frameworks/CoreServices.framework/Versions/A/CoreServices
0x000000003d6d4000 	/System/Library/PrivateFrameworks/PerformanceAnalysis.framework/Versions/A/PerformanceAnalysis
0x000000003d6d4000 	/System/Library/PrivateFrameworks/GenerationalStorage.framework/Versions/A/GenerationalStorage
0x000000003d6d4000 	/System/Library/Frameworks/OpenGL.framework/Versions/A/OpenGL
0x000000003d6d4000 	/System/Library/Frameworks/CoreImage.framework/Versions/A/CoreImage
0x000000003d6d4000 	/System/Library/Frameworks/CoreText.framework/Versions/A/CoreText
0x000000003d6d4000 	/System/Library/Frameworks/ImageIO.framework/Versions/A/ImageIO
0x000000003d6d4000 	/System/Library/PrivateFrameworks/Backup.framework/Versions/A/Backup
0x000000003d6d4000 	/usr/lib/libarchive.2.dylib
0x000000003d6d4000 	/System/Library/Frameworks/CFNetwork.framework/Versions/A/CFNetwork
0x000000003d6d4000 	/System/Library/Frameworks/SystemConfiguration.framework/Versions/A/SystemConfiguration
0x000000003d6d4000 	/usr/lib/libCRFSuite.dylib
0x000000003d6d4000 	/usr/lib/libc++.1.dylib
0x000000003d6d4000 	/usr/lib/libc++abi.dylib
0x000000003d6d4000 	/usr/lib/system/libcache.dylib
0x000000003d6d4000 	/usr/lib/system/libcommonCrypto.dylib
0x000000003d6d4000 	/usr/lib/system/libcompiler_rt.dylib
0x000000003d6d4000 	/usr/lib/system/libcopyfile.dylib
0x000000003d6d4000 	/usr/lib/system/libcorecrypto.dylib
0x000000003d6d4000 	/usr/lib/system/libdispatch.dylib
0x000000003d6d4000 	/usr/lib/system/libdyld.dylib
0x000000003d6d4000 	/usr/lib/system/libkeymgr.dylib
0x000000003d6d4000 	/usr/lib/system/liblaunch.dylib
0x000000003d6d4000 	/usr/lib/system/libmacho.dylib
0x000000003d6d4000 	/usr/lib/system/libquarantine.dylib
0x000000003d6d4000 	/usr/lib/system/libremovefile.dylib
0x000000003d6d4000 	/usr/lib/system/libsystem_asl.dylib
0x000000003d6d4000 	/usr/lib/system/libsystem_blocks.dylib
0x000000003d6d4000 	/usr/lib/system/libsystem_c.dylib
0x000000003d6d4000 	/usr/lib/system/libsystem_configuration.dylib
0x000000003d6d4000 	/usr/lib/system/libsystem_coreservices.dylib
0x000000003d6d4000 	/usr/lib/system/libsystem_coretls.dylib
0x000000003d6d4000 	/usr/lib/system/libsystem_dnssd.dylib
0x000000003d6d4000 	/usr/lib/system/libsystem_info.dylib
0x000000003d6d4000 	/usr/lib/system/libsystem_kernel.dylib
0x000000003d6d4000 	/usr/lib/system/libsystem_m.dylib
0x000000003d6d4000 	/usr/lib/system/libsystem_malloc.dylib
0x000000003d6d4000 	/usr/lib/system/libsystem_network.dylib
0x000000003d6d4000 	/usr/lib/system/libsystem_networkextension.dylib
0x000000003d6d4000 	/usr/lib/system/libsystem_notify.dylib
0x000000003d6d4000 	/usr/lib/system/libsystem_platform.dylib
0x000000003d6d4000 	/usr/lib/system/libsystem_pthread.dylib
0x000000003d6d4000 	/usr/lib/system/libsystem_sandbox.dylib
0x000000003d6d4000 	/usr/lib/system/libsystem_secinit.dylib
0x000000003d6d4000 	/usr/lib/system/libsystem_symptoms.dylib
0x000000003d6d4000 	/usr/lib/system/libsystem_trace.dylib
0x000000003d6d4000 	/usr/lib/system/libunwind.dylib
0x000000003d6d4000 	/usr/lib/system/libxpc.dylib
0x000000003d6d4000 	/usr/lib/libbsm.0.dylib
0x000000003d6d4000 	/usr/lib/system/libkxld.dylib
0x000000003d6d4000 	/usr/lib/libcoretls.dylib
0x000000003d6d4000 	/usr/lib/libcoretls_cfhelpers.dylib
0x000000003d6d4000 	/usr/lib/libxar.1.dylib
0x000000003d6d4000 	/usr/lib/libsqlite3.dylib
0x000000003d6d4000 	/usr/lib/libpam.2.dylib
0x000000003d6d4000 	/usr/lib/libOpenScriptingUtil.dylib
0x000000003d6d4000 	/usr/lib/libbz2.1.0.dylib
0x000000003d6d4000 	/usr/lib/liblzma.5.dylib
0x000000003d6d4000 	/usr/lib/libnetwork.dylib
0x000000003d6d4000 	/usr/lib/libpcap.A.dylib
0x000000003d6d4000 	/System/Library/Frameworks/CoreServices.framework/Versions/A/Frameworks/FSEvents.framework/Versions/A/FSEvents
0x000000003d6d4000 	/System/Library/Frameworks/CoreServices.framework/Versions/A/Frameworks/CarbonCore.framework/Versions/A/CarbonCore
0x000000003d6d4000 	/System/Library/Frameworks/CoreServices.framework/Versions/A/Frameworks/Metadata.framework/Versions/A/Metadata
0x000000003d6d4000 	/System/Library/Frameworks/CoreServices.framework/Versions/A/Frameworks/OSServices.framework/Versions/A/OSServices
0x000000003d6d4000 	/System/Library/Frameworks/CoreServices.framework/Versions/A/Frameworks/SearchKit.framework/Versions/A/SearchKit
0x000000003d6d4000 	/System/Library/Frameworks/CoreServices.framework/Versions/A/Frameworks/AE.framework/Versions/A/AE
0x000000003d6d4000 	/System/Library/Frameworks/CoreServices.framework/Versions/A/Frameworks/LaunchServices.framework/Versions/A/LaunchServices
0x000000003d6d4000 	/System/Library/Frameworks/CoreServices.framework/Versions/A/Frameworks/DictionaryServices.framework/Versions/A/DictionaryServices
0x000000003d6d4000 	/System/Library/Frameworks/CoreServices.framework/Versions/A/Frameworks/SharedFileList.framework/Versions/A/SharedFileList
0x000000003d6d4000 	/System/Library/Frameworks/NetFS.framework/Versions/A/NetFS
0x000000003d6d4000 	/System/Library/PrivateFrameworks/NetAuth.framework/Versions/A/NetAuth
0x000000003d6d4000 	/System/Library/PrivateFrameworks/login.framework/Versions/A/Frameworks/loginsupport.framework/Versions/A/loginsupport
0x000000003d6d4000 	/System/Library/PrivateFrameworks/TCC.framework/Versions/A/TCC
0x000000003d6d4000 	/usr/lib/libmecabra.dylib
0x000000003d6d4000 	/System/Library/Frameworks/ApplicationServices.framework/Versions/A/Frameworks/ATS.framework/Versions/A/ATS
0x000000003d6d4000 	/System/Library/Frameworks/ApplicationServices.framework/Versions/A/Frameworks/ColorSync.framework/Versions/A/ColorSync
0x000000003d6d4000 	/System/Library/Frameworks/ApplicationServices.framework/Versions/A/Frameworks/HIServices.framework/Versions/A/HIServices
0x000000003d6d4000 	/System/Library/Frameworks/ApplicationServices.framework/Versions/A/Frameworks/LangAnalysis.framework/Versions/A/LangAnalysis
0x000000003d6d4000 	/System/Library/Frameworks/ApplicationServices.framework/Versions/A/Frameworks/PrintCore.framework/Versions/A/PrintCore
0x000000003d6d4000 	/System/Library/Frameworks/ApplicationServices.framework/Versions/A/Frameworks/QD.framework/Versions/A/QD
0x000000003d6d4000 	/System/Library/Frameworks/ApplicationServices.framework/Versions/A/Frameworks/SpeechSynthesis.framework/Versions/A/SpeechSynthesis
0x000000003d6d4000 	/System/Library/Frameworks/Accelerate.framework/Versions/A/Frameworks/vImage.framework/Versions/A/vImage
0x000000003d6d4000 	/System/Library/Frameworks/Accelerate.framework/Versions/A/Frameworks/vecLib.framework/Versions/A/vecLib
0x000000003d6d4000 	/System/Library/Frameworks/Accelerate.framework/Versions/A/Frameworks/vecLib.framework/Versions/A/libvDSP.dylib
0x000000003d6d4000 	/System/Library/Frameworks/Accelerate.framework/Versions/A/Frameworks/vecLib.framework/Versions/A/libBNNS.dylib
0x000000003d6d4000 	/System/Library/Frameworks/Accelerate.framework/Versions/A/Frameworks/vecLib.framework/Versions/A/libQuadrature.dylib
0x000000003d6d4000 	/System/Library/Frameworks/Accelerate.framework/Versions/A/Frameworks/vecLib.framework/Versions/A/libvMisc.dylib
0x000000003d6d4000 	/System/Library/Frameworks/Accelerate.framework/Versions/A/Frameworks/vecLib.framework/Versions/A/libLAPACK.dylib
0x000000003d6d4000 	/System/Library/Frameworks/Accelerate.framework/Versions/A/Frameworks/vecLib.framework/Versions/A/libBLAS.dylib
0x000000003d6d4000 	/System/Library/Frameworks/Accelerate.framework/Versions/A/Frameworks/vecLib.framework/Versions/A/libLinearAlgebra.dylib
0x000000003d6d4000 	/System/Library/Frameworks/Accelerate.framework/Versions/A/Frameworks/vecLib.framework/Versions/A/libSparseBLAS.dylib
0x000000003d6d4000 	/System/Library/Frameworks/ApplicationServices.framework/Versions/A/Frameworks/ATS.framework/Versions/A/Resources/libFontParser.dylib
0x000000003d6d4000 	/System/Library/Frameworks/ApplicationServices.framework/Versions/A/Frameworks/ATS.framework/Versions/A/Resources/libFontRegistry.dylib
0x000000003d6d4000 	/System/Library/Frameworks/ImageIO.framework/Versions/A/Resources/libJPEG.dylib
0x000000003d6d4000 	/System/Library/Frameworks/ImageIO.framework/Versions/A/Resources/libTIFF.dylib
0x000000003d6d4000 	/System/Library/Frameworks/ImageIO.framework/Versions/A/Resources/libPng.dylib
0x000000003d6d4000 	/System/Library/Frameworks/ImageIO.framework/Versions/A/Resources/libGIF.dylib
0x000000003d6d4000 	/System/Library/Frameworks/ImageIO.framework/Versions/A/Resources/libJP2.dylib
0x000000003d6d4000 	/System/Library/Frameworks/ImageIO.framework/Versions/A/Resources/libRadiance.dylib
0x000000003d6d4000 	/usr/lib/libcompression.dylib
0x000000003d6d4000 	/System/Library/PrivateFrameworks/AppleJPEG.framework/Versions/A/AppleJPEG
0x000000003d6d4000 	/usr/lib/libcups.2.dylib
0x000000003d6d4000 	/System/Library/Frameworks/Kerberos.framework/Versions/A/Kerberos
0x000000003d6d4000 	/System/Library/Frameworks/GSS.framework/Versions/A/GSS
0x000000003d6d4000 	/usr/lib/libresolv.9.dylib
0x000000003d6d4000 	/usr/lib/libiconv.2.dylib
0x000000003d6d4000 	/System/Library/PrivateFrameworks/Heimdal.framework/Versions/A/Heimdal
0x000000003d6d4000 	/usr/lib/libheimdal-asn1.dylib
0x000000003d6d4000 	/System/Library/Frameworks/OpenDirectory.framework/Versions/A/OpenDirectory
0x000000003d6d4000 	/System/Library/PrivateFrameworks/CommonAuth.framework/Versions/A/CommonAuth
0x000000003d6d4000 	/System/Library/Frameworks/OpenDirectory.framework/Versions/A/Frameworks/CFOpenDirectory.framework/Versions/A/CFOpenDirectory
0x000000003d6d4000 	/System/Library/Frameworks/SecurityFoundation.framework/Versions/A/SecurityFoundation
0x000000003d6d4000 	/System/Library/PrivateFrameworks/LanguageModeling.framework/Versions/A/LanguageModeling
0x000000003d6d4000 	/usr/lib/libmarisa.dylib
0x000000003d6d4000 	/usr/lib/libChineseTokenizer.dylib
0x000000003d6d4000 	/usr/lib/libcmph.dylib
0x000000003d6d4000 	/System/Library/PrivateFrameworks/CoreEmoji.framework/Versions/A/CoreEmoji
0x000000003d6d4000 	/System/Library/Frameworks/ServiceManagement.framework/Versions/A/ServiceManagement
0x000000003d6d4000 	/usr/lib/libxslt.1.dylib
0x000000003d6d4000 	/System/Library/Frameworks/Carbon.framework/Versions/A/Frameworks/Ink.framework/Versions/A/Ink
0x000000003d6d4000 	/System/Library/PrivateFrameworks/TextureIO.framework/Versions/A/TextureIO
0x000000003d6d4000 	/System/Library/Frameworks/Metal.framework/Versions/A/Metal
0x000000003d6d4000 	/usr/lib/libate.dylib
0x000000003d6d4000 	/System/Library/PrivateFrameworks/GPUCompiler.framework/libmetal_timestamp.dylib
0x000000003d6d4000 	/System/Library/Frameworks/OpenGL.framework/Versions/A/Libraries/libCoreFSCache.dylib
0x000000003d6d4000 	/System/Library/PrivateFrameworks/IOAccelerator.framework/Versions/A/IOAccelerator
0x000000003d6d4000 	/System/Library/Frameworks/CoreVideo.framework/Versions/A/CoreVideo
0x000000003d6d4000 	/usr/lib/libFosl_dynamic.dylib
0x000000003d6d4000 	/System/Library/PrivateFrameworks/MetalPerformanceShaders.framework/Versions/A/MetalPerformanceShaders
0x000000003d6d4000 	/System/Library/PrivateFrameworks/FaceCore.framework/Versions/A/FaceCore
0x000000003d6d4000 	/System/Library/Frameworks/OpenCL.framework/Versions/A/OpenCL
0x000000003d6d4000 	/System/Library/Frameworks/OpenGL.framework/Versions/A/Libraries/libGLU.dylib
0x000000003d6d4000 	/System/Library/Frameworks/OpenGL.framework/Versions/A/Libraries/libGFXShared.dylib
0x000000003d6d4000 	/System/Library/Frameworks/OpenGL.framework/Versions/A/Libraries/libGL.dylib
0x000000003d6d4000 	/System/Library/Frameworks/OpenGL.framework/Versions/A/Libraries/libGLImage.dylib
0x000000003d6d4000 	/System/Library/Frameworks/OpenGL.framework/Versions/A/Libraries/libCVMSPluginSupport.dylib
0x000000003d6d4000 	/System/Library/Frameworks/OpenGL.framework/Versions/A/Libraries/libCoreVMClient.dylib
0x000000003d6d4000 	/System/Library/PrivateFrameworks/CrashReporterSupport.framework/Versions/A/CrashReporterSupport
0x000000003d6d4000 	/System/Library/PrivateFrameworks/Sharing.framework/Versions/A/Sharing
0x000000003d6d4000 	/System/Library/PrivateFrameworks/IconServices.framework/Versions/A/IconServices
0x000000003d6d4000 	/System/Library/PrivateFrameworks/ProtocolBuffer.framework/Versions/A/ProtocolBuffer
0x000000003d6d4000 	/System/Library/PrivateFrameworks/Apple80211.framework/Versions/A/Apple80211
0x000000003d6d4000 	/System/Library/Frameworks/CoreWLAN.framework/Versions/A/CoreWLAN
0x000000003d6d4000 	/System/Library/PrivateFrameworks/CoreUtils.framework/Versions/A/CoreUtils
0x000000003d6d4000 	/System/Library/Frameworks/IOBluetooth.framework/Versions/A/IOBluetooth
0x000000003d6d4000 	/System/Library/PrivateFrameworks/CoreWiFi.framework/Versions/A/CoreWiFi
0x000000003d6d4000 	/System/Library/Frameworks/CoreBluetooth.framework/Versions/A/CoreBluetooth
0x000000003d6d4000 	/System/Library/Frameworks/CoreDisplay.framework/Versions/A/CoreDisplay
0x000000003d6d4000 	/System/Library/PrivateFrameworks/IOPresentment.framework/Versions/A/IOPresentment
0x000000003d6d4000 	/System/Library/PrivateFrameworks/DebugSymbols.framework/Versions/A/DebugSymbols
0x000000003d6d4000 	/System/Library/PrivateFrameworks/CoreSymbolication.framework/Versions/A/CoreSymbolication
0x000000003d6d4000 	/System/Library/PrivateFrameworks/Symbolication.framework/Versions/A/Symbolication
0x000000003d6d4000 	/System/Library/PrivateFrameworks/AppleFSCompression.framework/Versions/A/AppleFSCompression
0x000000003d6d4000 	/System/Library/PrivateFrameworks/SpeechRecognitionCore.framework/Versions/A/SpeechRecognitionCore
0x000000003d6d4000 	/System/Library/PrivateFrameworks/ChunkingLibrary.framework/Versions/A/ChunkingLibrary
0x0000000101800000 	/Library/Java/JavaVirtualMachines/jdk1.8.0_121.jdk/Contents/Home/jre/lib/server/libjvm.dylib
0x000000003d6d4000 	/usr/lib/libstdc++.6.dylib
0x0000000100faa000 	/Library/Java/JavaVirtualMachines/jdk1.8.0_121.jdk/Contents/Home/jre/lib/libverify.dylib
0x0000000100fb8000 	/Library/Java/JavaVirtualMachines/jdk1.8.0_121.jdk/Contents/Home/jre/lib/libjava.dylib
0x0000000100ff7000 	/Library/Java/JavaVirtualMachines/jdk1.8.0_121.jdk/Contents/Home/jre/lib/libzip.dylib
0x000000011cc75000 	/System/Library/Frameworks/JavaVM.framework/Frameworks/JavaRuntimeSupport.framework/JavaRuntimeSupport
0x000000011cc8f000 	/System/Library/Frameworks/JavaVM.framework/Versions/A/Frameworks/JavaNativeFoundation.framework/Versions/A/JavaNativeFoundation
0x0000000104499000 	/System/Library/Frameworks/JavaVM.framework/Versions/A/JavaVM
0x000000003d6d4000 	/System/Library/Frameworks/Carbon.framework/Versions/A/Carbon
0x000000011cca4000 	/System/Library/PrivateFrameworks/JavaLaunching.framework/Versions/A/JavaLaunching
0x000000003d6d4000 	/System/Library/Frameworks/Carbon.framework/Versions/A/Frameworks/CommonPanels.framework/Versions/A/CommonPanels
0x000000003d6d4000 	/System/Library/Frameworks/Carbon.framework/Versions/A/Frameworks/Help.framework/Versions/A/Help
0x000000003d6d4000 	/System/Library/Frameworks/Carbon.framework/Versions/A/Frameworks/ImageCapture.framework/Versions/A/ImageCapture
0x000000003d6d4000 	/System/Library/Frameworks/Carbon.framework/Versions/A/Frameworks/OpenScripting.framework/Versions/A/OpenScripting
0x000000003d6d4000 	/System/Library/Frameworks/Carbon.framework/Versions/A/Frameworks/Print.framework/Versions/A/Print
0x000000003d6d4000 	/System/Library/Frameworks/Carbon.framework/Versions/A/Frameworks/SecurityHI.framework/Versions/A/SecurityHI
0x000000011e5ae000 	/Library/Java/JavaVirtualMachines/jdk1.8.0_121.jdk/Contents/Home/jre/lib/libawt.dylib
0x000000011e656000 	/Library/Java/JavaVirtualMachines/jdk1.8.0_121.jdk/Contents/Home/jre/lib/./libmlib_image.dylib
0x000000011e722000 	/Library/Java/JavaVirtualMachines/jdk1.8.0_121.jdk/Contents/Home/jre/lib/libawt_lwawt.dylib
0x000000011e7d9000 	/Library/Java/JavaVirtualMachines/jdk1.8.0_121.jdk/Contents/Home/jre/lib/./libosxapp.dylib
0x000000003d6d4000 	/System/Library/Frameworks/ExceptionHandling.framework/Versions/A/ExceptionHandling
0x000000003d6d4000 	/System/Library/PrivateFrameworks/CoreServicesInternal.framework/Versions/A/CoreServicesInternal
0x000000003d6d4000 	/System/Library/CoreServices/RawCamera.bundle/Contents/MacOS/RawCamera
0x000000003d6d4000 	/System/Library/Frameworks/Accelerate.framework/Versions/A/Frameworks/vImage.framework/Versions/A/Libraries/libCGInterfaces.dylib
0x000000003d6d4000 	/System/Library/Frameworks/ApplicationServices.framework/Versions/A/Frameworks/ATS.framework/Versions/A/Resources/libTrueTypeScaler.dylib
0x000000003d6d4000 	/System/Library/Frameworks/OpenGL.framework/Versions/A/Resources/GLEngine.bundle/GLEngine
0x000000003d6d4000 	/System/Library/Frameworks/OpenGL.framework/Versions/A/Libraries/libGLProgrammability.dylib
0x00000001205c8000 	/System/Library/Extensions/AppleIntelSKLGraphicsGLDriver.bundle/Contents/MacOS/AppleIntelSKLGraphicsGLDriver
0x000000003d6d4000 	/System/Library/PrivateFrameworks/GPUSupport.framework/Versions/A/Libraries/libGPUSupportMercury.dylib
0x000000003d6d4000 	/System/Library/Frameworks/OpenGL.framework/Versions/A/Resources/GLRendererFloat.bundle/GLRendererFloat
0x000000003d6d4000 	/System/Library/Frameworks/OpenCL.framework/Versions/A/Libraries/libcldcpuengine.dylib
0x000000003d6d4000 	/usr/lib/libcrypto.0.9.8.dylib
0x000000003d6d4000 	/System/Library/PrivateFrameworks/TrustEvaluationAgent.framework/Versions/A/TrustEvaluationAgent
0x0000000121376000 	/System/Library/Extensions/AppleIntelSKLGraphicsMTLDriver.bundle/Contents/MacOS/AppleIntelSKLGraphicsMTLDriver
0x000000003d6d4000 	/System/Library/PrivateFrameworks/FamilyControls.framework/Versions/A/FamilyControls
0x000000003d6d4000 	/System/Library/PrivateFrameworks/CommerceKit.framework/Versions/A/Frameworks/CommerceCore.framework/Versions/A/CommerceCore
0x000000003d6d4000 	/System/Library/PrivateFrameworks/SystemAdministration.framework/Versions/A/SystemAdministration
0x000000003d6d4000 	/System/Library/PrivateFrameworks/AppContainer.framework/Versions/A/AppContainer
0x000000003d6d4000 	/System/Library/PrivateFrameworks/SecCodeWrapper.framework/Versions/A/SecCodeWrapper
0x000000003d6d4000 	/System/Library/Frameworks/DirectoryService.framework/Versions/A/DirectoryService
0x000000003d6d4000 	/System/Library/PrivateFrameworks/DiskImages.framework/Versions/A/DiskImages
0x000000003d6d4000 	/System/Library/PrivateFrameworks/LoginUIKit.framework/Versions/A/Frameworks/LoginUICore.framework/Versions/A/LoginUICore
0x000000003d6d4000 	/usr/lib/libCoreStorage.dylib
0x000000003d6d4000 	/usr/lib/libcsfde.dylib
0x000000003d6d4000 	/usr/lib/libodfde.dylib
0x000000003d6d4000 	/System/Library/Frameworks/DiscRecording.framework/Versions/A/DiscRecording
0x000000003d6d4000 	/usr/lib/libcurl.4.dylib
0x000000003d6d4000 	/System/Library/PrivateFrameworks/MediaKit.framework/Versions/A/MediaKit
0x000000003d6d4000 	/System/Library/PrivateFrameworks/ProtectedCloudStorage.framework/Versions/A/ProtectedCloudStorage
0x000000003d6d4000 	/System/Library/PrivateFrameworks/EFILogin.framework/Versions/A/EFILogin
0x000000003d6d4000 	/usr/lib/libutil.dylib
0x000000003d6d4000 	/System/Library/Frameworks/LDAP.framework/Versions/A/LDAP
0x000000003d6d4000 	/usr/lib/libsasl2.2.dylib
0x000000003d6d4000 	/System/Library/PrivateFrameworks/CoreDaemon.framework/Versions/B/CoreDaemon
0x000000003d6d4000 	/System/Library/PrivateFrameworks/AppleSRP.framework/Versions/A/AppleSRP
0x000000003d6d4000 	/System/Library/PrivateFrameworks/APFS.framework/Versions/A/APFS
0x00000001232ba000 	/Library/Java/JavaVirtualMachines/jdk1.8.0_121.jdk/Contents/Home/jre/lib/libfontmanager.dylib
0x0000000124387000 	/Library/Java/JavaVirtualMachines/jdk1.8.0_121.jdk/Contents/Home/jre/lib/libosxui.dylib
0x000000003d6d4000 	/System/Library/PrivateFrameworks/ViewBridge.framework/Versions/A/ViewBridge
0x000000003d6d4000 	/System/Library/PrivateFrameworks/XPCService.framework/Versions/A/XPCService
0x000000003d6d4000 	/System/Library/PrivateFrameworks/AppSandbox.framework/Versions/A/AppSandbox
0x000000003d6d4000 	/usr/lib/libsandbox.1.dylib
0x000000003d6d4000 	/usr/lib/libMatch.1.dylib
0x00000001253e7000 	/Library/Java/JavaVirtualMachines/jdk1.8.0_121.jdk/Contents/Home/jre/lib/libnet.dylib
0x00000001253fe000 	/Library/Java/JavaVirtualMachines/jdk1.8.0_121.jdk/Contents/Home/jre/lib/libnio.dylib
0x000000011f760000 	/private/var/folders/4_/yrvtrwb51qjbq8pt86jb9j9m0000gn/T/jogamp_0000/file_cache/jln8623033303316298868/jln7519345555557905709/libgluegen-rt.jnilib
0x000000011f765000 	/private/var/folders/4_/yrvtrwb51qjbq8pt86jb9j9m0000gn/T/jogamp_0000/file_cache/jln8623033303316298868/jln7519345555557905709/libnativewindow_awt.jnilib
0x000000011f768000 	/Library/Java/JavaVirtualMachines/jdk1.8.0_121.jdk/Contents/Home/jre/lib/libjawt.dylib
0x000000011f76b000 	/private/var/folders/4_/yrvtrwb51qjbq8pt86jb9j9m0000gn/T/jogamp_0000/file_cache/jln8623033303316298868/jln7519345555557905709/libnativewindow_macosx.jnilib
0x000000018e27a000 	/private/var/folders/4_/yrvtrwb51qjbq8pt86jb9j9m0000gn/T/jogamp_0000/file_cache/jln8623033303316298868/jln7519345555557905709/libjogl_desktop.jnilib
0x0000000199641000 	/Library/Java/JavaVirtualMachines/jdk1.8.0_121.jdk/Contents/Home/jre/lib/libt2k.dylib

VM Arguments:
jvm_args: -Djava.security.policy=java.policy.applet -Dfile.encoding=UTF-8 
java_command: sun.applet.AppletViewer module6.EarthquakeCityMap1490850769196.html
java_class_path (initial): /Users/evelyn/Downloads/UCSDUnfoldingMaps/build:/Users/evelyn/Downloads/UCSDUnfoldingMaps/lib/core.jar:/Users/evelyn/Downloads/UCSDUnfoldingMaps/lib/gluegen-rt.jar:/Users/evelyn/Downloads/UCSDUnfoldingMaps/lib/jogl-all.jar:/Users/evelyn/Downloads/UCSDUnfoldingMaps/lib/log4j-1.2.15.jar:/Users/evelyn/Downloads/UCSDUnfoldingMaps/lib/sqlite-jdbc-3.7.2.jar:/Users/evelyn/Downloads/UCSDUnfoldingMaps/lib/json4processing.jar:/Users/evelyn/Downloads/UCSDUnfoldingMaps/lib/libTUIO.jar:/Users/evelyn/Downloads/UCSDUnfoldingMaps/lib/unfolding.0.9.7-uscd.jar
Launcher Type: SUN_STANDARD

Environment Variables:
PATH=/usr/bin:/bin:/usr/sbin:/sbin
SHELL=/bin/bash

Signal Handlers:
SIGSEGV: [libjvm.dylib+0x5b1141], sa_mask[0]=11111111011111110111111111111111, sa_flags=SA_ONSTACK|SA_RESTART|SA_SIGINFO
SIGBUS: [libjvm.dylib+0x5b1141], sa_mask[0]=11111111011111110111111111111111, sa_flags=SA_RESTART|SA_SIGINFO
SIGFPE: [libjvm.dylib+0x487bc4], sa_mask[0]=11111111011111110111111111111111, sa_flags=SA_RESTART|SA_SIGINFO
SIGPIPE: [libjvm.dylib+0x487bc4], sa_mask[0]=11111111011111110111111111111111, sa_flags=SA_RESTART|SA_SIGINFO
SIGXFSZ: [libjvm.dylib+0x487bc4], sa_mask[0]=11111111011111110111111111111111, sa_flags=SA_RESTART|SA_SIGINFO
SIGILL: [libjvm.dylib+0x487bc4], sa_mask[0]=11111111011111110111111111111111, sa_flags=SA_RESTART|SA_SIGINFO
SIGUSR1: SIG_DFL, sa_mask[0]=00000000000000000000000000000000, sa_flags=none
SIGUSR2: [libjvm.dylib+0x4876e2], sa_mask[0]=00100000000000000000000000000000, sa_flags=SA_RESTART|SA_SIGINFO
SIGHUP: [libjvm.dylib+0x485cb9], sa_mask[0]=11111111011111110111111111111111, sa_flags=SA_RESTART|SA_SIGINFO
SIGINT: [libjvm.dylib+0x485cb9], sa_mask[0]=11111111011111110111111111111111, sa_flags=SA_RESTART|SA_SIGINFO
SIGTERM: [libjvm.dylib+0x485cb9], sa_mask[0]=11111111011111110111111111111111, sa_flags=SA_RESTART|SA_SIGINFO
SIGQUIT: [libjvm.dylib+0x485cb9], sa_mask[0]=11111111011111110111111111111111, sa_flags=SA_RESTART|SA_SIGINFO


---------------  S Y S T E M  ---------------

OS:Bsduname:Darwin 16.4.0 Darwin Kernel Version 16.4.0: Thu Dec 22 22:53:21 PST 2016; root:xnu-3789.41.3~3/RELEASE_X86_64 x86_64
rlimit: STACK 8192k, CORE 0k, NPROC 709, NOFILE 10240, AS infinity
load average:3.86 2.08 1.82

CPU:total 4 (2 cores per cpu, 2 threads per core) family 6 model 78 stepping 3, cmov, cx8, fxsr, mmx, sse, sse2, sse3, ssse3, sse4.1, sse4.2, popcnt, avx, avx2, aes, clmul, erms, 3dnowpref, lzcnt, ht, tsc, tscinvbit, bmi1, bmi2, adx

Memory: 4k page, physical 16777216k(2330656k free)

/proc/meminfo:


vm_info: Java HotSpot(TM) 64-Bit Server VM (25.121-b13) for bsd-amd64 JRE (1.8.0_121-b13), built on Dec 12 2016 20:39:32 by "java_re" with gcc 4.2.1 (Based on Apple Inc. build 5658) (LLVM build 2336.11.00)

time: Thu Mar 30 18:12:55 2017
elapsed time: 5 seconds (0d 0h 0m 5s)

