#
# A fatal error has been detected by the Java Runtime Environment:
#
#  SIGSEGV (0xb) at pc=0x00007fffc42e7b5d, pid=2590, tid=0x0000000000000307
#
# JRE version: Java(TM) SE Runtime Environment (8.0_121-b13) (build 1.8.0_121-b13)
# Java VM: Java HotSpot(TM) 64-Bit Server VM (25.121-b13 mixed mode bsd-amd64 compressed oops)
# Problematic frame:
# C  [libobjc.A.dylib+0x6b5d]  objc_msgSend+0x1d
#
# Failed to write core dump. Core dumps have been disabled. To enable core dumping, try "ulimit -c unlimited" before starting Java again
#
# If you would like to submit a bug report, please visit:
#   http://bugreport.java.com/bugreport/crash.jsp
# The crash happened outside the Java Virtual Machine in native code.
# See problematic frame for where to report the bug.
#

---------------  T H R E A D  ---------------

Current thread (0x00007fadae145000):  JavaThread "AWT-AppKit" daemon [_thread_in_native, id=775, stack(0x00007fff51abf000,0x00007fff522bf000)]

siginfo: si_signo: 11 (SIGSEGV), si_code: 1 (SEGV_MAPERR), si_addr: 0x000007fadac77ab0

Registers:
RAX=0x00007fadac66c650, RBX=0x0000000131051450, RCX=0x00007fadaed00590, RDX=0x0000000000000000
RSP=0x00007fff522ba478, RBP=0x00007fff522ba530, RSI=0x00007fffaddd39af, RDI=0x00007fadb21da470
R8 =0x0000000000000018, R9 =0x00007fadaed007d0, R10=0x000007fadac77a98, R11=0x00007fffaddd39af
R12=0x0000000000000000, R13=0x00000001a0ccc900, R14=0x0000000131051440, R15=0x00007fadae145000
RIP=0x00007fffc42e7b5d, EFLAGS=0x0000000000010202, ERR=0x0000000000000004
  TRAPNO=0x000000000000000e

Top of Stack: (sp=0x00007fff522ba478)
0x00007fff522ba478:   000000013104f157 00007fff522ba4d0
0x00007fff522ba488:   0000000000000003 00007fff522ba4b0
0x00007fff522ba498:   000000010dbb0c62 00000001a0ccc900
0x00007fff522ba4a8:   00000001a0ccc900 00007fadac66c650
0x00007fff522ba4b8:   00000001310516a0 0000000131051710
0x00007fff522ba4c8:   00007fffca3486d0 00007fffcafb6030
0x00007fff522ba4d8:   0000000131051450 0000000131051690
0x00007fff522ba4e8:   00007fadac66c650 00007fadb21da470
0x00007fff522ba4f8:   00007fadac5f0ff0 00007fadac66c650
0x00007fff522ba508:   00007fadb21da470 00007fff522ba5b8
0x00007fff522ba518:   00007fadae1451f8 00000001a0ccc900
0x00007fff522ba528:   00007fff522ba5e0 00007fff522ba5a8
0x00007fff522ba538:   0000000118abc9f4 00000001a0ccc900
0x00007fff522ba548:   00007fff522ba5e0 00007fff522ba5a8
0x00007fff522ba558:   0000000118abc787 0000000118abc742
0x00007fff522ba568:   00007fff522ba568 00000001a0ccc900
0x00007fff522ba578:   00007fff522ba5e0 00000001a0ccf538
0x00007fff522ba588:   0000000000000000 00000001a0ccc900
0x00007fff522ba598:   0000000000000000 00007fff522ba5c8
0x00007fff522ba5a8:   00007fff522ba628 0000000118aad2bd
0x00007fff522ba5b8:   00000006c065aed8 0000000118ab6538
0x00007fff522ba5c8:   00007fadac66c650 00007fff522ba628
0x00007fff522ba5d8:   00007fadb21da470 0000000118ab7e02
0x00007fff522ba5e8:   00007fff522ba5e8 00000001a0cccaca
0x00007fff522ba5f8:   00007fff522ba650 00000001a0ccf538
0x00007fff522ba608:   0000000000000000 00000001a0cccad8
0x00007fff522ba618:   00007fff522ba5c8 00007fff522ba638
0x00007fff522ba628:   00007fff522ba698 0000000118aad2bd
0x00007fff522ba638:   00007fadac66c650 00000006c069e610
0x00007fff522ba648:   00007fadb21da470 00000006c069e610
0x00007fff522ba658:   00007fff522ba658 00000001a519d3e6
0x00007fff522ba668:   00007fff522ba6a8 00000001a519d4a0 

Instructions: (pc=0x00007fffc42e7b5d)
0x00007fffc42e7b3d:   0f 1f 00 48 85 ff 2e 74 62 40 f6 c7 01 2e 75 66
0x00007fffc42e7b4d:   49 ba f8 ff ff ff ff 7f 00 00 4c 23 17 49 89 f3
0x00007fffc42e7b5d:   45 23 5a 18 49 c1 e3 04 4d 03 5a 10 49 3b 33 75
0x00007fffc42e7b6d:   04 41 ff 63 08 49 83 3b 01 76 0d 49 83 c3 10 49 

Register to memory mapping:

RAX=0x00007fadac66c650 is an unknown value
RBX=0x0000000131051450: Java_jogamp_nativewindow_macosx_OSXUtil_GetScreenRefreshRate0+0x1cf0 in /private/var/folders/4_/yrvtrwb51qjbq8pt86jb9j9m0000gn/T/jogamp_0000/file_cache/jln4344288033070356610/jln1546293242576494260/libnativewindow_macosx.jnilib at 0x000000013104a000
RCX=0x00007fadaed00590 is an unknown value
RDX=0x0000000000000000 is an unknown value
RSP=0x00007fff522ba478 is pointing into the stack for thread: 0x00007fadae145000
RBP=0x00007fff522ba530 is pointing into the stack for thread: 0x00007fadae145000
RSI=0x00007fffaddd39af: __NSStyleNameIndexTable+0x7f720 in /System/Library/Frameworks/AppKit.framework/Versions/C/AppKit at 0x00007fffad16c000
RDI=0x00007fadb21da470 is an unknown value
R8 =0x0000000000000018 is an unknown value
R9 =0x00007fadaed007d0 is an unknown value
R10=0x000007fadac77a98 is an unknown value
R11=0x00007fffaddd39af: __NSStyleNameIndexTable+0x7f720 in /System/Library/Frameworks/AppKit.framework/Versions/C/AppKit at 0x00007fffad16c000
R12=0x0000000000000000 is an unknown value
R13={method} {0x00000001a0ccc900} 'UnsetJAWTRootSurfaceLayer0' '(JJ)V' in 'jogamp/nativewindow/jawt/macosx/MacOSXJAWTWindow'
R14=0x0000000131051440: Java_jogamp_nativewindow_macosx_OSXUtil_GetScreenRefreshRate0+0x1ce0 in /private/var/folders/4_/yrvtrwb51qjbq8pt86jb9j9m0000gn/T/jogamp_0000/file_cache/jln4344288033070356610/jln1546293242576494260/libnativewindow_macosx.jnilib at 0x000000013104a000
R15=0x00007fadae145000 is a thread


Stack: [0x00007fff51abf000,0x00007fff522bf000],  sp=0x00007fff522ba478,  free space=8173k
Native frames: (J=compiled Java code, j=interpreted, Vv=VM code, C=native code)
C  [libobjc.A.dylib+0x6b5d]  objc_msgSend+0x1d
j  jogamp.nativewindow.jawt.macosx.MacOSXJAWTWindow.UnsetJAWTRootSurfaceLayer0(JJ)V+0
j  jogamp.nativewindow.jawt.macosx.MacOSXJAWTWindow.access$200(JJ)V+2
j  jogamp.nativewindow.jawt.macosx.MacOSXJAWTWindow$1.run()V+38
j  com.jogamp.common.util.RunnableTask.run()V+24
v  ~StubRoutines::call_stub
V  [libjvm.dylib+0x2ed9d6]  JavaCalls::call_helper(JavaValue*, methodHandle*, JavaCallArguments*, Thread*)+0x6ae
V  [libjvm.dylib+0x324b65]  jni_invoke_nonstatic(JNIEnv_*, JavaValue*, _jobject*, JNICallType, _jmethodID*, JNI_ArgumentPusher*, Thread*)+0x2ec
V  [libjvm.dylib+0x317333]  jni_CallVoidMethod+0x16b
C  [libnativewindow_macosx.jnilib+0x5326]  Java_jogamp_nativewindow_jawt_macosx_MacOSXJAWTWindow_UnsetJAWTRootSurfaceLayer0+0x2b6
C  [Foundation+0x7188a]  __NSThreadPerformPerform+0x146
C  [CoreFoundation+0xa7981]  __CFRUNLOOP_IS_CALLING_OUT_TO_A_SOURCE0_PERFORM_FUNCTION__+0x11
C  [CoreFoundation+0x88a7d]  __CFRunLoopDoSources0+0x22d
C  [CoreFoundation+0x87f76]  __CFRunLoopRun+0x3a6
C  [CoreFoundation+0x87974]  CFRunLoopRunSpecific+0x1a4
C  [HIToolbox+0x30a5c]  RunCurrentEventLoopInMode+0xf0
C  [HIToolbox+0x30799]  ReceiveNextEventCommon+0xb8
C  [HIToolbox+0x306c6]  _BlockUntilNextEventMatchingListInModeWithFilter+0x47
C  [AppKit+0x475b4]  _DPSNextEvent+0x460
C  [AppKit+0x7c1d6b]  -[NSApplication(NSEvent) _nextEventMatchingEventMask:untilDate:inMode:dequeue:]+0xae5
C  [libosxapp.dylib+0x23aa]  -[NSApplicationAWT nextEventMatchingMask:untilDate:inMode:dequeue:]+0x7c
C  [AppKit+0x3bf35]  -[NSApplication run]+0x39e
C  [libosxapp.dylib+0x214d]  +[NSApplicationAWT runAWTLoopWithApp:]+0x9c
C  [libawt_lwawt.dylib+0x45ff7]  -[AWTStarter starter:]+0x389
C  [Foundation+0x7188a]  __NSThreadPerformPerform+0x146
C  [CoreFoundation+0xa7981]  __CFRUNLOOP_IS_CALLING_OUT_TO_A_SOURCE0_PERFORM_FUNCTION__+0x11
C  [CoreFoundation+0x88a7d]  __CFRunLoopDoSources0+0x22d
C  [CoreFoundation+0x87f76]  __CFRunLoopRun+0x3a6
C  [CoreFoundation+0x87974]  CFRunLoopRunSpecific+0x1a4
C  [java+0x6465]  CreateExecutionEnvironment+0x367
C  [java+0x218c]  JLI_Launch+0x7a0
C  [java+0x84c2]  main+0x65
C  [java+0x19e4]  start+0x34
C  0x0000000000000007

Java frames: (J=compiled Java code, j=interpreted, Vv=VM code)
j  jogamp.nativewindow.jawt.macosx.MacOSXJAWTWindow.UnsetJAWTRootSurfaceLayer0(JJ)V+0
j  jogamp.nativewindow.jawt.macosx.MacOSXJAWTWindow.access$200(JJ)V+2
j  jogamp.nativewindow.jawt.macosx.MacOSXJAWTWindow$1.run()V+38
j  com.jogamp.common.util.RunnableTask.run()V+24
v  ~StubRoutines::call_stub

---------------  P R O C E S S  ---------------

Java Threads: ( => current thread )
  0x00007fadacee4800 JavaThread "Thread-19" [_thread_blocked, id=78183, stack(0x00007000104dc000,0x00007000105dc000)]
  0x00007fadae263800 JavaThread "AWT-EventQueue-1" [_thread_in_native, id=75315, stack(0x0000700010356000,0x0000700010456000)]
  0x00007fadae205800 JavaThread "DestroyJavaVM" [_thread_blocked, id=7171, stack(0x000070000ed0e000,0x000070000ee0e000)]
  0x00007fadac9e9800 JavaThread "AWT-EventQueue-0" [_thread_blocked, id=61963, stack(0x0000700010150000,0x0000700010250000)]
  0x00007fadae17a000 JavaThread "Java2D Disposer" daemon [_thread_blocked, id=57875, stack(0x000070000fec7000,0x000070000ffc7000)]
  0x00007fadac95a800 JavaThread "Java2D Queue Flusher" daemon [_thread_blocked, id=50971, stack(0x000070000fdc4000,0x000070000fec4000)]
  0x00007fadad883800 JavaThread "AWT-Shutdown" [_thread_blocked, id=30495, stack(0x000070000fc3e000,0x000070000fd3e000)]
=>0x00007fadae145000 JavaThread "AWT-AppKit" daemon [_thread_in_native, id=775, stack(0x00007fff51abf000,0x00007fff522bf000)]
  0x00007fadad82d800 JavaThread "Service Thread" daemon [_thread_blocked, id=18691, stack(0x000070000f932000,0x000070000fa32000)]
  0x00007fadad82d000 JavaThread "C1 CompilerThread2" daemon [_thread_blocked, id=18179, stack(0x000070000f82f000,0x000070000f92f000)]
  0x00007fadad80d800 JavaThread "C2 CompilerThread1" daemon [_thread_blocked, id=17667, stack(0x000070000f72c000,0x000070000f82c000)]
  0x00007fadac84d000 JavaThread "C2 CompilerThread0" daemon [_thread_blocked, id=17155, stack(0x000070000f629000,0x000070000f729000)]
  0x00007fadac803000 JavaThread "Signal Dispatcher" daemon [_thread_blocked, id=16643, stack(0x000070000f526000,0x000070000f626000)]
  0x00007fadad81e800 JavaThread "Finalizer" daemon [_thread_blocked, id=12547, stack(0x000070000f423000,0x000070000f523000)]
  0x00007fadad81c000 JavaThread "Reference Handler" daemon [_thread_blocked, id=12035, stack(0x000070000f320000,0x000070000f420000)]

Other Threads:
  0x00007fadad018000 VMThread [stack: 0x000070000f21d000,0x000070000f31d000] [id=11523]
  0x00007fadac839000 WatcherThread [stack: 0x000070000fa35000,0x000070000fb35000] [id=19203]

VM state:not at safepoint (normal execution)

VM Mutex/Monitor currently owned by a thread: None

Heap:
 PSYoungGen      total 46080K, used 30876K [0x000000076ab00000, 0x000000076e680000, 0x00000007c0000000)
  eden space 45568K, 67% used [0x000000076ab00000,0x000000076c8ff268,0x000000076d780000)
  from space 512K, 31% used [0x000000076d800000,0x000000076d828000,0x000000076d880000)
  to   space 7680K, 0% used [0x000000076df00000,0x000000076df00000,0x000000076e680000)
 ParOldGen       total 87552K, used 16277K [0x00000006c0000000, 0x00000006c5580000, 0x000000076ab00000)
  object space 87552K, 18% used [0x00000006c0000000,0x00000006c0fe5430,0x00000006c5580000)
 Metaspace       used 21182K, capacity 21471K, committed 21808K, reserved 1069056K
  class space    used 2057K, capacity 2136K, committed 2176K, reserved 1048576K

Card table byte_map: [0x000000010f5c0000,0x000000010fdc1000] byte_map_base: 0x000000010bfc0000

Marking Bits: (ParMarkBitMap*) 0x000000010e2aed30
 Begin Bits: [0x0000000110317000, 0x0000000114317000)
 End Bits:   [0x0000000114317000, 0x0000000118317000)

Polling page: 0x000000010e9a3000

CodeCache: size=245760Kb used=9205Kb max_used=9218Kb free=236554Kb
 bounds [0x0000000118aa5000, 0x00000001193c5000, 0x0000000127aa5000]
 total_blobs=3487 nmethods=2592 adapters=808
 compilation: enabled

Compilation events (10 events):
Event: 285.282 Thread 0x00007fadad82d000 nmethod 2939 0x00000001190bc190 code [0x00000001190bc400, 0x00000001190bdfa8]
Event: 286.891 Thread 0x00007fadad80d800 2940       4       sun.java2d.SurfaceData::pixelFor (13 bytes)
Event: 286.893 Thread 0x00007fadad80d800 nmethod 2940 0x0000000119066990 code [0x0000000119066ae0, 0x0000000119066bb8]
Event: 286.897 Thread 0x00007fadad82d000 2941  s    3       sun.font.FontAccess::getFontAccess (4 bytes)
Event: 286.897 Thread 0x00007fadad82d000 nmethod 2941 0x000000011912d950 code [0x000000011912dac0, 0x000000011912dd70]
Event: 286.939 Thread 0x00007fadac84d000 2942  s    4       sun.misc.URLClassPath::getNextLoader (88 bytes)
Event: 286.939 Thread 0x00007fadad82d000 2943  s!   2       sun.misc.URLClassPath::getLoader (243 bytes)
Event: 286.941 Thread 0x00007fadad82d000 nmethod 2943 0x00000001190f1950 code [0x00000001190f1c40, 0x00000001190f3408]
Event: 286.942 Thread 0x00007fadad82d000 2944       1       sun.java2d.SurfaceData::isValid (5 bytes)
Event: 286.942 Thread 0x00007fadad82d000 nmethod 2944 0x0000000118c0de10 code [0x0000000118c0df60, 0x0000000118c0e070]

GC Heap History (10 events):
Event: 239.345 GC heap before
{Heap before GC invocations=22 (full 1):
 PSYoungGen      total 56832K, used 48256K [0x000000076ab00000, 0x000000076ef00000, 0x00000007c0000000)
  eden space 48128K, 100% used [0x000000076ab00000,0x000000076da00000,0x000000076da00000)
  from space 8704K, 1% used [0x000000076e680000,0x000000076e6a0000,0x000000076ef00000)
  to   space 10752K, 0% used [0x000000076da00000,0x000000076da00000,0x000000076e480000)
 ParOldGen       total 87552K, used 16181K [0x00000006c0000000, 0x00000006c5580000, 0x000000076ab00000)
  object space 87552K, 18% used [0x00000006c0000000,0x00000006c0fcd430,0x00000006c5580000)
 Metaspace       used 20978K, capacity 21215K, committed 21552K, reserved 1069056K
  class space    used 2048K, capacity 2136K, committed 2176K, reserved 1048576K
Event: 239.347 GC heap after
Heap after GC invocations=22 (full 1):
 PSYoungGen      total 48128K, used 128K [0x000000076ab00000, 0x000000076ed80000, 0x00000007c0000000)
  eden space 47616K, 0% used [0x000000076ab00000,0x000000076ab00000,0x000000076d980000)
  from space 512K, 25% used [0x000000076da00000,0x000000076da20000,0x000000076da80000)
  to   space 10240K, 0% used [0x000000076e380000,0x000000076e380000,0x000000076ed80000)
 ParOldGen       total 87552K, used 16205K [0x00000006c0000000, 0x00000006c5580000, 0x000000076ab00000)
  object space 87552K, 18% used [0x00000006c0000000,0x00000006c0fd3430,0x00000006c5580000)
 Metaspace       used 20978K, capacity 21215K, committed 21552K, reserved 1069056K
  class space    used 2048K, capacity 2136K, committed 2176K, reserved 1048576K
}
Event: 249.929 GC heap before
{Heap before GC invocations=23 (full 1):
 PSYoungGen      total 48128K, used 47744K [0x000000076ab00000, 0x000000076ed80000, 0x00000007c0000000)
  eden space 47616K, 100% used [0x000000076ab00000,0x000000076d980000,0x000000076d980000)
  from space 512K, 25% used [0x000000076da00000,0x000000076da20000,0x000000076da80000)
  to   space 10240K, 0% used [0x000000076e380000,0x000000076e380000,0x000000076ed80000)
 ParOldGen       total 87552K, used 16205K [0x00000006c0000000, 0x00000006c5580000, 0x000000076ab00000)
  object space 87552K, 18% used [0x00000006c0000000,0x00000006c0fd3430,0x00000006c5580000)
 Metaspace       used 20978K, capacity 21215K, committed 21552K, reserved 1069056K
  class space    used 2048K, capacity 2136K, committed 2176K, reserved 1048576K
Event: 249.932 GC heap after
Heap after GC invocations=23 (full 1):
 PSYoungGen      total 55808K, used 128K [0x000000076ab00000, 0x000000076ec00000, 0x00000007c0000000)
  eden space 47104K, 0% used [0x000000076ab00000,0x000000076ab00000,0x000000076d900000)
  from space 8704K, 1% used [0x000000076e380000,0x000000076e3a0000,0x000000076ec00000)
  to   space 9728K, 0% used [0x000000076d900000,0x000000076d900000,0x000000076e280000)
 ParOldGen       total 87552K, used 16205K [0x00000006c0000000, 0x00000006c5580000, 0x000000076ab00000)
  object space 87552K, 18% used [0x00000006c0000000,0x00000006c0fd3430,0x00000006c5580000)
 Metaspace       used 20978K, capacity 21215K, committed 21552K, reserved 1069056K
  class space    used 2048K, capacity 2136K, committed 2176K, reserved 1048576K
}
Event: 260.410 GC heap before
{Heap before GC invocations=24 (full 1):
 PSYoungGen      total 55808K, used 47232K [0x000000076ab00000, 0x000000076ec00000, 0x00000007c0000000)
  eden space 47104K, 100% used [0x000000076ab00000,0x000000076d900000,0x000000076d900000)
  from space 8704K, 1% used [0x000000076e380000,0x000000076e3a0000,0x000000076ec00000)
  to   space 9728K, 0% used [0x000000076d900000,0x000000076d900000,0x000000076e280000)
 ParOldGen       total 87552K, used 16205K [0x00000006c0000000, 0x00000006c5580000, 0x000000076ab00000)
  object space 87552K, 18% used [0x00000006c0000000,0x00000006c0fd3430,0x00000006c5580000)
 Metaspace       used 20978K, capacity 21215K, committed 21552K, reserved 1069056K
  class space    used 2048K, capacity 2136K, committed 2176K, reserved 1048576K
Event: 260.412 GC heap after
Heap after GC invocations=24 (full 1):
 PSYoungGen      total 47104K, used 96K [0x000000076ab00000, 0x000000076ea80000, 0x00000007c0000000)
  eden space 46592K, 0% used [0x000000076ab00000,0x000000076ab00000,0x000000076d880000)
  from space 512K, 18% used [0x000000076d900000,0x000000076d918000,0x000000076d980000)
  to   space 9216K, 0% used [0x000000076e180000,0x000000076e180000,0x000000076ea80000)
 ParOldGen       total 87552K, used 16221K [0x00000006c0000000, 0x00000006c5580000, 0x000000076ab00000)
  object space 87552K, 18% used [0x00000006c0000000,0x00000006c0fd7430,0x00000006c5580000)
 Metaspace       used 20978K, capacity 21215K, committed 21552K, reserved 1069056K
  class space    used 2048K, capacity 2136K, committed 2176K, reserved 1048576K
}
Event: 270.791 GC heap before
{Heap before GC invocations=25 (full 1):
 PSYoungGen      total 47104K, used 46688K [0x000000076ab00000, 0x000000076ea80000, 0x00000007c0000000)
  eden space 46592K, 100% used [0x000000076ab00000,0x000000076d880000,0x000000076d880000)
  from space 512K, 18% used [0x000000076d900000,0x000000076d918000,0x000000076d980000)
  to   space 9216K, 0% used [0x000000076e180000,0x000000076e180000,0x000000076ea80000)
 ParOldGen       total 87552K, used 16221K [0x00000006c0000000, 0x00000006c5580000, 0x000000076ab00000)
  object space 87552K, 18% used [0x00000006c0000000,0x00000006c0fd7430,0x00000006c5580000)
 Metaspace       used 20978K, capacity 21215K, committed 21552K, reserved 1069056K
  class space    used 2048K, capacity 2136K, committed 2176K, reserved 1048576K
Event: 270.793 GC heap after
Heap after GC invocations=25 (full 1):
 PSYoungGen      total 53760K, used 128K [0x000000076ab00000, 0x000000076e900000, 0x00000007c0000000)
  eden space 46080K, 0% used [0x000000076ab00000,0x000000076ab00000,0x000000076d800000)
  from space 7680K, 1% used [0x000000076e180000,0x000000076e1a0000,0x000000076e900000)
  to   space 8704K, 0% used [0x000000076d800000,0x000000076d800000,0x000000076e080000)
 ParOldGen       total 87552K, used 16253K [0x00000006c0000000, 0x00000006c5580000, 0x000000076ab00000)
  object space 87552K, 18% used [0x00000006c0000000,0x00000006c0fdf430,0x00000006c5580000)
 Metaspace       used 20978K, capacity 21215K, committed 21552K, reserved 1069056K
  class space    used 2048K, capacity 2136K, committed 2176K, reserved 1048576K
}
Event: 280.974 GC heap before
{Heap before GC invocations=26 (full 1):
 PSYoungGen      total 53760K, used 46208K [0x000000076ab00000, 0x000000076e900000, 0x00000007c0000000)
  eden space 46080K, 100% used [0x000000076ab00000,0x000000076d800000,0x000000076d800000)
  from space 7680K, 1% used [0x000000076e180000,0x000000076e1a0000,0x000000076e900000)
  to   space 8704K, 0% used [0x000000076d800000,0x000000076d800000,0x000000076e080000)
 ParOldGen       total 87552K, used 16253K [0x00000006c0000000, 0x00000006c5580000, 0x000000076ab00000)
  object space 87552K, 18% used [0x00000006c0000000,0x00000006c0fdf430,0x00000006c5580000)
 Metaspace       used 21020K, capacity 21279K, committed 21552K, reserved 1069056K
  class space    used 2049K, capacity 2136K, committed 2176K, reserved 1048576K
Event: 280.975 GC heap after
Heap after GC invocations=26 (full 1):
 PSYoungGen      total 46080K, used 160K [0x000000076ab00000, 0x000000076e680000, 0x00000007c0000000)
  eden space 45568K, 0% used [0x000000076ab00000,0x000000076ab00000,0x000000076d780000)
  from space 512K, 31% used [0x000000076d800000,0x000000076d828000,0x000000076d880000)
  to   space 7680K, 0% used [0x000000076df00000,0x000000076df00000,0x000000076e680000)
 ParOldGen       total 87552K, used 16277K [0x00000006c0000000, 0x00000006c5580000, 0x000000076ab00000)
  object space 87552K, 18% used [0x00000006c0000000,0x00000006c0fe5430,0x00000006c5580000)
 Metaspace       used 21020K, capacity 21279K, committed 21552K, reserved 1069056K
  class space    used 2049K, capacity 2136K, committed 2176K, reserved 1048576K
}

Deoptimization events (10 events):
Event: 286.907 Thread 0x00007fadae263800 Uncommon trap: reason=class_check action=maybe_recompile pc=0x000000011933a350 method=java.awt.event.InvocationEvent.dispatch()V @ 11
Event: 286.922 Thread 0x00007fadad945000 Uncommon trap: reason=unstable_if action=reinterpret pc=0x0000000118d88744 method=java.util.HashMap.putVal(ILjava/lang/Object;Ljava/lang/Object;ZZ)Ljava/lang/Object; @ 81
Event: 286.923 Thread 0x00007fadac9e9800 Uncommon trap: reason=class_check action=maybe_recompile pc=0x0000000119337efc method=java.awt.event.InvocationEvent.dispatch()V @ 47
Event: 286.923 Thread 0x00007fadac9e9800 Uncommon trap: reason=class_check action=maybe_recompile pc=0x0000000119340d30 method=java.awt.Component.getGraphics()Ljava/awt/Graphics; @ 114
Event: 286.925 Thread 0x00007fadae145000 Uncommon trap: reason=class_check action=maybe_recompile pc=0x000000011911f480 method=com.jogamp.common.util.RunnableTask.run()V @ 24
Event: 286.925 Thread 0x00007fadae145000 Uncommon trap: reason=unstable_if action=reinterpret pc=0x000000011931d7bc method=jogamp.nativewindow.macosx.OSXUtil.RunOnMainThread(ZZLjava/lang/Runnable;)V @ 3
Event: 286.937 Thread 0x00007fadae263800 Uncommon trap: reason=unstable_if action=reinterpret pc=0x0000000119353230 method=jogamp.opengl.GLContextImpl.release(Z)V @ 161
Event: 286.940 Thread 0x00007fadae263800 Uncommon trap: reason=unstable_if action=reinterpret pc=0x0000000119006518 method=java.util.LinkedList$ListItr.<init>(Ljava/util/LinkedList;I)V @ 26
Event: 286.940 Thread 0x00007fadae263800 Uncommon trap: reason=unstable_if action=reinterpret pc=0x000000011927aee0 method=java.security.AccessControlContext.optimize()Ljava/security/AccessControlContext; @ 233
Event: 286.942 Thread 0x00007fadae145000 Uncommon trap: reason=class_check action=maybe_recompile pc=0x000000011911f480 method=com.jogamp.common.util.RunnableTask.run()V @ 24

Internal exceptions (10 events):
Event: 280.064 Thread 0x00007fadae145000 Exception <a 'java/lang/NullPointerException'> (0x000000076d2efad8) thrown at [/Users/java_re/workspace/8-2-build-macosx-x86_64/jdk8u121/8372/hotspot/src/share/vm/prims/jni.cpp, line 1340]
Event: 280.065 Thread 0x00007fadae145000 Exception <a 'java/lang/NullPointerException'> (0x000000076d2effe0) thrown at [/Users/java_re/workspace/8-2-build-macosx-x86_64/jdk8u121/8372/hotspot/src/share/vm/prims/jni.cpp, line 1340]
Event: 280.774 Thread 0x00007fadae145000 Exception <a 'java/lang/NullPointerException'> (0x000000076d2f8248) thrown at [/Users/java_re/workspace/8-2-build-macosx-x86_64/jdk8u121/8372/hotspot/src/share/vm/prims/jni.cpp, line 1340]
Event: 280.775 Thread 0x00007fadae145000 Exception <a 'java/lang/NullPointerException'> (0x000000076d2f8750) thrown at [/Users/java_re/workspace/8-2-build-macosx-x86_64/jdk8u121/8372/hotspot/src/share/vm/prims/jni.cpp, line 1340]
Event: 280.777 Thread 0x00007fadae145000 Exception <a 'java/lang/NullPointerException'> (0x000000076d2f8c58) thrown at [/Users/java_re/workspace/8-2-build-macosx-x86_64/jdk8u121/8372/hotspot/src/share/vm/prims/jni.cpp, line 1340]
Event: 280.777 Thread 0x00007fadae145000 Exception <a 'java/lang/NullPointerException'> (0x000000076d2f9160) thrown at [/Users/java_re/workspace/8-2-build-macosx-x86_64/jdk8u121/8372/hotspot/src/share/vm/prims/jni.cpp, line 1340]
Event: 283.150 Thread 0x00007fadae145000 Exception <a 'java/lang/NullPointerException'> (0x000000076b260098) thrown at [/Users/java_re/workspace/8-2-build-macosx-x86_64/jdk8u121/8372/hotspot/src/share/vm/prims/jni.cpp, line 1340]
Event: 283.150 Thread 0x00007fadae145000 Exception <a 'java/lang/NullPointerException'> (0x000000076b2605a0) thrown at [/Users/java_re/workspace/8-2-build-macosx-x86_64/jdk8u121/8372/hotspot/src/share/vm/prims/jni.cpp, line 1340]
Event: 283.151 Thread 0x00007fadae145000 Exception <a 'java/lang/NullPointerException'> (0x000000076b260aa8) thrown at [/Users/java_re/workspace/8-2-build-macosx-x86_64/jdk8u121/8372/hotspot/src/share/vm/prims/jni.cpp, line 1340]
Event: 283.152 Thread 0x00007fadae145000 Exception <a 'java/lang/NullPointerException'> (0x000000076b260fb0) thrown at [/Users/java_re/workspace/8-2-build-macosx-x86_64/jdk8u121/8372/hotspot/src/share/vm/prims/jni.cpp, line 1340]

Events (10 events):
Event: 286.940 loading class java/awt/event/AWTEventListenerProxy
Event: 286.941 loading class java/awt/event/AWTEventListenerProxy done
Event: 286.941 Executing VM operation: Deoptimize
Event: 286.941 Executing VM operation: Deoptimize done
Event: 286.941 loading class java/awt/Toolkit$ToolkitEventMulticaster
Event: 286.941 loading class java/awt/Toolkit$ToolkitEventMulticaster done
Event: 286.942 Thread 0x00007fadae145000 Uncommon trap: trap_request=0xffffffde fr.pc=0x000000011911f480
Event: 286.942 Thread 0x00007fadae145000 DEOPT PACKING pc=0x000000011911f480 sp=0x00007fff522ba6f0
Event: 286.942 Thread 0x00007fadae145000 DEOPT UNPACKING pc=0x0000000118aaa229 sp=0x00007fff522ba698 mode 2
Event: 286.943 Thread 0x00007fadad945000 Thread exited: 0x00007fadad945000


Dynamic libraries:
0x000000003a2d0000 	/System/Library/Frameworks/Cocoa.framework/Versions/A/Cocoa
0x000000003a2d0000 	/System/Library/Frameworks/Security.framework/Versions/A/Security
0x000000003a2d0000 	/System/Library/Frameworks/ApplicationServices.framework/Versions/A/ApplicationServices
0x000000003a2d0000 	/usr/lib/libz.1.dylib
0x000000003a2d0000 	/usr/lib/libSystem.B.dylib
0x000000003a2d0000 	/usr/lib/libobjc.A.dylib
0x000000003a2d0000 	/System/Library/Frameworks/CoreFoundation.framework/Versions/A/CoreFoundation
0x000000003a2d0000 	/System/Library/Frameworks/Foundation.framework/Versions/C/Foundation
0x000000003a2d0000 	/System/Library/Frameworks/AppKit.framework/Versions/C/AppKit
0x000000003a2d0000 	/System/Library/Frameworks/CoreData.framework/Versions/A/CoreData
0x000000003a2d0000 	/System/Library/PrivateFrameworks/RemoteViewServices.framework/Versions/A/RemoteViewServices
0x000000003a2d0000 	/System/Library/PrivateFrameworks/UIFoundation.framework/Versions/A/UIFoundation
0x000000003a2d0000 	/System/Library/PrivateFrameworks/DFRFoundation.framework/Versions/A/DFRFoundation
0x000000003a2d0000 	/usr/lib/libenergytrace.dylib
0x000000003a2d0000 	/System/Library/PrivateFrameworks/SkyLight.framework/Versions/A/SkyLight
0x000000003a2d0000 	/System/Library/Frameworks/CoreGraphics.framework/Versions/A/CoreGraphics
0x000000003a2d0000 	/usr/lib/libScreenReader.dylib
0x000000003a2d0000 	/System/Library/Frameworks/Accelerate.framework/Versions/A/Accelerate
0x000000003a2d0000 	/System/Library/Frameworks/IOSurface.framework/Versions/A/IOSurface
0x000000003a2d0000 	/System/Library/Frameworks/AudioToolbox.framework/Versions/A/AudioToolbox
0x000000003a2d0000 	/System/Library/Frameworks/AudioUnit.framework/Versions/A/AudioUnit
0x000000003a2d0000 	/System/Library/PrivateFrameworks/DataDetectorsCore.framework/Versions/A/DataDetectorsCore
0x000000003a2d0000 	/System/Library/PrivateFrameworks/DesktopServicesPriv.framework/Versions/A/DesktopServicesPriv
0x000000003a2d0000 	/System/Library/Frameworks/Carbon.framework/Versions/A/Frameworks/HIToolbox.framework/Versions/A/HIToolbox
0x000000003a2d0000 	/usr/lib/libicucore.A.dylib
0x000000003a2d0000 	/System/Library/Frameworks/QuartzCore.framework/Versions/A/QuartzCore
0x000000003a2d0000 	/System/Library/Frameworks/Carbon.framework/Versions/A/Frameworks/SpeechRecognition.framework/Versions/A/SpeechRecognition
0x000000003a2d0000 	/usr/lib/libauto.dylib
0x000000003a2d0000 	/usr/lib/libxml2.2.dylib
0x000000003a2d0000 	/System/Library/PrivateFrameworks/CoreUI.framework/Versions/A/CoreUI
0x000000003a2d0000 	/System/Library/Frameworks/CoreAudio.framework/Versions/A/CoreAudio
0x000000003a2d0000 	/System/Library/Frameworks/DiskArbitration.framework/Versions/A/DiskArbitration
0x000000003a2d0000 	/usr/lib/liblangid.dylib
0x000000003a2d0000 	/System/Library/PrivateFrameworks/MultitouchSupport.framework/Versions/A/MultitouchSupport
0x000000003a2d0000 	/System/Library/Frameworks/IOKit.framework/Versions/A/IOKit
0x000000003a2d0000 	/usr/lib/libDiagnosticMessagesClient.dylib
0x000000003a2d0000 	/System/Library/Frameworks/CoreServices.framework/Versions/A/CoreServices
0x000000003a2d0000 	/System/Library/PrivateFrameworks/PerformanceAnalysis.framework/Versions/A/PerformanceAnalysis
0x000000003a2d0000 	/System/Library/PrivateFrameworks/GenerationalStorage.framework/Versions/A/GenerationalStorage
0x000000003a2d0000 	/System/Library/Frameworks/OpenGL.framework/Versions/A/OpenGL
0x000000003a2d0000 	/System/Library/Frameworks/CoreImage.framework/Versions/A/CoreImage
0x000000003a2d0000 	/System/Library/Frameworks/CoreText.framework/Versions/A/CoreText
0x000000003a2d0000 	/System/Library/Frameworks/ImageIO.framework/Versions/A/ImageIO
0x000000003a2d0000 	/System/Library/PrivateFrameworks/Backup.framework/Versions/A/Backup
0x000000003a2d0000 	/usr/lib/libarchive.2.dylib
0x000000003a2d0000 	/System/Library/Frameworks/CFNetwork.framework/Versions/A/CFNetwork
0x000000003a2d0000 	/System/Library/Frameworks/SystemConfiguration.framework/Versions/A/SystemConfiguration
0x000000003a2d0000 	/usr/lib/libCRFSuite.dylib
0x000000003a2d0000 	/usr/lib/libc++.1.dylib
0x000000003a2d0000 	/usr/lib/libc++abi.dylib
0x000000003a2d0000 	/usr/lib/system/libcache.dylib
0x000000003a2d0000 	/usr/lib/system/libcommonCrypto.dylib
0x000000003a2d0000 	/usr/lib/system/libcompiler_rt.dylib
0x000000003a2d0000 	/usr/lib/system/libcopyfile.dylib
0x000000003a2d0000 	/usr/lib/system/libcorecrypto.dylib
0x000000003a2d0000 	/usr/lib/system/libdispatch.dylib
0x000000003a2d0000 	/usr/lib/system/libdyld.dylib
0x000000003a2d0000 	/usr/lib/system/libkeymgr.dylib
0x000000003a2d0000 	/usr/lib/system/liblaunch.dylib
0x000000003a2d0000 	/usr/lib/system/libmacho.dylib
0x000000003a2d0000 	/usr/lib/system/libquarantine.dylib
0x000000003a2d0000 	/usr/lib/system/libremovefile.dylib
0x000000003a2d0000 	/usr/lib/system/libsystem_asl.dylib
0x000000003a2d0000 	/usr/lib/system/libsystem_blocks.dylib
0x000000003a2d0000 	/usr/lib/system/libsystem_c.dylib
0x000000003a2d0000 	/usr/lib/system/libsystem_configuration.dylib
0x000000003a2d0000 	/usr/lib/system/libsystem_coreservices.dylib
0x000000003a2d0000 	/usr/lib/system/libsystem_coretls.dylib
0x000000003a2d0000 	/usr/lib/system/libsystem_dnssd.dylib
0x000000003a2d0000 	/usr/lib/system/libsystem_info.dylib
0x000000003a2d0000 	/usr/lib/system/libsystem_kernel.dylib
0x000000003a2d0000 	/usr/lib/system/libsystem_m.dylib
0x000000003a2d0000 	/usr/lib/system/libsystem_malloc.dylib
0x000000003a2d0000 	/usr/lib/system/libsystem_network.dylib
0x000000003a2d0000 	/usr/lib/system/libsystem_networkextension.dylib
0x000000003a2d0000 	/usr/lib/system/libsystem_notify.dylib
0x000000003a2d0000 	/usr/lib/system/libsystem_platform.dylib
0x000000003a2d0000 	/usr/lib/system/libsystem_pthread.dylib
0x000000003a2d0000 	/usr/lib/system/libsystem_sandbox.dylib
0x000000003a2d0000 	/usr/lib/system/libsystem_secinit.dylib
0x000000003a2d0000 	/usr/lib/system/libsystem_symptoms.dylib
0x000000003a2d0000 	/usr/lib/system/libsystem_trace.dylib
0x000000003a2d0000 	/usr/lib/system/libunwind.dylib
0x000000003a2d0000 	/usr/lib/system/libxpc.dylib
0x000000003a2d0000 	/usr/lib/libbsm.0.dylib
0x000000003a2d0000 	/usr/lib/system/libkxld.dylib
0x000000003a2d0000 	/usr/lib/libcoretls.dylib
0x000000003a2d0000 	/usr/lib/libcoretls_cfhelpers.dylib
0x000000003a2d0000 	/usr/lib/libxar.1.dylib
0x000000003a2d0000 	/usr/lib/libsqlite3.dylib
0x000000003a2d0000 	/usr/lib/libpam.2.dylib
0x000000003a2d0000 	/usr/lib/libOpenScriptingUtil.dylib
0x000000003a2d0000 	/usr/lib/libbz2.1.0.dylib
0x000000003a2d0000 	/usr/lib/liblzma.5.dylib
0x000000003a2d0000 	/usr/lib/libnetwork.dylib
0x000000003a2d0000 	/usr/lib/libpcap.A.dylib
0x000000003a2d0000 	/System/Library/Frameworks/CoreServices.framework/Versions/A/Frameworks/FSEvents.framework/Versions/A/FSEvents
0x000000003a2d0000 	/System/Library/Frameworks/CoreServices.framework/Versions/A/Frameworks/CarbonCore.framework/Versions/A/CarbonCore
0x000000003a2d0000 	/System/Library/Frameworks/CoreServices.framework/Versions/A/Frameworks/Metadata.framework/Versions/A/Metadata
0x000000003a2d0000 	/System/Library/Frameworks/CoreServices.framework/Versions/A/Frameworks/OSServices.framework/Versions/A/OSServices
0x000000003a2d0000 	/System/Library/Frameworks/CoreServices.framework/Versions/A/Frameworks/SearchKit.framework/Versions/A/SearchKit
0x000000003a2d0000 	/System/Library/Frameworks/CoreServices.framework/Versions/A/Frameworks/AE.framework/Versions/A/AE
0x000000003a2d0000 	/System/Library/Frameworks/CoreServices.framework/Versions/A/Frameworks/LaunchServices.framework/Versions/A/LaunchServices
0x000000003a2d0000 	/System/Library/Frameworks/CoreServices.framework/Versions/A/Frameworks/DictionaryServices.framework/Versions/A/DictionaryServices
0x000000003a2d0000 	/System/Library/Frameworks/CoreServices.framework/Versions/A/Frameworks/SharedFileList.framework/Versions/A/SharedFileList
0x000000003a2d0000 	/System/Library/Frameworks/NetFS.framework/Versions/A/NetFS
0x000000003a2d0000 	/System/Library/PrivateFrameworks/NetAuth.framework/Versions/A/NetAuth
0x000000003a2d0000 	/System/Library/PrivateFrameworks/login.framework/Versions/A/Frameworks/loginsupport.framework/Versions/A/loginsupport
0x000000003a2d0000 	/System/Library/PrivateFrameworks/TCC.framework/Versions/A/TCC
0x000000003a2d0000 	/usr/lib/libmecabra.dylib
0x000000003a2d0000 	/System/Library/Frameworks/ApplicationServices.framework/Versions/A/Frameworks/ATS.framework/Versions/A/ATS
0x000000003a2d0000 	/System/Library/Frameworks/ApplicationServices.framework/Versions/A/Frameworks/ColorSync.framework/Versions/A/ColorSync
0x000000003a2d0000 	/System/Library/Frameworks/ApplicationServices.framework/Versions/A/Frameworks/HIServices.framework/Versions/A/HIServices
0x000000003a2d0000 	/System/Library/Frameworks/ApplicationServices.framework/Versions/A/Frameworks/LangAnalysis.framework/Versions/A/LangAnalysis
0x000000003a2d0000 	/System/Library/Frameworks/ApplicationServices.framework/Versions/A/Frameworks/PrintCore.framework/Versions/A/PrintCore
0x000000003a2d0000 	/System/Library/Frameworks/ApplicationServices.framework/Versions/A/Frameworks/QD.framework/Versions/A/QD
0x000000003a2d0000 	/System/Library/Frameworks/ApplicationServices.framework/Versions/A/Frameworks/SpeechSynthesis.framework/Versions/A/SpeechSynthesis
0x000000003a2d0000 	/System/Library/Frameworks/Accelerate.framework/Versions/A/Frameworks/vImage.framework/Versions/A/vImage
0x000000003a2d0000 	/System/Library/Frameworks/Accelerate.framework/Versions/A/Frameworks/vecLib.framework/Versions/A/vecLib
0x000000003a2d0000 	/System/Library/Frameworks/Accelerate.framework/Versions/A/Frameworks/vecLib.framework/Versions/A/libvDSP.dylib
0x000000003a2d0000 	/System/Library/Frameworks/Accelerate.framework/Versions/A/Frameworks/vecLib.framework/Versions/A/libBNNS.dylib
0x000000003a2d0000 	/System/Library/Frameworks/Accelerate.framework/Versions/A/Frameworks/vecLib.framework/Versions/A/libQuadrature.dylib
0x000000003a2d0000 	/System/Library/Frameworks/Accelerate.framework/Versions/A/Frameworks/vecLib.framework/Versions/A/libvMisc.dylib
0x000000003a2d0000 	/System/Library/Frameworks/Accelerate.framework/Versions/A/Frameworks/vecLib.framework/Versions/A/libLAPACK.dylib
0x000000003a2d0000 	/System/Library/Frameworks/Accelerate.framework/Versions/A/Frameworks/vecLib.framework/Versions/A/libBLAS.dylib
0x000000003a2d0000 	/System/Library/Frameworks/Accelerate.framework/Versions/A/Frameworks/vecLib.framework/Versions/A/libLinearAlgebra.dylib
0x000000003a2d0000 	/System/Library/Frameworks/Accelerate.framework/Versions/A/Frameworks/vecLib.framework/Versions/A/libSparseBLAS.dylib
0x000000003a2d0000 	/System/Library/Frameworks/ApplicationServices.framework/Versions/A/Frameworks/ATS.framework/Versions/A/Resources/libFontParser.dylib
0x000000003a2d0000 	/System/Library/Frameworks/ApplicationServices.framework/Versions/A/Frameworks/ATS.framework/Versions/A/Resources/libFontRegistry.dylib
0x000000003a2d0000 	/System/Library/Frameworks/ImageIO.framework/Versions/A/Resources/libJPEG.dylib
0x000000003a2d0000 	/System/Library/Frameworks/ImageIO.framework/Versions/A/Resources/libTIFF.dylib
0x000000003a2d0000 	/System/Library/Frameworks/ImageIO.framework/Versions/A/Resources/libPng.dylib
0x000000003a2d0000 	/System/Library/Frameworks/ImageIO.framework/Versions/A/Resources/libGIF.dylib
0x000000003a2d0000 	/System/Library/Frameworks/ImageIO.framework/Versions/A/Resources/libJP2.dylib
0x000000003a2d0000 	/System/Library/Frameworks/ImageIO.framework/Versions/A/Resources/libRadiance.dylib
0x000000003a2d0000 	/usr/lib/libcompression.dylib
0x000000003a2d0000 	/System/Library/PrivateFrameworks/AppleJPEG.framework/Versions/A/AppleJPEG
0x000000003a2d0000 	/usr/lib/libcups.2.dylib
0x000000003a2d0000 	/System/Library/Frameworks/Kerberos.framework/Versions/A/Kerberos
0x000000003a2d0000 	/System/Library/Frameworks/GSS.framework/Versions/A/GSS
0x000000003a2d0000 	/usr/lib/libresolv.9.dylib
0x000000003a2d0000 	/usr/lib/libiconv.2.dylib
0x000000003a2d0000 	/System/Library/PrivateFrameworks/Heimdal.framework/Versions/A/Heimdal
0x000000003a2d0000 	/usr/lib/libheimdal-asn1.dylib
0x000000003a2d0000 	/System/Library/Frameworks/OpenDirectory.framework/Versions/A/OpenDirectory
0x000000003a2d0000 	/System/Library/PrivateFrameworks/CommonAuth.framework/Versions/A/CommonAuth
0x000000003a2d0000 	/System/Library/Frameworks/OpenDirectory.framework/Versions/A/Frameworks/CFOpenDirectory.framework/Versions/A/CFOpenDirectory
0x000000003a2d0000 	/System/Library/Frameworks/SecurityFoundation.framework/Versions/A/SecurityFoundation
0x000000003a2d0000 	/System/Library/PrivateFrameworks/LanguageModeling.framework/Versions/A/LanguageModeling
0x000000003a2d0000 	/usr/lib/libmarisa.dylib
0x000000003a2d0000 	/usr/lib/libChineseTokenizer.dylib
0x000000003a2d0000 	/usr/lib/libcmph.dylib
0x000000003a2d0000 	/System/Library/PrivateFrameworks/CoreEmoji.framework/Versions/A/CoreEmoji
0x000000003a2d0000 	/System/Library/Frameworks/ServiceManagement.framework/Versions/A/ServiceManagement
0x000000003a2d0000 	/usr/lib/libxslt.1.dylib
0x000000003a2d0000 	/System/Library/Frameworks/Carbon.framework/Versions/A/Frameworks/Ink.framework/Versions/A/Ink
0x000000003a2d0000 	/System/Library/PrivateFrameworks/TextureIO.framework/Versions/A/TextureIO
0x000000003a2d0000 	/System/Library/Frameworks/Metal.framework/Versions/A/Metal
0x000000003a2d0000 	/usr/lib/libate.dylib
0x000000003a2d0000 	/System/Library/PrivateFrameworks/GPUCompiler.framework/libmetal_timestamp.dylib
0x000000003a2d0000 	/System/Library/Frameworks/OpenGL.framework/Versions/A/Libraries/libCoreFSCache.dylib
0x000000003a2d0000 	/System/Library/PrivateFrameworks/IOAccelerator.framework/Versions/A/IOAccelerator
0x000000003a2d0000 	/System/Library/Frameworks/CoreVideo.framework/Versions/A/CoreVideo
0x000000003a2d0000 	/usr/lib/libFosl_dynamic.dylib
0x000000003a2d0000 	/System/Library/PrivateFrameworks/MetalPerformanceShaders.framework/Versions/A/MetalPerformanceShaders
0x000000003a2d0000 	/System/Library/PrivateFrameworks/FaceCore.framework/Versions/A/FaceCore
0x000000003a2d0000 	/System/Library/Frameworks/OpenCL.framework/Versions/A/OpenCL
0x000000003a2d0000 	/System/Library/Frameworks/OpenGL.framework/Versions/A/Libraries/libGLU.dylib
0x000000003a2d0000 	/System/Library/Frameworks/OpenGL.framework/Versions/A/Libraries/libGFXShared.dylib
0x000000003a2d0000 	/System/Library/Frameworks/OpenGL.framework/Versions/A/Libraries/libGL.dylib
0x000000003a2d0000 	/System/Library/Frameworks/OpenGL.framework/Versions/A/Libraries/libGLImage.dylib
0x000000003a2d0000 	/System/Library/Frameworks/OpenGL.framework/Versions/A/Libraries/libCVMSPluginSupport.dylib
0x000000003a2d0000 	/System/Library/Frameworks/OpenGL.framework/Versions/A/Libraries/libCoreVMClient.dylib
0x000000003a2d0000 	/System/Library/PrivateFrameworks/CrashReporterSupport.framework/Versions/A/CrashReporterSupport
0x000000003a2d0000 	/System/Library/PrivateFrameworks/Sharing.framework/Versions/A/Sharing
0x000000003a2d0000 	/System/Library/PrivateFrameworks/IconServices.framework/Versions/A/IconServices
0x000000003a2d0000 	/System/Library/PrivateFrameworks/ProtocolBuffer.framework/Versions/A/ProtocolBuffer
0x000000003a2d0000 	/System/Library/PrivateFrameworks/Apple80211.framework/Versions/A/Apple80211
0x000000003a2d0000 	/System/Library/Frameworks/CoreWLAN.framework/Versions/A/CoreWLAN
0x000000003a2d0000 	/System/Library/PrivateFrameworks/CoreUtils.framework/Versions/A/CoreUtils
0x000000003a2d0000 	/System/Library/Frameworks/IOBluetooth.framework/Versions/A/IOBluetooth
0x000000003a2d0000 	/System/Library/PrivateFrameworks/CoreWiFi.framework/Versions/A/CoreWiFi
0x000000003a2d0000 	/System/Library/Frameworks/CoreBluetooth.framework/Versions/A/CoreBluetooth
0x000000003a2d0000 	/System/Library/Frameworks/CoreDisplay.framework/Versions/A/CoreDisplay
0x000000003a2d0000 	/System/Library/PrivateFrameworks/IOPresentment.framework/Versions/A/IOPresentment
0x000000003a2d0000 	/System/Library/PrivateFrameworks/DebugSymbols.framework/Versions/A/DebugSymbols
0x000000003a2d0000 	/System/Library/PrivateFrameworks/CoreSymbolication.framework/Versions/A/CoreSymbolication
0x000000003a2d0000 	/System/Library/PrivateFrameworks/Symbolication.framework/Versions/A/Symbolication
0x000000003a2d0000 	/System/Library/PrivateFrameworks/AppleFSCompression.framework/Versions/A/AppleFSCompression
0x000000003a2d0000 	/System/Library/PrivateFrameworks/SpeechRecognitionCore.framework/Versions/A/SpeechRecognitionCore
0x000000003a2d0000 	/System/Library/PrivateFrameworks/ChunkingLibrary.framework/Versions/A/ChunkingLibrary
0x000000010d9be000 	/Library/Java/JavaVirtualMachines/jdk1.8.0_121.jdk/Contents/Home/jre/lib/server/libjvm.dylib
0x000000003a2d0000 	/usr/lib/libstdc++.6.dylib
0x000000010e960000 	/Library/Java/JavaVirtualMachines/jdk1.8.0_121.jdk/Contents/Home/jre/lib/libverify.dylib
0x000000010e96e000 	/Library/Java/JavaVirtualMachines/jdk1.8.0_121.jdk/Contents/Home/jre/lib/libjava.dylib
0x000000010e9ad000 	/Library/Java/JavaVirtualMachines/jdk1.8.0_121.jdk/Contents/Home/jre/lib/libzip.dylib
0x00000001189ee000 	/System/Library/Frameworks/JavaVM.framework/Frameworks/JavaRuntimeSupport.framework/JavaRuntimeSupport
0x00000001296a5000 	/System/Library/Frameworks/JavaVM.framework/Versions/A/Frameworks/JavaNativeFoundation.framework/Versions/A/JavaNativeFoundation
0x0000000118a08000 	/System/Library/Frameworks/JavaVM.framework/Versions/A/JavaVM
0x000000003a2d0000 	/System/Library/Frameworks/Carbon.framework/Versions/A/Carbon
0x00000001296ba000 	/System/Library/PrivateFrameworks/JavaLaunching.framework/Versions/A/JavaLaunching
0x000000003a2d0000 	/System/Library/Frameworks/Carbon.framework/Versions/A/Frameworks/CommonPanels.framework/Versions/A/CommonPanels
0x000000003a2d0000 	/System/Library/Frameworks/Carbon.framework/Versions/A/Frameworks/Help.framework/Versions/A/Help
0x000000003a2d0000 	/System/Library/Frameworks/Carbon.framework/Versions/A/Frameworks/ImageCapture.framework/Versions/A/ImageCapture
0x000000003a2d0000 	/System/Library/Frameworks/Carbon.framework/Versions/A/Frameworks/OpenScripting.framework/Versions/A/OpenScripting
0x000000003a2d0000 	/System/Library/Frameworks/Carbon.framework/Versions/A/Frameworks/Print.framework/Versions/A/Print
0x000000003a2d0000 	/System/Library/Frameworks/Carbon.framework/Versions/A/Frameworks/SecurityHI.framework/Versions/A/SecurityHI
0x000000012afc4000 	/Library/Java/JavaVirtualMachines/jdk1.8.0_121.jdk/Contents/Home/jre/lib/libawt.dylib
0x000000012b06c000 	/Library/Java/JavaVirtualMachines/jdk1.8.0_121.jdk/Contents/Home/jre/lib/./libmlib_image.dylib
0x000000012b138000 	/Library/Java/JavaVirtualMachines/jdk1.8.0_121.jdk/Contents/Home/jre/lib/libawt_lwawt.dylib
0x000000012b1ef000 	/Library/Java/JavaVirtualMachines/jdk1.8.0_121.jdk/Contents/Home/jre/lib/./libosxapp.dylib
0x000000003a2d0000 	/System/Library/Frameworks/ExceptionHandling.framework/Versions/A/ExceptionHandling
0x000000003a2d0000 	/System/Library/PrivateFrameworks/CoreServicesInternal.framework/Versions/A/CoreServicesInternal
0x000000003a2d0000 	/System/Library/CoreServices/RawCamera.bundle/Contents/MacOS/RawCamera
0x000000003a2d0000 	/System/Library/Frameworks/Accelerate.framework/Versions/A/Frameworks/vImage.framework/Versions/A/Libraries/libCGInterfaces.dylib
0x000000003a2d0000 	/System/Library/Frameworks/ApplicationServices.framework/Versions/A/Frameworks/ATS.framework/Versions/A/Resources/libTrueTypeScaler.dylib
0x000000003a2d0000 	/System/Library/Frameworks/OpenGL.framework/Versions/A/Resources/GLEngine.bundle/GLEngine
0x000000003a2d0000 	/System/Library/Frameworks/OpenGL.framework/Versions/A/Libraries/libGLProgrammability.dylib
0x000000012cf65000 	/System/Library/Extensions/AppleIntelSKLGraphicsGLDriver.bundle/Contents/MacOS/AppleIntelSKLGraphicsGLDriver
0x000000003a2d0000 	/System/Library/PrivateFrameworks/GPUSupport.framework/Versions/A/Libraries/libGPUSupportMercury.dylib
0x000000003a2d0000 	/System/Library/Frameworks/OpenGL.framework/Versions/A/Resources/GLRendererFloat.bundle/GLRendererFloat
0x000000003a2d0000 	/System/Library/Frameworks/OpenCL.framework/Versions/A/Libraries/libcldcpuengine.dylib
0x000000003a2d0000 	/usr/lib/libcrypto.0.9.8.dylib
0x000000003a2d0000 	/System/Library/PrivateFrameworks/TrustEvaluationAgent.framework/Versions/A/TrustEvaluationAgent
0x000000012dd13000 	/System/Library/Extensions/AppleIntelSKLGraphicsMTLDriver.bundle/Contents/MacOS/AppleIntelSKLGraphicsMTLDriver
0x000000003a2d0000 	/System/Library/PrivateFrameworks/FamilyControls.framework/Versions/A/FamilyControls
0x000000003a2d0000 	/System/Library/PrivateFrameworks/CommerceKit.framework/Versions/A/Frameworks/CommerceCore.framework/Versions/A/CommerceCore
0x000000003a2d0000 	/System/Library/PrivateFrameworks/SystemAdministration.framework/Versions/A/SystemAdministration
0x000000003a2d0000 	/System/Library/PrivateFrameworks/AppContainer.framework/Versions/A/AppContainer
0x000000003a2d0000 	/System/Library/PrivateFrameworks/SecCodeWrapper.framework/Versions/A/SecCodeWrapper
0x000000003a2d0000 	/System/Library/Frameworks/DirectoryService.framework/Versions/A/DirectoryService
0x000000003a2d0000 	/System/Library/PrivateFrameworks/DiskImages.framework/Versions/A/DiskImages
0x000000003a2d0000 	/System/Library/PrivateFrameworks/LoginUIKit.framework/Versions/A/Frameworks/LoginUICore.framework/Versions/A/LoginUICore
0x000000003a2d0000 	/usr/lib/libCoreStorage.dylib
0x000000003a2d0000 	/usr/lib/libcsfde.dylib
0x000000003a2d0000 	/usr/lib/libodfde.dylib
0x000000003a2d0000 	/System/Library/Frameworks/DiscRecording.framework/Versions/A/DiscRecording
0x000000003a2d0000 	/usr/lib/libcurl.4.dylib
0x000000003a2d0000 	/System/Library/PrivateFrameworks/MediaKit.framework/Versions/A/MediaKit
0x000000003a2d0000 	/System/Library/PrivateFrameworks/ProtectedCloudStorage.framework/Versions/A/ProtectedCloudStorage
0x000000003a2d0000 	/System/Library/PrivateFrameworks/EFILogin.framework/Versions/A/EFILogin
0x000000003a2d0000 	/usr/lib/libutil.dylib
0x000000003a2d0000 	/System/Library/Frameworks/LDAP.framework/Versions/A/LDAP
0x000000003a2d0000 	/usr/lib/libsasl2.2.dylib
0x000000003a2d0000 	/System/Library/PrivateFrameworks/CoreDaemon.framework/Versions/B/CoreDaemon
0x000000003a2d0000 	/System/Library/PrivateFrameworks/AppleSRP.framework/Versions/A/AppleSRP
0x000000003a2d0000 	/System/Library/PrivateFrameworks/APFS.framework/Versions/A/APFS
0x000000012fc4d000 	/Library/Java/JavaVirtualMachines/jdk1.8.0_121.jdk/Contents/Home/jre/lib/libfontmanager.dylib
0x0000000130d1a000 	/Library/Java/JavaVirtualMachines/jdk1.8.0_121.jdk/Contents/Home/jre/lib/libosxui.dylib
0x000000003a2d0000 	/System/Library/PrivateFrameworks/ViewBridge.framework/Versions/A/ViewBridge
0x000000003a2d0000 	/System/Library/PrivateFrameworks/XPCService.framework/Versions/A/XPCService
0x000000003a2d0000 	/System/Library/PrivateFrameworks/AppSandbox.framework/Versions/A/AppSandbox
0x000000003a2d0000 	/usr/lib/libsandbox.1.dylib
0x000000003a2d0000 	/usr/lib/libMatch.1.dylib
0x0000000131d7c000 	/Library/Java/JavaVirtualMachines/jdk1.8.0_121.jdk/Contents/Home/jre/lib/libnet.dylib
0x0000000131d93000 	/Library/Java/JavaVirtualMachines/jdk1.8.0_121.jdk/Contents/Home/jre/lib/libnio.dylib
0x0000000130da6000 	/private/var/folders/4_/yrvtrwb51qjbq8pt86jb9j9m0000gn/T/jogamp_0000/file_cache/jln4344288033070356610/jln1546293242576494260/libgluegen-rt.jnilib
0x0000000130d17000 	/private/var/folders/4_/yrvtrwb51qjbq8pt86jb9j9m0000gn/T/jogamp_0000/file_cache/jln4344288033070356610/jln1546293242576494260/libnativewindow_awt.jnilib
0x0000000130daa000 	/Library/Java/JavaVirtualMachines/jdk1.8.0_121.jdk/Contents/Home/jre/lib/libjawt.dylib
0x000000013104a000 	/private/var/folders/4_/yrvtrwb51qjbq8pt86jb9j9m0000gn/T/jogamp_0000/file_cache/jln4344288033070356610/jln1546293242576494260/libnativewindow_macosx.jnilib
0x000000019ab65000 	/private/var/folders/4_/yrvtrwb51qjbq8pt86jb9j9m0000gn/T/jogamp_0000/file_cache/jln4344288033070356610/jln1546293242576494260/libjogl_desktop.jnilib
0x00000001a4096000 	/Library/Java/JavaVirtualMachines/jdk1.8.0_121.jdk/Contents/Home/jre/lib/libt2k.dylib
0x000000003a2d0000 	/System/Library/PrivateFrameworks/CloudDocs.framework/Versions/A/CloudDocs
0x000000003a2d0000 	/System/Library/Frameworks/CloudKit.framework/Versions/A/CloudKit
0x000000003a2d0000 	/System/Library/PrivateFrameworks/MMCS.framework/Versions/A/MMCS
0x000000003a2d0000 	/System/Library/Frameworks/CoreLocation.framework/Versions/A/CoreLocation
0x000000003a2d0000 	/System/Library/PrivateFrameworks/AssetCacheServices.framework/Versions/A/AssetCacheServices
0x000000003a2d0000 	/System/Library/PrivateFrameworks/GeoServices.framework/Versions/A/GeoServices

VM Arguments:
jvm_args: -Djava.security.policy=java.policy.applet -Dfile.encoding=UTF-8 
java_command: sun.applet.AppletViewer module3.EarthquakeCityMap1489525793892.html
java_class_path (initial): /Users/evelyn/Downloads/UCSDUnfoldingMaps/build:/Users/evelyn/Downloads/UCSDUnfoldingMaps/lib/core.jar:/Users/evelyn/Downloads/UCSDUnfoldingMaps/lib/gluegen-rt.jar:/Users/evelyn/Downloads/UCSDUnfoldingMaps/lib/jogl-all.jar:/Users/evelyn/Downloads/UCSDUnfoldingMaps/lib/log4j-1.2.15.jar:/Users/evelyn/Downloads/UCSDUnfoldingMaps/lib/sqlite-jdbc-3.7.2.jar:/Users/evelyn/Downloads/UCSDUnfoldingMaps/lib/json4processing.jar:/Users/evelyn/Downloads/UCSDUnfoldingMaps/lib/libTUIO.jar:/Users/evelyn/Downloads/UCSDUnfoldingMaps/lib/unfolding.0.9.7-uscd.jar
Launcher Type: SUN_STANDARD

Environment Variables:
PATH=/usr/bin:/bin:/usr/sbin:/sbin
SHELL=/bin/bash

Signal Handlers:
SIGSEGV: [libjvm.dylib+0x5b1141], sa_mask[0]=11111111011111110111111111111111, sa_flags=SA_ONSTACK|SA_RESTART|SA_SIGINFO
SIGBUS: [libjvm.dylib+0x5b1141], sa_mask[0]=11111111011111110111111111111111, sa_flags=SA_RESTART|SA_SIGINFO
SIGFPE: [libjvm.dylib+0x487bc4], sa_mask[0]=11111111011111110111111111111111, sa_flags=SA_RESTART|SA_SIGINFO
SIGPIPE: [libjvm.dylib+0x487bc4], sa_mask[0]=11111111011111110111111111111111, sa_flags=SA_RESTART|SA_SIGINFO
SIGXFSZ: [libjvm.dylib+0x487bc4], sa_mask[0]=11111111011111110111111111111111, sa_flags=SA_RESTART|SA_SIGINFO
SIGILL: [libjvm.dylib+0x487bc4], sa_mask[0]=11111111011111110111111111111111, sa_flags=SA_RESTART|SA_SIGINFO
SIGUSR1: SIG_DFL, sa_mask[0]=00000000000000000000000000000000, sa_flags=none
SIGUSR2: [libjvm.dylib+0x4876e2], sa_mask[0]=00100000000000000000000000000000, sa_flags=SA_RESTART|SA_SIGINFO
SIGHUP: [libjvm.dylib+0x485cb9], sa_mask[0]=11111111011111110111111111111111, sa_flags=SA_RESTART|SA_SIGINFO
SIGINT: [libjvm.dylib+0x485cb9], sa_mask[0]=11111111011111110111111111111111, sa_flags=SA_RESTART|SA_SIGINFO
SIGTERM: [libjvm.dylib+0x485cb9], sa_mask[0]=11111111011111110111111111111111, sa_flags=SA_RESTART|SA_SIGINFO
SIGQUIT: [libjvm.dylib+0x485cb9], sa_mask[0]=11111111011111110111111111111111, sa_flags=SA_RESTART|SA_SIGINFO


---------------  S Y S T E M  ---------------

OS:Bsduname:Darwin 16.4.0 Darwin Kernel Version 16.4.0: Thu Dec 22 22:53:21 PST 2016; root:xnu-3789.41.3~3/RELEASE_X86_64 x86_64
rlimit: STACK 8192k, CORE 0k, NPROC 709, NOFILE 10240, AS infinity
load average:2.25 2.04 1.79

CPU:total 4 (2 cores per cpu, 2 threads per core) family 6 model 78 stepping 3, cmov, cx8, fxsr, mmx, sse, sse2, sse3, ssse3, sse4.1, sse4.2, popcnt, avx, avx2, aes, clmul, erms, 3dnowpref, lzcnt, ht, tsc, tscinvbit, bmi1, bmi2, adx

Memory: 4k page, physical 16777216k(2742112k free)

/proc/meminfo:


vm_info: Java HotSpot(TM) 64-Bit Server VM (25.121-b13) for bsd-amd64 JRE (1.8.0_121-b13), built on Dec 12 2016 20:39:32 by "java_re" with gcc 4.2.1 (Based on Apple Inc. build 5658) (LLVM build 2336.11.00)

time: Wed Mar 15 10:14:40 2017
elapsed time: 286 seconds (0d 0h 4m 46s)

