#
# A fatal error has been detected by the Java Runtime Environment:
#
#  SIGSEGV (0xb) at pc=0x00007fffc42e7b5d, pid=8503, tid=0x0000000000000307
#
# JRE version: Java(TM) SE Runtime Environment (8.0_121-b13) (build 1.8.0_121-b13)
# Java VM: Java HotSpot(TM) 64-Bit Server VM (25.121-b13 mixed mode bsd-amd64 compressed oops)
# Problematic frame:
# C  [libobjc.A.dylib+0x6b5d]  objc_msgSend+0x1d
#
# Failed to write core dump. Core dumps have been disabled. To enable core dumping, try "ulimit -c unlimited" before starting Java again
#
# If you would like to submit a bug report, please visit:
#   http://bugreport.java.com/bugreport/crash.jsp
# The crash happened outside the Java Virtual Machine in native code.
# See problematic frame for where to report the bug.
#

---------------  T H R E A D  ---------------

Current thread (0x00007fe1b10af000):  JavaThread "AWT-AppKit" daemon [_thread_in_native, id=775, stack(0x00007fff55324000,0x00007fff55b24000)]

siginfo: si_signo: 11 (SIGSEGV), si_code: 1 (SEGV_MAPERR), si_addr: 0x0000000000000018

Registers:
RAX=0x00007fe1b6c667a0, RBX=0x000000012d56a450, RCX=0x00007fe1b3500940, RDX=0x0000000000000000
RSP=0x00007fff55b1f478, RBP=0x00007fff55b1f530, RSI=0x00007fffaddd39af, RDI=0x00007fe1b6962710
R8 =0x0000000000000018, R9 =0x00007fe1b35004a0, R10=0x0000000000000000, R11=0x00007fffaddd39af
R12=0x0000000000000000, R13=0x000000019dda3798, R14=0x000000012d56a440, R15=0x00007fe1b10af000
RIP=0x00007fffc42e7b5d, EFLAGS=0x0000000000010246, ERR=0x0000000000000004
  TRAPNO=0x000000000000000e

Top of Stack: (sp=0x00007fff55b1f478)
0x00007fff55b1f478:   000000012d568157 00007fff55b1f4d0
0x00007fff55b1f488:   0000000000000003 00007fff55b1f4b0
0x00007fff55b1f498:   000000010abf2c62 000000019dda3798
0x00007fff55b1f4a8:   000000019dda3798 00007fe1b6c667a0
0x00007fff55b1f4b8:   000000012d56a6a0 000000012d56a710
0x00007fff55b1f4c8:   00007fffca3486d0 00007fffcafb6030
0x00007fff55b1f4d8:   000000012d56a450 000000012d56a690
0x00007fff55b1f4e8:   00007fe1b6c667a0 00007fe1b6962710
0x00007fff55b1f4f8:   00007fe1b0d3e5e0 00007fe1b6c667a0
0x00007fff55b1f508:   00007fe1b6962710 00007fff55b1f5b8
0x00007fff55b1f518:   00007fe1b10af1f8 000000019dda3798
0x00007fff55b1f528:   00007fff55b1f5e0 00007fff55b1f5a8
0x00007fff55b1f538:   00000001138089f4 000000019dda3798
0x00007fff55b1f548:   00007fff55b1f5e0 00007fff55b1f5a8
0x00007fff55b1f558:   0000000113808787 0000000113808742
0x00007fff55b1f568:   00007fff55b1f568 000000019dda3798
0x00007fff55b1f578:   00007fff55b1f5e0 000000019dda4f48
0x00007fff55b1f588:   0000000000000000 000000019dda3798
0x00007fff55b1f598:   0000000000000000 00007fff55b1f5c8
0x00007fff55b1f5a8:   00007fff55b1f628 00000001137f92bd
0x00007fff55b1f5b8:   00000006c0db3ff8 0000000113802538
0x00007fff55b1f5c8:   00007fe1b6c667a0 00007fff55b1f628
0x00007fff55b1f5d8:   00007fe1b6962710 0000000113803e02
0x00007fff55b1f5e8:   00007fff55b1f5e8 000000019dda3962
0x00007fff55b1f5f8:   00007fff55b1f650 000000019dda4f48
0x00007fff55b1f608:   0000000000000000 000000019dda3970
0x00007fff55b1f618:   00007fff55b1f5c8 00007fff55b1f638
0x00007fff55b1f628:   00007fff55b1f698 00000001137f92bd
0x00007fff55b1f638:   00007fe1b6c667a0 00000006c0da18c0
0x00007fff55b1f648:   00007fe1b6962710 00000006c0da18c0
0x00007fff55b1f658:   00007fff55b1f658 00000001a1851afe
0x00007fff55b1f668:   00007fff55b1f6a8 00000001a1851bb8 

Instructions: (pc=0x00007fffc42e7b5d)
0x00007fffc42e7b3d:   0f 1f 00 48 85 ff 2e 74 62 40 f6 c7 01 2e 75 66
0x00007fffc42e7b4d:   49 ba f8 ff ff ff ff 7f 00 00 4c 23 17 49 89 f3
0x00007fffc42e7b5d:   45 23 5a 18 49 c1 e3 04 4d 03 5a 10 49 3b 33 75
0x00007fffc42e7b6d:   04 41 ff 63 08 49 83 3b 01 76 0d 49 83 c3 10 49 

Register to memory mapping:

RAX=0x00007fe1b6c667a0 is an unknown value
RBX=0x000000012d56a450: Java_jogamp_nativewindow_macosx_OSXUtil_GetScreenRefreshRate0+0x1cf0 in /private/var/folders/4_/yrvtrwb51qjbq8pt86jb9j9m0000gn/T/jogamp_0000/file_cache/jln7173517471708613626/jln7044949759753581272/libnativewindow_macosx.jnilib at 0x000000012d563000
RCX=0x00007fe1b3500940 is an unknown value
RDX=0x0000000000000000 is an unknown value
RSP=0x00007fff55b1f478 is pointing into the stack for thread: 0x00007fe1b10af000
RBP=0x00007fff55b1f530 is pointing into the stack for thread: 0x00007fe1b10af000
RSI=0x00007fffaddd39af: __NSStyleNameIndexTable+0x7f720 in /System/Library/Frameworks/AppKit.framework/Versions/C/AppKit at 0x00007fffad16c000
RDI=0x00007fe1b6962710 is an unknown value
R8 =0x0000000000000018 is an unknown value
R9 =0x00007fe1b35004a0 is an unknown value
R10=0x0000000000000000 is an unknown value
R11=0x00007fffaddd39af: __NSStyleNameIndexTable+0x7f720 in /System/Library/Frameworks/AppKit.framework/Versions/C/AppKit at 0x00007fffad16c000
R12=0x0000000000000000 is an unknown value
R13={method} {0x000000019dda3798} 'UnsetJAWTRootSurfaceLayer0' '(JJ)V' in 'jogamp/nativewindow/jawt/macosx/MacOSXJAWTWindow'
R14=0x000000012d56a440: Java_jogamp_nativewindow_macosx_OSXUtil_GetScreenRefreshRate0+0x1ce0 in /private/var/folders/4_/yrvtrwb51qjbq8pt86jb9j9m0000gn/T/jogamp_0000/file_cache/jln7173517471708613626/jln7044949759753581272/libnativewindow_macosx.jnilib at 0x000000012d563000
R15=0x00007fe1b10af000 is a thread


Stack: [0x00007fff55324000,0x00007fff55b24000],  sp=0x00007fff55b1f478,  free space=8173k
Native frames: (J=compiled Java code, j=interpreted, Vv=VM code, C=native code)
C  [libobjc.A.dylib+0x6b5d]  objc_msgSend+0x1d
j  jogamp.nativewindow.jawt.macosx.MacOSXJAWTWindow.UnsetJAWTRootSurfaceLayer0(JJ)V+0
j  jogamp.nativewindow.jawt.macosx.MacOSXJAWTWindow.access$200(JJ)V+2
j  jogamp.nativewindow.jawt.macosx.MacOSXJAWTWindow$1.run()V+38
j  com.jogamp.common.util.RunnableTask.run()V+24
v  ~StubRoutines::call_stub
V  [libjvm.dylib+0x2ed9d6]
V  [libjvm.dylib+0x324b65]
V  [libjvm.dylib+0x317333]
C  [libnativewindow_macosx.jnilib+0x5326]  Java_jogamp_nativewindow_jawt_macosx_MacOSXJAWTWindow_UnsetJAWTRootSurfaceLayer0+0x2b6
C  [Foundation+0x7188a]  __NSThreadPerformPerform+0x146
C  [CoreFoundation+0xa7981]  __CFRUNLOOP_IS_CALLING_OUT_TO_A_SOURCE0_PERFORM_FUNCTION__+0x11
C  [CoreFoundation+0x889f7]  __CFRunLoopDoSources0+0x1a7
C  [CoreFoundation+0x87f76]  __CFRunLoopRun+0x3a6
C  [CoreFoundation+0x87974]  CFRunLoopRunSpecific+0x1a4
C  [HIToolbox+0x30a5c]  RunCurrentEventLoopInMode+0xf0
C  [HIToolbox+0x30799]  ReceiveNextEventCommon+0xb8
C  [HIToolbox+0x306c6]  _BlockUntilNextEventMatchingListInModeWithFilter+0x47
C  [AppKit+0x475b4]  _DPSNextEvent+0x460
C  [AppKit+0x7c1d6b]  -[NSApplication(NSEvent) _nextEventMatchingEventMask:untilDate:inMode:dequeue:]+0xae5
C  [libosxapp.dylib+0x23aa]  -[NSApplicationAWT nextEventMatchingMask:untilDate:inMode:dequeue:]+0x7c
C  [AppKit+0x3bf35]  -[NSApplication run]+0x39e
C  [libosxapp.dylib+0x214d]  +[NSApplicationAWT runAWTLoopWithApp:]+0x9c
C  [libawt_lwawt.dylib+0x45ff7]  -[AWTStarter starter:]+0x389
C  [Foundation+0x7188a]  __NSThreadPerformPerform+0x146
C  [CoreFoundation+0xa7981]  __CFRUNLOOP_IS_CALLING_OUT_TO_A_SOURCE0_PERFORM_FUNCTION__+0x11
C  [CoreFoundation+0x88a7d]  __CFRunLoopDoSources0+0x22d
C  [CoreFoundation+0x87f76]  __CFRunLoopRun+0x3a6
C  [CoreFoundation+0x87974]  CFRunLoopRunSpecific+0x1a4
C  [java+0x6465]  CreateExecutionEnvironment+0x367
C  [java+0x218c]  JLI_Launch+0x7a0
C  [java+0x84c2]  main+0x65
C  [java+0x19e4]  start+0x34
C  0x0000000000000007

Java frames: (J=compiled Java code, j=interpreted, Vv=VM code)
j  jogamp.nativewindow.jawt.macosx.MacOSXJAWTWindow.UnsetJAWTRootSurfaceLayer0(JJ)V+0
j  jogamp.nativewindow.jawt.macosx.MacOSXJAWTWindow.access$200(JJ)V+2
j  jogamp.nativewindow.jawt.macosx.MacOSXJAWTWindow$1.run()V+38
j  com.jogamp.common.util.RunnableTask.run()V+24
v  ~StubRoutines::call_stub

---------------  P R O C E S S  ---------------

Java Threads: ( => current thread )
  0x00007fe1b80bb000 JavaThread "Thread-19" [_thread_blocked, id=21451, stack(0x00007000064d4000,0x00007000065d4000)]
  0x00007fe1b1951800 JavaThread "AWT-EventQueue-1" [_thread_in_native, id=71443, stack(0x00007000063d1000,0x00007000064d1000)]
  0x00007fe1b211b800 JavaThread "DestroyJavaVM" [_thread_blocked, id=7171, stack(0x0000700004d89000,0x0000700004e89000)]
  0x00007fe1b2165000 JavaThread "AWT-EventQueue-0" [_thread_blocked, id=64795, stack(0x00007000061cb000,0x00007000062cb000)]
  0x00007fe1b18a9800 JavaThread "Java2D Disposer" daemon [_thread_blocked, id=57371, stack(0x0000700005f42000,0x0000700006042000)]
  0x00007fe1b111e800 JavaThread "Java2D Queue Flusher" daemon [_thread_blocked, id=50451, stack(0x0000700005e3f000,0x0000700005f3f000)]
  0x00007fe1b10c1800 JavaThread "AWT-Shutdown" [_thread_blocked, id=29727, stack(0x0000700005c36000,0x0000700005d36000)]
=>0x00007fe1b10af000 JavaThread "AWT-AppKit" daemon [_thread_in_native, id=775, stack(0x00007fff55324000,0x00007fff55b24000)]
  0x00007fe1b1834000 JavaThread "Service Thread" daemon [_thread_blocked, id=18435, stack(0x00007000059ad000,0x0000700005aad000)]
  0x00007fe1b283b000 JavaThread "C1 CompilerThread2" daemon [_thread_blocked, id=17923, stack(0x00007000058aa000,0x00007000059aa000)]
  0x00007fe1b182b000 JavaThread "C2 CompilerThread1" daemon [_thread_blocked, id=17411, stack(0x00007000057a7000,0x00007000058a7000)]
  0x00007fe1b2032800 JavaThread "C2 CompilerThread0" daemon [_thread_blocked, id=16899, stack(0x00007000056a4000,0x00007000057a4000)]
  0x00007fe1b283a000 JavaThread "Signal Dispatcher" daemon [_thread_blocked, id=16387, stack(0x00007000055a1000,0x00007000056a1000)]
  0x00007fe1b2828800 JavaThread "Finalizer" daemon [_thread_blocked, id=12547, stack(0x000070000549e000,0x000070000559e000)]
  0x00007fe1b2820800 JavaThread "Reference Handler" daemon [_thread_blocked, id=12035, stack(0x000070000539b000,0x000070000549b000)]

Other Threads:
  0x00007fe1b2000800 VMThread [stack: 0x0000700005298000,0x0000700005398000] [id=11523]
  0x00007fe1b200d800 WatcherThread [stack: 0x0000700005ab0000,0x0000700005bb0000] [id=18947]

VM state:not at safepoint (normal execution)

VM Mutex/Monitor currently owned by a thread: None

Heap:
 PSYoungGen      total 36352K, used 15591K [0x000000076ab00000, 0x000000076cf80000, 0x00000007c0000000)
  eden space 35840K, 43% used [0x000000076ab00000,0x000000076ba19ec8,0x000000076ce00000)
  from space 512K, 25% used [0x000000076ce80000,0x000000076cea0000,0x000000076cf00000)
  to   space 512K, 0% used [0x000000076cf00000,0x000000076cf00000,0x000000076cf80000)
 ParOldGen       total 126976K, used 24604K [0x00000006c0000000, 0x00000006c7c00000, 0x000000076ab00000)
  object space 126976K, 19% used [0x00000006c0000000,0x00000006c1807358,0x00000006c7c00000)
 Metaspace       used 21286K, capacity 21549K, committed 21808K, reserved 1069056K
  class space    used 2070K, capacity 2137K, committed 2176K, reserved 1048576K

Card table byte_map: [0x000000010bd62000,0x000000010c563000] byte_map_base: 0x0000000108762000

Marking Bits: (ParMarkBitMap*) 0x000000010b2f0d30
 Begin Bits: [0x00000001227f1000, 0x00000001267f1000)
 End Bits:   [0x00000001267f1000, 0x000000012a7f1000)

Polling page: 0x000000010a19c000

CodeCache: size=245760Kb used=9011Kb max_used=9178Kb free=236748Kb
 bounds [0x00000001137f1000, 0x0000000114131000, 0x00000001227f1000]
 total_blobs=3465 nmethods=2569 adapters=809
 compilation: enabled

Compilation events (10 events):
Event: 2767.670 Thread 0x00007fe1b283b000 3255  s    3       sun.font.FontAccess::getFontAccess (4 bytes)
Event: 2767.671 Thread 0x00007fe1b283b000 nmethod 3255 0x0000000113e12bd0 code [0x0000000113e12d40, 0x0000000113e12ff0]
Event: 2767.797 Thread 0x00007fe1b283b000 3256       1       sun.java2d.SurfaceData::isValid (5 bytes)
Event: 2767.797 Thread 0x00007fe1b283b000 nmethod 3256 0x0000000113f90b90 code [0x0000000113f90ce0, 0x0000000113f90df0]
Event: 2767.797 Thread 0x00007fe1b283b000 3257       3       sun.java2d.pipe.RenderBuffer::putFloat (26 bytes)
Event: 2767.798 Thread 0x00007fe1b283b000 nmethod 3257 0x0000000113f37110 code [0x0000000113f37280, 0x0000000113f37410]
Event: 2767.809 Thread 0x00007fe1b283b000 3259       3       sun.net.www.protocol.jar.Handler::indexOfBangSlash (52 bytes)
Event: 2767.810 Thread 0x00007fe1b283b000 nmethod 3259 0x0000000113f53fd0 code [0x0000000113f54180, 0x0000000113f548b8]
Event: 2767.812 Thread 0x00007fe1b283b000 3260       3       java.util.IdentityHashMap::hash (18 bytes)
Event: 2767.812 Thread 0x00007fe1b283b000 nmethod 3260 0x0000000114008390 code [0x0000000114008500, 0x0000000114008688]

GC Heap History (10 events):
Event: 2761.266 GC heap before
{Heap before GC invocations=2204 (full 1):
 PSYoungGen      total 36352K, used 35936K [0x000000076ab00000, 0x000000076cf80000, 0x00000007c0000000)
  eden space 35840K, 100% used [0x000000076ab00000,0x000000076ce00000,0x000000076ce00000)
  from space 512K, 18% used [0x000000076cf00000,0x000000076cf18000,0x000000076cf80000)
  to   space 512K, 0% used [0x000000076ce80000,0x000000076ce80000,0x000000076cf00000)
 ParOldGen       total 126976K, used 24604K [0x00000006c0000000, 0x00000006c7c00000, 0x000000076ab00000)
  object space 126976K, 19% used [0x00000006c0000000,0x00000006c1807358,0x00000006c7c00000)
 Metaspace       used 21211K, capacity 21485K, committed 21808K, reserved 1069056K
  class space    used 2059K, capacity 2137K, committed 2176K, reserved 1048576K
Event: 2761.267 GC heap after
Heap after GC invocations=2204 (full 1):
 PSYoungGen      total 36352K, used 96K [0x000000076ab00000, 0x000000076cf80000, 0x00000007c0000000)
  eden space 35840K, 0% used [0x000000076ab00000,0x000000076ab00000,0x000000076ce00000)
  from space 512K, 18% used [0x000000076ce80000,0x000000076ce98000,0x000000076cf00000)
  to   space 512K, 0% used [0x000000076cf00000,0x000000076cf00000,0x000000076cf80000)
 ParOldGen       total 126976K, used 24604K [0x00000006c0000000, 0x00000006c7c00000, 0x000000076ab00000)
  object space 126976K, 19% used [0x00000006c0000000,0x00000006c1807358,0x00000006c7c00000)
 Metaspace       used 21211K, capacity 21485K, committed 21808K, reserved 1069056K
  class space    used 2059K, capacity 2137K, committed 2176K, reserved 1048576K
}
Event: 2762.715 GC heap before
{Heap before GC invocations=2205 (full 1):
 PSYoungGen      total 36352K, used 35936K [0x000000076ab00000, 0x000000076cf80000, 0x00000007c0000000)
  eden space 35840K, 100% used [0x000000076ab00000,0x000000076ce00000,0x000000076ce00000)
  from space 512K, 18% used [0x000000076ce80000,0x000000076ce98000,0x000000076cf00000)
  to   space 512K, 0% used [0x000000076cf00000,0x000000076cf00000,0x000000076cf80000)
 ParOldGen       total 126976K, used 24604K [0x00000006c0000000, 0x00000006c7c00000, 0x000000076ab00000)
  object space 126976K, 19% used [0x00000006c0000000,0x00000006c1807358,0x00000006c7c00000)
 Metaspace       used 21211K, capacity 21485K, committed 21808K, reserved 1069056K
  class space    used 2059K, capacity 2137K, committed 2176K, reserved 1048576K
Event: 2762.716 GC heap after
Heap after GC invocations=2205 (full 1):
 PSYoungGen      total 36352K, used 96K [0x000000076ab00000, 0x000000076cf80000, 0x00000007c0000000)
  eden space 35840K, 0% used [0x000000076ab00000,0x000000076ab00000,0x000000076ce00000)
  from space 512K, 18% used [0x000000076cf00000,0x000000076cf18000,0x000000076cf80000)
  to   space 512K, 0% used [0x000000076ce80000,0x000000076ce80000,0x000000076cf00000)
 ParOldGen       total 126976K, used 24604K [0x00000006c0000000, 0x00000006c7c00000, 0x000000076ab00000)
  object space 126976K, 19% used [0x00000006c0000000,0x00000006c1807358,0x00000006c7c00000)
 Metaspace       used 21211K, capacity 21485K, committed 21808K, reserved 1069056K
  class space    used 2059K, capacity 2137K, committed 2176K, reserved 1048576K
}
Event: 2764.046 GC heap before
{Heap before GC invocations=2206 (full 1):
 PSYoungGen      total 36352K, used 35936K [0x000000076ab00000, 0x000000076cf80000, 0x00000007c0000000)
  eden space 35840K, 100% used [0x000000076ab00000,0x000000076ce00000,0x000000076ce00000)
  from space 512K, 18% used [0x000000076cf00000,0x000000076cf18000,0x000000076cf80000)
  to   space 512K, 0% used [0x000000076ce80000,0x000000076ce80000,0x000000076cf00000)
 ParOldGen       total 126976K, used 24604K [0x00000006c0000000, 0x00000006c7c00000, 0x000000076ab00000)
  object space 126976K, 19% used [0x00000006c0000000,0x00000006c1807358,0x00000006c7c00000)
 Metaspace       used 21211K, capacity 21485K, committed 21808K, reserved 1069056K
  class space    used 2059K, capacity 2137K, committed 2176K, reserved 1048576K
Event: 2764.047 GC heap after
Heap after GC invocations=2206 (full 1):
 PSYoungGen      total 36352K, used 96K [0x000000076ab00000, 0x000000076cf80000, 0x00000007c0000000)
  eden space 35840K, 0% used [0x000000076ab00000,0x000000076ab00000,0x000000076ce00000)
  from space 512K, 18% used [0x000000076ce80000,0x000000076ce98000,0x000000076cf00000)
  to   space 512K, 0% used [0x000000076cf00000,0x000000076cf00000,0x000000076cf80000)
 ParOldGen       total 126976K, used 24604K [0x00000006c0000000, 0x00000006c7c00000, 0x000000076ab00000)
  object space 126976K, 19% used [0x00000006c0000000,0x00000006c1807358,0x00000006c7c00000)
 Metaspace       used 21211K, capacity 21485K, committed 21808K, reserved 1069056K
  class space    used 2059K, capacity 2137K, committed 2176K, reserved 1048576K
}
Event: 2765.300 GC heap before
{Heap before GC invocations=2207 (full 1):
 PSYoungGen      total 36352K, used 35936K [0x000000076ab00000, 0x000000076cf80000, 0x00000007c0000000)
  eden space 35840K, 100% used [0x000000076ab00000,0x000000076ce00000,0x000000076ce00000)
  from space 512K, 18% used [0x000000076ce80000,0x000000076ce98000,0x000000076cf00000)
  to   space 512K, 0% used [0x000000076cf00000,0x000000076cf00000,0x000000076cf80000)
 ParOldGen       total 126976K, used 24604K [0x00000006c0000000, 0x00000006c7c00000, 0x000000076ab00000)
  object space 126976K, 19% used [0x00000006c0000000,0x00000006c1807358,0x00000006c7c00000)
 Metaspace       used 21211K, capacity 21485K, committed 21808K, reserved 1069056K
  class space    used 2059K, capacity 2137K, committed 2176K, reserved 1048576K
Event: 2765.302 GC heap after
Heap after GC invocations=2207 (full 1):
 PSYoungGen      total 36352K, used 96K [0x000000076ab00000, 0x000000076cf80000, 0x00000007c0000000)
  eden space 35840K, 0% used [0x000000076ab00000,0x000000076ab00000,0x000000076ce00000)
  from space 512K, 18% used [0x000000076cf00000,0x000000076cf18000,0x000000076cf80000)
  to   space 512K, 0% used [0x000000076ce80000,0x000000076ce80000,0x000000076cf00000)
 ParOldGen       total 126976K, used 24604K [0x00000006c0000000, 0x00000006c7c00000, 0x000000076ab00000)
  object space 126976K, 19% used [0x00000006c0000000,0x00000006c1807358,0x00000006c7c00000)
 Metaspace       used 21211K, capacity 21485K, committed 21808K, reserved 1069056K
  class space    used 2059K, capacity 2137K, committed 2176K, reserved 1048576K
}
Event: 2767.059 GC heap before
{Heap before GC invocations=2208 (full 1):
 PSYoungGen      total 36352K, used 35936K [0x000000076ab00000, 0x000000076cf80000, 0x00000007c0000000)
  eden space 35840K, 100% used [0x000000076ab00000,0x000000076ce00000,0x000000076ce00000)
  from space 512K, 18% used [0x000000076cf00000,0x000000076cf18000,0x000000076cf80000)
  to   space 512K, 0% used [0x000000076ce80000,0x000000076ce80000,0x000000076cf00000)
 ParOldGen       total 126976K, used 24604K [0x00000006c0000000, 0x00000006c7c00000, 0x000000076ab00000)
  object space 126976K, 19% used [0x00000006c0000000,0x00000006c1807358,0x00000006c7c00000)
 Metaspace       used 21251K, capacity 21485K, committed 21808K, reserved 1069056K
  class space    used 2063K, capacity 2137K, committed 2176K, reserved 1048576K
Event: 2767.060 GC heap after
Heap after GC invocations=2208 (full 1):
 PSYoungGen      total 36352K, used 128K [0x000000076ab00000, 0x000000076cf80000, 0x00000007c0000000)
  eden space 35840K, 0% used [0x000000076ab00000,0x000000076ab00000,0x000000076ce00000)
  from space 512K, 25% used [0x000000076ce80000,0x000000076cea0000,0x000000076cf00000)
  to   space 512K, 0% used [0x000000076cf00000,0x000000076cf00000,0x000000076cf80000)
 ParOldGen       total 126976K, used 24604K [0x00000006c0000000, 0x00000006c7c00000, 0x000000076ab00000)
  object space 126976K, 19% used [0x00000006c0000000,0x00000006c1807358,0x00000006c7c00000)
 Metaspace       used 21251K, capacity 21485K, committed 21808K, reserved 1069056K
  class space    used 2063K, capacity 2137K, committed 2176K, reserved 1048576K
}

Deoptimization events (10 events):
Event: 2767.796 Thread 0x00007fe1b20bd800 Uncommon trap: reason=unstable_if action=reinterpret pc=0x0000000113e54f5c method=java.util.HashMap.putVal(ILjava/lang/Object;Ljava/lang/Object;ZZ)Ljava/lang/Object; @ 81
Event: 2767.796 Thread 0x00007fe1b20bd800 Uncommon trap: reason=unstable_if action=reinterpret pc=0x0000000113d61f1c method=java.util.HashMap.putVal(ILjava/lang/Object;Ljava/lang/Object;ZZ)Ljava/lang/Object; @ 81
Event: 2767.797 Thread 0x00007fe1b2165000 Uncommon trap: reason=class_check action=maybe_recompile pc=0x0000000113c5cbf0 method=java.awt.Component.getGraphics()Ljava/awt/Graphics; @ 114
Event: 2767.801 Thread 0x00007fe1b10af000 Uncommon trap: reason=class_check action=maybe_recompile pc=0x0000000113ffb940 method=com.jogamp.common.util.RunnableTask.run()V @ 24
Event: 2767.801 Thread 0x00007fe1b10af000 Uncommon trap: reason=unstable_if action=reinterpret pc=0x0000000113f3008c method=jogamp.nativewindow.macosx.OSXUtil.RunOnMainThread(ZZLjava/lang/Runnable;)V @ 3
Event: 2767.809 Thread 0x00007fe1b1951800 Uncommon trap: reason=unstable_if action=reinterpret pc=0x00000001140ba330 method=jogamp.opengl.GLContextImpl.release(Z)V @ 161
Event: 2767.811 Thread 0x00007fe1b1951800 Uncommon trap: reason=unstable_if action=reinterpret pc=0x0000000113a2c498 method=java.util.LinkedList$ListItr.<init>(Ljava/util/LinkedList;I)V @ 26
Event: 2767.813 Thread 0x00007fe1b2165000 Uncommon trap: reason=class_check action=maybe_recompile pc=0x0000000113c5cbf0 method=java.awt.Component.getGraphics()Ljava/awt/Graphics; @ 114
Event: 2767.814 Thread 0x00007fe1b80bb000 Uncommon trap: reason=predicate action=maybe_recompile pc=0x0000000113f88c30 method=java.util.Vector.indexOf(Ljava/lang/Object;I)I @ 44
Event: 2767.829 Thread 0x00007fe1b10af000 Uncommon trap: reason=class_check action=maybe_recompile pc=0x0000000113ffb940 method=com.jogamp.common.util.RunnableTask.run()V @ 24

Internal exceptions (10 events):
Event: 0.518 Thread 0x00007fe1b2805800 Exception <a 'java/lang/NoSuchFieldError': method resolution failed> (0x000000076adb4198) thrown at [/Users/java_re/workspace/8-2-build-macosx-x86_64/jdk8u121/8372/hotspot/src/share/vm/prims/methodHandles.cpp, line 1146]
Event: 1.096 Thread 0x00007fe1b2805800 Exception <a 'java/io/FileNotFoundException'> (0x000000076ae2f8c8) thrown at [/Users/java_re/workspace/8-2-build-macosx-x86_64/jdk8u121/8372/hotspot/src/share/vm/prims/jni.cpp, line 709]
Event: 1.097 Thread 0x00007fe1b2805800 Exception <a 'java/io/FileNotFoundException'> (0x000000076ae30430) thrown at [/Users/java_re/workspace/8-2-build-macosx-x86_64/jdk8u121/8372/hotspot/src/share/vm/prims/jni.cpp, line 709]
Event: 1.434 Thread 0x00007fe1b2805800 Exception <a 'java/io/FileNotFoundException'> (0x000000076aec4748) thrown at [/Users/java_re/workspace/8-2-build-macosx-x86_64/jdk8u121/8372/hotspot/src/share/vm/prims/jni.cpp, line 709]
Event: 6.391 Thread 0x00007fe1b21a8000 Exception <a 'java/lang/UnsatisfiedLinkError': com.jogamp.common.util.JarUtil.fixNativeLibAttribs(Ljava/lang/String;)Z> (0x000000076c62b0d0) thrown at [/Users/java_re/workspace/8-2-build-macosx-x86_64/jdk8u121/8372/hotspot/src/share/vm/prims/nativeLookup.
Event: 9.401 Thread 0x00007fe1b1951800 Exception <a 'java/io/FileNotFoundException'> (0x000000076d6b4378) thrown at [/Users/java_re/workspace/8-2-build-macosx-x86_64/jdk8u121/8372/hotspot/src/share/vm/prims/jni.cpp, line 709]
Event: 9.402 Thread 0x00007fe1b1951800 Exception <a 'java/io/FileNotFoundException'> (0x000000076d6ba230) thrown at [/Users/java_re/workspace/8-2-build-macosx-x86_64/jdk8u121/8372/hotspot/src/share/vm/prims/jni.cpp, line 709]
Event: 9.403 Thread 0x00007fe1b1951800 Implicit null exception at 0x00000001139b14b6 to 0x00000001139b1885
Event: 11.026 Thread 0x00007fe1b2828800 Exception <a 'java/lang/NullPointerException'> (0x000000076ad1fcf8) thrown at [/Users/java_re/workspace/8-2-build-macosx-x86_64/jdk8u121/8372/hotspot/src/share/vm/interpreter/linkResolver.cpp, line 1178]
Event: 14.965 Thread 0x00007fe1b1951800 Implicit null exception at 0x0000000113b96106 to 0x0000000113b9634d

Events (10 events):
Event: 2767.813 Thread 0x00007fe1b2165000 DEOPT UNPACKING pc=0x00000001137f6229 sp=0x00007000062c8a10 mode 2
Event: 2767.814 Thread 0x00007fe1b20bd800 Thread exited: 0x00007fe1b20bd800
Event: 2767.814 Thread 0x00007fe1b80bb000 Uncommon trap: trap_request=0xffffff86 fr.pc=0x0000000113f88c30
Event: 2767.814 Thread 0x00007fe1b80bb000 DEOPT PACKING pc=0x0000000113f88c30 sp=0x00007000065d3780
Event: 2767.814 Thread 0x00007fe1b80bb000 DEOPT UNPACKING pc=0x00000001137f6229 sp=0x00007000065d3748 mode 2
Event: 2767.814 loading class java/awt/Window$1DisposeAction
Event: 2767.814 loading class java/awt/Window$1DisposeAction done
Event: 2767.829 Thread 0x00007fe1b10af000 Uncommon trap: trap_request=0xffffffde fr.pc=0x0000000113ffb940
Event: 2767.829 Thread 0x00007fe1b10af000 DEOPT PACKING pc=0x0000000113ffb940 sp=0x00007fff55b1f6f0
Event: 2767.829 Thread 0x00007fe1b10af000 DEOPT UNPACKING pc=0x00000001137f6229 sp=0x00007fff55b1f698 mode 2


Dynamic libraries:
0x000000003a2d0000 	/System/Library/Frameworks/Cocoa.framework/Versions/A/Cocoa
0x000000003a2d0000 	/System/Library/Frameworks/Security.framework/Versions/A/Security
0x000000003a2d0000 	/System/Library/Frameworks/ApplicationServices.framework/Versions/A/ApplicationServices
0x000000003a2d0000 	/usr/lib/libz.1.dylib
0x000000003a2d0000 	/usr/lib/libSystem.B.dylib
0x000000003a2d0000 	/usr/lib/libobjc.A.dylib
0x000000003a2d0000 	/System/Library/Frameworks/CoreFoundation.framework/Versions/A/CoreFoundation
0x000000003a2d0000 	/System/Library/Frameworks/Foundation.framework/Versions/C/Foundation
0x000000003a2d0000 	/System/Library/Frameworks/AppKit.framework/Versions/C/AppKit
0x000000003a2d0000 	/System/Library/Frameworks/CoreData.framework/Versions/A/CoreData
0x000000003a2d0000 	/System/Library/PrivateFrameworks/RemoteViewServices.framework/Versions/A/RemoteViewServices
0x000000003a2d0000 	/System/Library/PrivateFrameworks/UIFoundation.framework/Versions/A/UIFoundation
0x000000003a2d0000 	/System/Library/PrivateFrameworks/DFRFoundation.framework/Versions/A/DFRFoundation
0x000000003a2d0000 	/usr/lib/libenergytrace.dylib
0x000000003a2d0000 	/System/Library/PrivateFrameworks/SkyLight.framework/Versions/A/SkyLight
0x000000003a2d0000 	/System/Library/Frameworks/CoreGraphics.framework/Versions/A/CoreGraphics
0x000000003a2d0000 	/usr/lib/libScreenReader.dylib
0x000000003a2d0000 	/System/Library/Frameworks/Accelerate.framework/Versions/A/Accelerate
0x000000003a2d0000 	/System/Library/Frameworks/IOSurface.framework/Versions/A/IOSurface
0x000000003a2d0000 	/System/Library/Frameworks/AudioToolbox.framework/Versions/A/AudioToolbox
0x000000003a2d0000 	/System/Library/Frameworks/AudioUnit.framework/Versions/A/AudioUnit
0x000000003a2d0000 	/System/Library/PrivateFrameworks/DataDetectorsCore.framework/Versions/A/DataDetectorsCore
0x000000003a2d0000 	/System/Library/PrivateFrameworks/DesktopServicesPriv.framework/Versions/A/DesktopServicesPriv
0x000000003a2d0000 	/System/Library/Frameworks/Carbon.framework/Versions/A/Frameworks/HIToolbox.framework/Versions/A/HIToolbox
0x000000003a2d0000 	/usr/lib/libicucore.A.dylib
0x000000003a2d0000 	/System/Library/Frameworks/QuartzCore.framework/Versions/A/QuartzCore
0x000000003a2d0000 	/System/Library/Frameworks/Carbon.framework/Versions/A/Frameworks/SpeechRecognition.framework/Versions/A/SpeechRecognition
0x000000003a2d0000 	/usr/lib/libauto.dylib
0x000000003a2d0000 	/usr/lib/libxml2.2.dylib
0x000000003a2d0000 	/System/Library/PrivateFrameworks/CoreUI.framework/Versions/A/CoreUI
0x000000003a2d0000 	/System/Library/Frameworks/CoreAudio.framework/Versions/A/CoreAudio
0x000000003a2d0000 	/System/Library/Frameworks/DiskArbitration.framework/Versions/A/DiskArbitration
0x000000003a2d0000 	/usr/lib/liblangid.dylib
0x000000003a2d0000 	/System/Library/PrivateFrameworks/MultitouchSupport.framework/Versions/A/MultitouchSupport
0x000000003a2d0000 	/System/Library/Frameworks/IOKit.framework/Versions/A/IOKit
0x000000003a2d0000 	/usr/lib/libDiagnosticMessagesClient.dylib
0x000000003a2d0000 	/System/Library/Frameworks/CoreServices.framework/Versions/A/CoreServices
0x000000003a2d0000 	/System/Library/PrivateFrameworks/PerformanceAnalysis.framework/Versions/A/PerformanceAnalysis
0x000000003a2d0000 	/System/Library/PrivateFrameworks/GenerationalStorage.framework/Versions/A/GenerationalStorage
0x000000003a2d0000 	/System/Library/Frameworks/OpenGL.framework/Versions/A/OpenGL
0x000000003a2d0000 	/System/Library/Frameworks/CoreImage.framework/Versions/A/CoreImage
0x000000003a2d0000 	/System/Library/Frameworks/CoreText.framework/Versions/A/CoreText
0x000000003a2d0000 	/System/Library/Frameworks/ImageIO.framework/Versions/A/ImageIO
0x000000003a2d0000 	/System/Library/PrivateFrameworks/Backup.framework/Versions/A/Backup
0x000000003a2d0000 	/usr/lib/libarchive.2.dylib
0x000000003a2d0000 	/System/Library/Frameworks/CFNetwork.framework/Versions/A/CFNetwork
0x000000003a2d0000 	/System/Library/Frameworks/SystemConfiguration.framework/Versions/A/SystemConfiguration
0x000000003a2d0000 	/usr/lib/libCRFSuite.dylib
0x000000003a2d0000 	/usr/lib/libc++.1.dylib
0x000000003a2d0000 	/usr/lib/libc++abi.dylib
0x000000003a2d0000 	/usr/lib/system/libcache.dylib
0x000000003a2d0000 	/usr/lib/system/libcommonCrypto.dylib
0x000000003a2d0000 	/usr/lib/system/libcompiler_rt.dylib
0x000000003a2d0000 	/usr/lib/system/libcopyfile.dylib
0x000000003a2d0000 	/usr/lib/system/libcorecrypto.dylib
0x000000003a2d0000 	/usr/lib/system/libdispatch.dylib
0x000000003a2d0000 	/usr/lib/system/libdyld.dylib
0x000000003a2d0000 	/usr/lib/system/libkeymgr.dylib
0x000000003a2d0000 	/usr/lib/system/liblaunch.dylib
0x000000003a2d0000 	/usr/lib/system/libmacho.dylib
0x000000003a2d0000 	/usr/lib/system/libquarantine.dylib
0x000000003a2d0000 	/usr/lib/system/libremovefile.dylib
0x000000003a2d0000 	/usr/lib/system/libsystem_asl.dylib
0x000000003a2d0000 	/usr/lib/system/libsystem_blocks.dylib
0x000000003a2d0000 	/usr/lib/system/libsystem_c.dylib
0x000000003a2d0000 	/usr/lib/system/libsystem_configuration.dylib
0x000000003a2d0000 	/usr/lib/system/libsystem_coreservices.dylib
0x000000003a2d0000 	/usr/lib/system/libsystem_coretls.dylib
0x000000003a2d0000 	/usr/lib/system/libsystem_dnssd.dylib
0x000000003a2d0000 	/usr/lib/system/libsystem_info.dylib
0x000000003a2d0000 	/usr/lib/system/libsystem_kernel.dylib
0x000000003a2d0000 	/usr/lib/system/libsystem_m.dylib
0x000000003a2d0000 	/usr/lib/system/libsystem_malloc.dylib
0x000000003a2d0000 	/usr/lib/system/libsystem_network.dylib
0x000000003a2d0000 	/usr/lib/system/libsystem_networkextension.dylib
0x000000003a2d0000 	/usr/lib/system/libsystem_notify.dylib
0x000000003a2d0000 	/usr/lib/system/libsystem_platform.dylib
0x000000003a2d0000 	/usr/lib/system/libsystem_pthread.dylib
0x000000003a2d0000 	/usr/lib/system/libsystem_sandbox.dylib
0x000000003a2d0000 	/usr/lib/system/libsystem_secinit.dylib
0x000000003a2d0000 	/usr/lib/system/libsystem_symptoms.dylib
0x000000003a2d0000 	/usr/lib/system/libsystem_trace.dylib
0x000000003a2d0000 	/usr/lib/system/libunwind.dylib
0x000000003a2d0000 	/usr/lib/system/libxpc.dylib
0x000000003a2d0000 	/usr/lib/libbsm.0.dylib
0x000000003a2d0000 	/usr/lib/system/libkxld.dylib
0x000000003a2d0000 	/usr/lib/libcoretls.dylib
0x000000003a2d0000 	/usr/lib/libcoretls_cfhelpers.dylib
0x000000003a2d0000 	/usr/lib/libxar.1.dylib
0x000000003a2d0000 	/usr/lib/libsqlite3.dylib
0x000000003a2d0000 	/usr/lib/libpam.2.dylib
0x000000003a2d0000 	/usr/lib/libOpenScriptingUtil.dylib
0x000000003a2d0000 	/usr/lib/libbz2.1.0.dylib
0x000000003a2d0000 	/usr/lib/liblzma.5.dylib
0x000000003a2d0000 	/usr/lib/libnetwork.dylib
0x000000003a2d0000 	/usr/lib/libpcap.A.dylib
0x000000003a2d0000 	/System/Library/Frameworks/CoreServices.framework/Versions/A/Frameworks/FSEvents.framework/Versions/A/FSEvents
0x000000003a2d0000 	/System/Library/Frameworks/CoreServices.framework/Versions/A/Frameworks/CarbonCore.framework/Versions/A/CarbonCore
0x000000003a2d0000 	/System/Library/Frameworks/CoreServices.framework/Versions/A/Frameworks/Metadata.framework/Versions/A/Metadata
0x000000003a2d0000 	/System/Library/Frameworks/CoreServices.framework/Versions/A/Frameworks/OSServices.framework/Versions/A/OSServices
0x000000003a2d0000 	/System/Library/Frameworks/CoreServices.framework/Versions/A/Frameworks/SearchKit.framework/Versions/A/SearchKit
0x000000003a2d0000 	/System/Library/Frameworks/CoreServices.framework/Versions/A/Frameworks/AE.framework/Versions/A/AE
0x000000003a2d0000 	/System/Library/Frameworks/CoreServices.framework/Versions/A/Frameworks/LaunchServices.framework/Versions/A/LaunchServices
0x000000003a2d0000 	/System/Library/Frameworks/CoreServices.framework/Versions/A/Frameworks/DictionaryServices.framework/Versions/A/DictionaryServices
0x000000003a2d0000 	/System/Library/Frameworks/CoreServices.framework/Versions/A/Frameworks/SharedFileList.framework/Versions/A/SharedFileList
0x000000003a2d0000 	/System/Library/Frameworks/NetFS.framework/Versions/A/NetFS
0x000000003a2d0000 	/System/Library/PrivateFrameworks/NetAuth.framework/Versions/A/NetAuth
0x000000003a2d0000 	/System/Library/PrivateFrameworks/login.framework/Versions/A/Frameworks/loginsupport.framework/Versions/A/loginsupport
0x000000003a2d0000 	/System/Library/PrivateFrameworks/TCC.framework/Versions/A/TCC
0x000000003a2d0000 	/usr/lib/libmecabra.dylib
0x000000003a2d0000 	/System/Library/Frameworks/ApplicationServices.framework/Versions/A/Frameworks/ATS.framework/Versions/A/ATS
0x000000003a2d0000 	/System/Library/Frameworks/ApplicationServices.framework/Versions/A/Frameworks/ColorSync.framework/Versions/A/ColorSync
0x000000003a2d0000 	/System/Library/Frameworks/ApplicationServices.framework/Versions/A/Frameworks/HIServices.framework/Versions/A/HIServices
0x000000003a2d0000 	/System/Library/Frameworks/ApplicationServices.framework/Versions/A/Frameworks/LangAnalysis.framework/Versions/A/LangAnalysis
0x000000003a2d0000 	/System/Library/Frameworks/ApplicationServices.framework/Versions/A/Frameworks/PrintCore.framework/Versions/A/PrintCore
0x000000003a2d0000 	/System/Library/Frameworks/ApplicationServices.framework/Versions/A/Frameworks/QD.framework/Versions/A/QD
0x000000003a2d0000 	/System/Library/Frameworks/ApplicationServices.framework/Versions/A/Frameworks/SpeechSynthesis.framework/Versions/A/SpeechSynthesis
0x000000003a2d0000 	/System/Library/Frameworks/Accelerate.framework/Versions/A/Frameworks/vImage.framework/Versions/A/vImage
0x000000003a2d0000 	/System/Library/Frameworks/Accelerate.framework/Versions/A/Frameworks/vecLib.framework/Versions/A/vecLib
0x000000003a2d0000 	/System/Library/Frameworks/Accelerate.framework/Versions/A/Frameworks/vecLib.framework/Versions/A/libvDSP.dylib
0x000000003a2d0000 	/System/Library/Frameworks/Accelerate.framework/Versions/A/Frameworks/vecLib.framework/Versions/A/libBNNS.dylib
0x000000003a2d0000 	/System/Library/Frameworks/Accelerate.framework/Versions/A/Frameworks/vecLib.framework/Versions/A/libQuadrature.dylib
0x000000003a2d0000 	/System/Library/Frameworks/Accelerate.framework/Versions/A/Frameworks/vecLib.framework/Versions/A/libvMisc.dylib
0x000000003a2d0000 	/System/Library/Frameworks/Accelerate.framework/Versions/A/Frameworks/vecLib.framework/Versions/A/libLAPACK.dylib
0x000000003a2d0000 	/System/Library/Frameworks/Accelerate.framework/Versions/A/Frameworks/vecLib.framework/Versions/A/libBLAS.dylib
0x000000003a2d0000 	/System/Library/Frameworks/Accelerate.framework/Versions/A/Frameworks/vecLib.framework/Versions/A/libLinearAlgebra.dylib
0x000000003a2d0000 	/System/Library/Frameworks/Accelerate.framework/Versions/A/Frameworks/vecLib.framework/Versions/A/libSparseBLAS.dylib
0x000000003a2d0000 	/System/Library/Frameworks/ApplicationServices.framework/Versions/A/Frameworks/ATS.framework/Versions/A/Resources/libFontParser.dylib
0x000000003a2d0000 	/System/Library/Frameworks/ApplicationServices.framework/Versions/A/Frameworks/ATS.framework/Versions/A/Resources/libFontRegistry.dylib
0x000000003a2d0000 	/System/Library/Frameworks/ImageIO.framework/Versions/A/Resources/libJPEG.dylib
0x000000003a2d0000 	/System/Library/Frameworks/ImageIO.framework/Versions/A/Resources/libTIFF.dylib
0x000000003a2d0000 	/System/Library/Frameworks/ImageIO.framework/Versions/A/Resources/libPng.dylib
0x000000003a2d0000 	/System/Library/Frameworks/ImageIO.framework/Versions/A/Resources/libGIF.dylib
0x000000003a2d0000 	/System/Library/Frameworks/ImageIO.framework/Versions/A/Resources/libJP2.dylib
0x000000003a2d0000 	/System/Library/Frameworks/ImageIO.framework/Versions/A/Resources/libRadiance.dylib
0x000000003a2d0000 	/usr/lib/libcompression.dylib
0x000000003a2d0000 	/System/Library/PrivateFrameworks/AppleJPEG.framework/Versions/A/AppleJPEG
0x000000003a2d0000 	/usr/lib/libcups.2.dylib
0x000000003a2d0000 	/System/Library/Frameworks/Kerberos.framework/Versions/A/Kerberos
0x000000003a2d0000 	/System/Library/Frameworks/GSS.framework/Versions/A/GSS
0x000000003a2d0000 	/usr/lib/libresolv.9.dylib
0x000000003a2d0000 	/usr/lib/libiconv.2.dylib
0x000000003a2d0000 	/System/Library/PrivateFrameworks/Heimdal.framework/Versions/A/Heimdal
0x000000003a2d0000 	/usr/lib/libheimdal-asn1.dylib
0x000000003a2d0000 	/System/Library/Frameworks/OpenDirectory.framework/Versions/A/OpenDirectory
0x000000003a2d0000 	/System/Library/PrivateFrameworks/CommonAuth.framework/Versions/A/CommonAuth
0x000000003a2d0000 	/System/Library/Frameworks/OpenDirectory.framework/Versions/A/Frameworks/CFOpenDirectory.framework/Versions/A/CFOpenDirectory
0x000000003a2d0000 	/System/Library/Frameworks/SecurityFoundation.framework/Versions/A/SecurityFoundation
0x000000003a2d0000 	/System/Library/PrivateFrameworks/LanguageModeling.framework/Versions/A/LanguageModeling
0x000000003a2d0000 	/usr/lib/libmarisa.dylib
0x000000003a2d0000 	/usr/lib/libChineseTokenizer.dylib
0x000000003a2d0000 	/usr/lib/libcmph.dylib
0x000000003a2d0000 	/System/Library/PrivateFrameworks/CoreEmoji.framework/Versions/A/CoreEmoji
0x000000003a2d0000 	/System/Library/Frameworks/ServiceManagement.framework/Versions/A/ServiceManagement
0x000000003a2d0000 	/usr/lib/libxslt.1.dylib
0x000000003a2d0000 	/System/Library/Frameworks/Carbon.framework/Versions/A/Frameworks/Ink.framework/Versions/A/Ink
0x000000003a2d0000 	/System/Library/PrivateFrameworks/TextureIO.framework/Versions/A/TextureIO
0x000000003a2d0000 	/System/Library/Frameworks/Metal.framework/Versions/A/Metal
0x000000003a2d0000 	/usr/lib/libate.dylib
0x000000003a2d0000 	/System/Library/PrivateFrameworks/GPUCompiler.framework/libmetal_timestamp.dylib
0x000000003a2d0000 	/System/Library/Frameworks/OpenGL.framework/Versions/A/Libraries/libCoreFSCache.dylib
0x000000003a2d0000 	/System/Library/PrivateFrameworks/IOAccelerator.framework/Versions/A/IOAccelerator
0x000000003a2d0000 	/System/Library/Frameworks/CoreVideo.framework/Versions/A/CoreVideo
0x000000003a2d0000 	/usr/lib/libFosl_dynamic.dylib
0x000000003a2d0000 	/System/Library/PrivateFrameworks/MetalPerformanceShaders.framework/Versions/A/MetalPerformanceShaders
0x000000003a2d0000 	/System/Library/PrivateFrameworks/FaceCore.framework/Versions/A/FaceCore
0x000000003a2d0000 	/System/Library/Frameworks/OpenCL.framework/Versions/A/OpenCL
0x000000003a2d0000 	/System/Library/Frameworks/OpenGL.framework/Versions/A/Libraries/libGLU.dylib
0x000000003a2d0000 	/System/Library/Frameworks/OpenGL.framework/Versions/A/Libraries/libGFXShared.dylib
0x000000003a2d0000 	/System/Library/Frameworks/OpenGL.framework/Versions/A/Libraries/libGL.dylib
0x000000003a2d0000 	/System/Library/Frameworks/OpenGL.framework/Versions/A/Libraries/libGLImage.dylib
0x000000003a2d0000 	/System/Library/Frameworks/OpenGL.framework/Versions/A/Libraries/libCVMSPluginSupport.dylib
0x000000003a2d0000 	/System/Library/Frameworks/OpenGL.framework/Versions/A/Libraries/libCoreVMClient.dylib
0x000000003a2d0000 	/System/Library/PrivateFrameworks/CrashReporterSupport.framework/Versions/A/CrashReporterSupport
0x000000003a2d0000 	/System/Library/PrivateFrameworks/Sharing.framework/Versions/A/Sharing
0x000000003a2d0000 	/System/Library/PrivateFrameworks/IconServices.framework/Versions/A/IconServices
0x000000003a2d0000 	/System/Library/PrivateFrameworks/ProtocolBuffer.framework/Versions/A/ProtocolBuffer
0x000000003a2d0000 	/System/Library/PrivateFrameworks/Apple80211.framework/Versions/A/Apple80211
0x000000003a2d0000 	/System/Library/Frameworks/CoreWLAN.framework/Versions/A/CoreWLAN
0x000000003a2d0000 	/System/Library/PrivateFrameworks/CoreUtils.framework/Versions/A/CoreUtils
0x000000003a2d0000 	/System/Library/Frameworks/IOBluetooth.framework/Versions/A/IOBluetooth
0x000000003a2d0000 	/System/Library/PrivateFrameworks/CoreWiFi.framework/Versions/A/CoreWiFi
0x000000003a2d0000 	/System/Library/Frameworks/CoreBluetooth.framework/Versions/A/CoreBluetooth
0x000000003a2d0000 	/System/Library/Frameworks/CoreDisplay.framework/Versions/A/CoreDisplay
0x000000003a2d0000 	/System/Library/PrivateFrameworks/IOPresentment.framework/Versions/A/IOPresentment
0x000000003a2d0000 	/System/Library/PrivateFrameworks/DebugSymbols.framework/Versions/A/DebugSymbols
0x000000003a2d0000 	/System/Library/PrivateFrameworks/CoreSymbolication.framework/Versions/A/CoreSymbolication
0x000000003a2d0000 	/System/Library/PrivateFrameworks/Symbolication.framework/Versions/A/Symbolication
0x000000003a2d0000 	/System/Library/PrivateFrameworks/AppleFSCompression.framework/Versions/A/AppleFSCompression
0x000000003a2d0000 	/System/Library/PrivateFrameworks/SpeechRecognitionCore.framework/Versions/A/SpeechRecognitionCore
0x000000003a2d0000 	/System/Library/PrivateFrameworks/ChunkingLibrary.framework/Versions/A/ChunkingLibrary
0x000000010aa00000 	/Library/Java/JavaVirtualMachines/jdk1.8.0_121.jdk/Contents/Home/jre/lib/server/libjvm.dylib
0x000000003a2d0000 	/usr/lib/libstdc++.6.dylib
0x000000010a159000 	/Library/Java/JavaVirtualMachines/jdk1.8.0_121.jdk/Contents/Home/jre/lib/libverify.dylib
0x000000010a167000 	/Library/Java/JavaVirtualMachines/jdk1.8.0_121.jdk/Contents/Home/jre/lib/libjava.dylib
0x000000010a1a6000 	/Library/Java/JavaVirtualMachines/jdk1.8.0_121.jdk/Contents/Home/jre/lib/libzip.dylib
0x000000010ed88000 	/System/Library/Frameworks/JavaVM.framework/Frameworks/JavaRuntimeSupport.framework/JavaRuntimeSupport
0x000000010eda2000 	/System/Library/Frameworks/JavaVM.framework/Versions/A/Frameworks/JavaNativeFoundation.framework/Versions/A/JavaNativeFoundation
0x000000010edb7000 	/System/Library/Frameworks/JavaVM.framework/Versions/A/JavaVM
0x000000003a2d0000 	/System/Library/Frameworks/Carbon.framework/Versions/A/Carbon
0x000000010edc4000 	/System/Library/PrivateFrameworks/JavaLaunching.framework/Versions/A/JavaLaunching
0x000000003a2d0000 	/System/Library/Frameworks/Carbon.framework/Versions/A/Frameworks/CommonPanels.framework/Versions/A/CommonPanels
0x000000003a2d0000 	/System/Library/Frameworks/Carbon.framework/Versions/A/Frameworks/Help.framework/Versions/A/Help
0x000000003a2d0000 	/System/Library/Frameworks/Carbon.framework/Versions/A/Frameworks/ImageCapture.framework/Versions/A/ImageCapture
0x000000003a2d0000 	/System/Library/Frameworks/Carbon.framework/Versions/A/Frameworks/OpenScripting.framework/Versions/A/OpenScripting
0x000000003a2d0000 	/System/Library/Frameworks/Carbon.framework/Versions/A/Frameworks/Print.framework/Versions/A/Print
0x000000003a2d0000 	/System/Library/Frameworks/Carbon.framework/Versions/A/Frameworks/SecurityHI.framework/Versions/A/SecurityHI
0x00000001106d2000 	/Library/Java/JavaVirtualMachines/jdk1.8.0_121.jdk/Contents/Home/jre/lib/libawt.dylib
0x000000011077a000 	/Library/Java/JavaVirtualMachines/jdk1.8.0_121.jdk/Contents/Home/jre/lib/./libmlib_image.dylib
0x0000000110846000 	/Library/Java/JavaVirtualMachines/jdk1.8.0_121.jdk/Contents/Home/jre/lib/libawt_lwawt.dylib
0x00000001108fd000 	/Library/Java/JavaVirtualMachines/jdk1.8.0_121.jdk/Contents/Home/jre/lib/./libosxapp.dylib
0x000000003a2d0000 	/System/Library/Frameworks/ExceptionHandling.framework/Versions/A/ExceptionHandling
0x000000003a2d0000 	/System/Library/PrivateFrameworks/CoreServicesInternal.framework/Versions/A/CoreServicesInternal
0x000000003a2d0000 	/System/Library/CoreServices/RawCamera.bundle/Contents/MacOS/RawCamera
0x000000003a2d0000 	/System/Library/Frameworks/Accelerate.framework/Versions/A/Frameworks/vImage.framework/Versions/A/Libraries/libCGInterfaces.dylib
0x000000003a2d0000 	/System/Library/Frameworks/ApplicationServices.framework/Versions/A/Frameworks/ATS.framework/Versions/A/Resources/libTrueTypeScaler.dylib
0x000000003a2d0000 	/System/Library/Frameworks/OpenGL.framework/Versions/A/Resources/GLEngine.bundle/GLEngine
0x000000003a2d0000 	/System/Library/Frameworks/OpenGL.framework/Versions/A/Libraries/libGLProgrammability.dylib
0x0000000112672000 	/System/Library/Extensions/AppleIntelSKLGraphicsGLDriver.bundle/Contents/MacOS/AppleIntelSKLGraphicsGLDriver
0x000000003a2d0000 	/System/Library/PrivateFrameworks/GPUSupport.framework/Versions/A/Libraries/libGPUSupportMercury.dylib
0x000000003a2d0000 	/System/Library/Frameworks/OpenGL.framework/Versions/A/Resources/GLRendererFloat.bundle/GLRendererFloat
0x000000003a2d0000 	/System/Library/Frameworks/OpenCL.framework/Versions/A/Libraries/libcldcpuengine.dylib
0x000000003a2d0000 	/usr/lib/libcrypto.0.9.8.dylib
0x000000003a2d0000 	/System/Library/PrivateFrameworks/TrustEvaluationAgent.framework/Versions/A/TrustEvaluationAgent
0x0000000113420000 	/System/Library/Extensions/AppleIntelSKLGraphicsMTLDriver.bundle/Contents/MacOS/AppleIntelSKLGraphicsMTLDriver
0x000000003a2d0000 	/System/Library/PrivateFrameworks/FamilyControls.framework/Versions/A/FamilyControls
0x000000003a2d0000 	/System/Library/PrivateFrameworks/CommerceKit.framework/Versions/A/Frameworks/CommerceCore.framework/Versions/A/CommerceCore
0x000000003a2d0000 	/System/Library/PrivateFrameworks/SystemAdministration.framework/Versions/A/SystemAdministration
0x000000003a2d0000 	/System/Library/PrivateFrameworks/AppContainer.framework/Versions/A/AppContainer
0x000000003a2d0000 	/System/Library/PrivateFrameworks/SecCodeWrapper.framework/Versions/A/SecCodeWrapper
0x000000003a2d0000 	/System/Library/Frameworks/DirectoryService.framework/Versions/A/DirectoryService
0x000000003a2d0000 	/System/Library/PrivateFrameworks/DiskImages.framework/Versions/A/DiskImages
0x000000003a2d0000 	/System/Library/PrivateFrameworks/LoginUIKit.framework/Versions/A/Frameworks/LoginUICore.framework/Versions/A/LoginUICore
0x000000003a2d0000 	/usr/lib/libCoreStorage.dylib
0x000000003a2d0000 	/usr/lib/libcsfde.dylib
0x000000003a2d0000 	/usr/lib/libodfde.dylib
0x000000003a2d0000 	/System/Library/Frameworks/DiscRecording.framework/Versions/A/DiscRecording
0x000000003a2d0000 	/usr/lib/libcurl.4.dylib
0x000000003a2d0000 	/System/Library/PrivateFrameworks/MediaKit.framework/Versions/A/MediaKit
0x000000003a2d0000 	/System/Library/PrivateFrameworks/ProtectedCloudStorage.framework/Versions/A/ProtectedCloudStorage
0x000000003a2d0000 	/System/Library/PrivateFrameworks/EFILogin.framework/Versions/A/EFILogin
0x000000003a2d0000 	/usr/lib/libutil.dylib
0x000000003a2d0000 	/System/Library/Frameworks/LDAP.framework/Versions/A/LDAP
0x000000003a2d0000 	/usr/lib/libsasl2.2.dylib
0x000000003a2d0000 	/System/Library/PrivateFrameworks/CoreDaemon.framework/Versions/B/CoreDaemon
0x000000003a2d0000 	/System/Library/PrivateFrameworks/AppleSRP.framework/Versions/A/AppleSRP
0x000000003a2d0000 	/System/Library/PrivateFrameworks/APFS.framework/Versions/A/APFS
0x000000012c371000 	/Library/Java/JavaVirtualMachines/jdk1.8.0_121.jdk/Contents/Home/jre/lib/libfontmanager.dylib
0x000000003a2d0000 	/System/Library/PrivateFrameworks/ViewBridge.framework/Versions/A/ViewBridge
0x000000003a2d0000 	/System/Library/PrivateFrameworks/XPCService.framework/Versions/A/XPCService
0x000000003a2d0000 	/System/Library/PrivateFrameworks/AppSandbox.framework/Versions/A/AppSandbox
0x000000003a2d0000 	/usr/lib/libsandbox.1.dylib
0x000000003a2d0000 	/usr/lib/libMatch.1.dylib
0x000000012d7e3000 	/Library/Java/JavaVirtualMachines/jdk1.8.0_121.jdk/Contents/Home/jre/lib/libosxui.dylib
0x000000012e50f000 	/Library/Java/JavaVirtualMachines/jdk1.8.0_121.jdk/Contents/Home/jre/lib/libnet.dylib
0x000000012e526000 	/Library/Java/JavaVirtualMachines/jdk1.8.0_121.jdk/Contents/Home/jre/lib/libnio.dylib
0x000000012d4ad000 	/private/var/folders/4_/yrvtrwb51qjbq8pt86jb9j9m0000gn/T/jogamp_0000/file_cache/jln7173517471708613626/jln7044949759753581272/libgluegen-rt.jnilib
0x000000012d512000 	/private/var/folders/4_/yrvtrwb51qjbq8pt86jb9j9m0000gn/T/jogamp_0000/file_cache/jln7173517471708613626/jln7044949759753581272/libnativewindow_awt.jnilib
0x000000012d515000 	/Library/Java/JavaVirtualMachines/jdk1.8.0_121.jdk/Contents/Home/jre/lib/libjawt.dylib
0x000000012d563000 	/private/var/folders/4_/yrvtrwb51qjbq8pt86jb9j9m0000gn/T/jogamp_0000/file_cache/jln7173517471708613626/jln7044949759753581272/libnativewindow_macosx.jnilib
0x0000000196cf4000 	/private/var/folders/4_/yrvtrwb51qjbq8pt86jb9j9m0000gn/T/jogamp_0000/file_cache/jln7173517471708613626/jln7044949759753581272/libjogl_desktop.jnilib
0x00000001a3470000 	/Library/Java/JavaVirtualMachines/jdk1.8.0_121.jdk/Contents/Home/jre/lib/libt2k.dylib

VM Arguments:
jvm_args: -Djava.security.policy=java.policy.applet -Dfile.encoding=UTF-8 
java_command: sun.applet.AppletViewer module6.EarthquakeCityMap1489971728188.html
java_class_path (initial): /Users/evelyn/Downloads/UCSDUnfoldingMaps/build:/Users/evelyn/Downloads/UCSDUnfoldingMaps/lib/core.jar:/Users/evelyn/Downloads/UCSDUnfoldingMaps/lib/gluegen-rt.jar:/Users/evelyn/Downloads/UCSDUnfoldingMaps/lib/jogl-all.jar:/Users/evelyn/Downloads/UCSDUnfoldingMaps/lib/log4j-1.2.15.jar:/Users/evelyn/Downloads/UCSDUnfoldingMaps/lib/sqlite-jdbc-3.7.2.jar:/Users/evelyn/Downloads/UCSDUnfoldingMaps/lib/json4processing.jar:/Users/evelyn/Downloads/UCSDUnfoldingMaps/lib/libTUIO.jar:/Users/evelyn/Downloads/UCSDUnfoldingMaps/lib/unfolding.0.9.7-uscd.jar
Launcher Type: SUN_STANDARD

Environment Variables:
PATH=/usr/bin:/bin:/usr/sbin:/sbin
SHELL=/bin/bash

Signal Handlers:
SIGSEGV: [libjvm.dylib+0x5b1141], sa_mask[0]=11111111011111110111111111111111, sa_flags=SA_ONSTACK|SA_RESTART|SA_SIGINFO
SIGBUS: [libjvm.dylib+0x5b1141], sa_mask[0]=11111111011111110111111111111111, sa_flags=SA_RESTART|SA_SIGINFO
SIGFPE: [libjvm.dylib+0x487bc4], sa_mask[0]=11111111011111110111111111111111, sa_flags=SA_RESTART|SA_SIGINFO
SIGPIPE: [libjvm.dylib+0x487bc4], sa_mask[0]=11111111011111110111111111111111, sa_flags=SA_RESTART|SA_SIGINFO
SIGXFSZ: [libjvm.dylib+0x487bc4], sa_mask[0]=11111111011111110111111111111111, sa_flags=SA_RESTART|SA_SIGINFO
SIGILL: [libjvm.dylib+0x487bc4], sa_mask[0]=11111111011111110111111111111111, sa_flags=SA_RESTART|SA_SIGINFO
SIGUSR1: SIG_DFL, sa_mask[0]=00000000000000000000000000000000, sa_flags=none
SIGUSR2: [libjvm.dylib+0x4876e2], sa_mask[0]=00100000000000000000000000000000, sa_flags=SA_RESTART|SA_SIGINFO
SIGHUP: [libjvm.dylib+0x485cb9], sa_mask[0]=11111111011111110111111111111111, sa_flags=SA_RESTART|SA_SIGINFO
SIGINT: [libjvm.dylib+0x485cb9], sa_mask[0]=11111111011111110111111111111111, sa_flags=SA_RESTART|SA_SIGINFO
SIGTERM: [libjvm.dylib+0x485cb9], sa_mask[0]=11111111011111110111111111111111, sa_flags=SA_RESTART|SA_SIGINFO
SIGQUIT: [libjvm.dylib+0x485cb9], sa_mask[0]=11111111011111110111111111111111, sa_flags=SA_RESTART|SA_SIGINFO


---------------  S Y S T E M  ---------------

OS:Bsduname:Darwin 16.4.0 Darwin Kernel Version 16.4.0: Thu Dec 22 22:53:21 PST 2016; root:xnu-3789.41.3~3/RELEASE_X86_64 x86_64
rlimit: STACK 8192k, CORE 0k, NPROC 709, NOFILE 10240, AS infinity
load average:4.76 4.47 4.44

CPU:total 4 (2 cores per cpu, 2 threads per core) family 6 model 78 stepping 3, cmov, cx8, fxsr, mmx, sse, sse2, sse3, ssse3, sse4.1, sse4.2, popcnt, avx, avx2, aes, clmul, erms, 3dnowpref, lzcnt, ht, tsc, tscinvbit, bmi1, bmi2, adx

Memory: 4k page, physical 16777216k(3302876k free)

/proc/meminfo:


vm_info: Java HotSpot(TM) 64-Bit Server VM (25.121-b13) for bsd-amd64 JRE (1.8.0_121-b13), built on Dec 12 2016 20:39:32 by "java_re" with gcc 4.2.1 (Based on Apple Inc. build 5658) (LLVM build 2336.11.00)

time: Mon Mar 20 15:16:27 2017
elapsed time: 2767 seconds (0d 0h 46m 7s)

